[3.472s] Invoking command in '/home/jetson/senton_ws/build/mouse_teleop': PYTHONPATH=/home/jetson/senton_ws/build/mouse_teleop/prefix_override:/usr/lib/python3/dist-packages/colcon_core/task/python/colcon_distutils_commands:/home/jetson/senton_ws/install/mouse_teleop/lib/python3.8/site-packages:${PYTHONPATH} /usr/bin/python3 -W ignore:setup.py install is deprecated setup.py develop --editable --build-directory /home/jetson/senton_ws/build/mouse_teleop/build --no-deps symlink_data --force
[4.169s] running develop
[4.783s] running egg_info
[4.784s] writing mouse_teleop.egg-info/PKG-INFO
[4.786s] writing dependency_links to mouse_teleop.egg-info/dependency_links.txt
[4.787s] writing entry points to mouse_teleop.egg-info/entry_points.txt
[4.788s] writing requirements to mouse_teleop.egg-info/requires.txt
[4.789s] writing top-level names to mouse_teleop.egg-info/top_level.txt
[4.888s] reading manifest file 'mouse_teleop.egg-info/SOURCES.txt'
[4.890s] writing manifest file 'mouse_teleop.egg-info/SOURCES.txt'
[4.983s] running build_ext
[4.985s] Creating /home/jetson/senton_ws/install/mouse_teleop/lib/python3.8/site-packages/site.py
[4.991s] Creating /home/jetson/senton_ws/install/mouse_teleop/lib/python3.8/site-packages/mouse-teleop.egg-link (link to .)
[4.994s] Installing mouse_teleop script to /home/jetson/senton_ws/install/mouse_teleop/lib/mouse_teleop
[4.996s] 
[4.996s] Installed /home/jetson/senton_ws/build/mouse_teleop
[4.997s] running symlink_data
[4.999s] symbolically linking /home/jetson/senton_ws/build/mouse_teleop/package.xml -> /home/jetson/senton_ws/install/mouse_teleop/share/mouse_teleop
[4.999s] symbolically linking /home/jetson/senton_ws/build/mouse_teleop/config/mouse_teleop.yaml -> /home/jetson/senton_ws/install/mouse_teleop/share/mouse_teleop/config
[5.000s] symbolically linking /home/jetson/senton_ws/build/mouse_teleop/launch/mouse_teleop.launch.py -> /home/jetson/senton_ws/install/mouse_teleop/share/mouse_teleop/launch
[5.001s] symbolically linking /home/jetson/senton_ws/build/mouse_teleop/resource/mouse_teleop -> /home/jetson/senton_ws/install/mouse_teleop/share/ament_index/resource_index/packages
[5.147s] Invoked command in '/home/jetson/senton_ws/build/mouse_teleop' returned '0': PYTHONPATH=/home/jetson/senton_ws/build/mouse_teleop/prefix_override:/usr/lib/python3/dist-packages/colcon_core/task/python/colcon_distutils_commands:/home/jetson/senton_ws/install/mouse_teleop/lib/python3.8/site-packages:${PYTHONPATH} /usr/bin/python3 -W ignore:setup.py install is deprecated setup.py develop --editable --build-directory /home/jetson/senton_ws/build/mouse_teleop/build --no-deps symlink_data --force
