[0.142s] Invoking command in '/home/jetson/senton_ws/build/teleop_tools_msgs': CMAKE_PREFIX_PATH=${CMAKE_PREFIX_PATH}:/home/jetson/senton_ws/install/f1tenth_stack:/home/jetson/senton_ws/install/joy_teleop:/home/jetson/senton_ws/install/mouse_teleop:/home/jetson/senton_ws/install/key_teleop:/opt/ros/foxy /usr/bin/cmake /home/jetson/senton_ws/src/f1tenth_system/teleop_tools/teleop_tools_msgs -DAMENT_CMAKE_SYMLINK_INSTALL=1 -DCMAKE_INSTALL_PREFIX=/home/jetson/senton_ws/install/teleop_tools_msgs
[1.764s] -- The C compiler identification is GNU 9.4.0
[1.764s] -- The CXX compiler identification is GNU 9.4.0
[1.764s] -- Check for working C compiler: /usr/bin/cc
[1.764s] -- Check for working C compiler: /usr/bin/cc -- works
[1.764s] -- Detecting C compiler ABI info
[1.764s] -- Detecting C compiler ABI info - done
[1.764s] -- Detecting C compile features
[1.765s] -- Detecting C compile features - done
[1.765s] -- Check for working CXX compiler: /usr/bin/c++
[1.765s] -- Check for working CXX compiler: /usr/bin/c++ -- works
[1.765s] -- Detecting CXX compiler ABI info
[1.766s] -- Detecting CXX compiler ABI info - done
[1.766s] -- Detecting CXX compile features
[1.766s] -- Detecting CXX compile features - done
[1.766s] -- Found ament_cmake: 0.9.12 (/opt/ros/foxy/share/ament_cmake/cmake)
[1.884s] -- Found PythonInterp: /usr/bin/python3 (found suitable version "3.8.10", minimum required is "3") 
[1.884s] -- Using PYTHON_EXECUTABLE: /usr/bin/python3
[2.626s] -- Override CMake install command with custom implementation using symlinks instead of copying resources
[2.700s] -- Found rosidl_default_generators: 1.0.1 (/opt/ros/foxy/share/rosidl_default_generators/cmake)
[2.727s] -- Using all available rosidl_typesupport_c: rosidl_typesupport_fastrtps_c;rosidl_typesupport_introspection_c
[2.767s] -- Found rosidl_adapter: 1.3.1 (/opt/ros/foxy/share/rosidl_adapter/cmake)
[3.199s] -- Found OpenSSL: /usr/lib/aarch64-linux-gnu/libcrypto.so (found version "1.1.1f")  
[3.295s] -- Found FastRTPS: /opt/ros/foxy/include  
[3.508s] -- Using all available rosidl_typesupport_cpp: rosidl_typesupport_fastrtps_cpp;rosidl_typesupport_introspection_cpp
[3.593s] -- Found ament_lint_auto: 0.9.8 (/opt/ros/foxy/share/ament_lint_auto/cmake)
[3.935s] -- Found PythonInterp: /usr/bin/python3 (found version "3.8.10") 
[4.460s] -- Found ament_cmake_ros: 0.9.2 (/opt/ros/foxy/share/ament_cmake_ros/cmake)
[5.012s] -- Using all available rosidl_typesupport_c: rosidl_typesupport_fastrtps_c;rosidl_typesupport_introspection_c
[5.123s] -- Using all available rosidl_typesupport_cpp: rosidl_typesupport_fastrtps_cpp;rosidl_typesupport_introspection_cpp
[5.243s] -- Found PythonInterp: /usr/bin/python3 (found suitable version "3.8.10", minimum required is "3.5") 
[5.258s] -- Found python_cmake_module: 0.8.1 (/opt/ros/foxy/share/python_cmake_module/cmake)
[5.361s] -- Found PythonLibs: /usr/lib/aarch64-linux-gnu/libpython3.8.so (found suitable version "3.8.10", minimum required is "3.5") 
[5.362s] -- Using PYTHON_EXECUTABLE: /usr/bin/python3
[5.363s] -- Using PYTHON_INCLUDE_DIRS: /usr/include/python3.8
[5.363s] -- Using PYTHON_LIBRARIES: /usr/lib/aarch64-linux-gnu/libpython3.8.so
[5.472s] -- Found PythonExtra: .so  
[5.781s] -- Added test 'copyright' to check source files copyright and LICENSE
[5.802s] -- Added test 'lint_cmake' to check CMake code style
[5.806s] -- Added test 'xmllint' to check XML markup files
[5.899s] -- Configuring done
[6.192s] -- Generating done
[6.202s] -- Build files have been written to: /home/jetson/senton_ws/build/teleop_tools_msgs
[6.252s] Invoked command in '/home/jetson/senton_ws/build/teleop_tools_msgs' returned '0': CMAKE_PREFIX_PATH=${CMAKE_PREFIX_PATH}:/home/jetson/senton_ws/install/f1tenth_stack:/home/jetson/senton_ws/install/joy_teleop:/home/jetson/senton_ws/install/mouse_teleop:/home/jetson/senton_ws/install/key_teleop:/opt/ros/foxy /usr/bin/cmake /home/jetson/senton_ws/src/f1tenth_system/teleop_tools/teleop_tools_msgs -DAMENT_CMAKE_SYMLINK_INSTALL=1 -DCMAKE_INSTALL_PREFIX=/home/jetson/senton_ws/install/teleop_tools_msgs
[6.258s] Invoking command in '/home/jetson/senton_ws/build/teleop_tools_msgs': CMAKE_PREFIX_PATH=${CMAKE_PREFIX_PATH}:/home/jetson/senton_ws/install/f1tenth_stack:/home/jetson/senton_ws/install/joy_teleop:/home/jetson/senton_ws/install/mouse_teleop:/home/jetson/senton_ws/install/key_teleop:/opt/ros/foxy /usr/bin/cmake --build /home/jetson/senton_ws/build/teleop_tools_msgs -- -j6 -l6
[6.755s] [35m[1mScanning dependencies of target teleop_tools_msgs__cpp[0m
[6.755s] [  3%] [34m[1mGenerating C code for ROS interfaces[0m
[6.755s] [  6%] [34m[1mGenerating C++ code for ROS interfaces[0m
[9.170s] [  6%] Built target teleop_tools_msgs__cpp
[9.373s] [  9%] [34m[1mGenerating C++ type support dispatch for ROS interfaces[0m
[9.425s] [ 12%] [34m[1mGenerating C++ introspection for ROS interfaces[0m
[9.539s] [ 16%] [34m[1mGenerating C++ type support for eProsima Fast-RTPS[0m
[9.664s] [35m[1mScanning dependencies of target teleop_tools_msgs__rosidl_generator_c[0m
[9.781s] [ 19%] [32mBuilding C object CMakeFiles/teleop_tools_msgs__rosidl_generator_c.dir/rosidl_generator_c/teleop_tools_msgs/action/detail/increment__functions.c.o[0m
[11.104s] [ 22%] [32m[1mLinking C shared library libteleop_tools_msgs__rosidl_generator_c.so[0m
[11.651s] [ 22%] Built target teleop_tools_msgs__rosidl_generator_c
[11.745s] [ 25%] [34m[1mGenerating C introspection for ROS interfaces[0m
[11.760s] [35m[1mScanning dependencies of target teleop_tools_msgs__rosidl_typesupport_fastrtps_cpp[0m
[11.888s] [ 29%] [34m[1mGenerating C type support dispatch for ROS interfaces[0m
[12.161s] [ 32%] [32mBuilding CXX object CMakeFiles/teleop_tools_msgs__rosidl_typesupport_fastrtps_cpp.dir/rosidl_typesupport_fastrtps_cpp/teleop_tools_msgs/action/detail/dds_fastrtps/increment__type_support.cpp.o[0m
[12.204s] [35m[1mScanning dependencies of target teleop_tools_msgs__rosidl_typesupport_cpp[0m
[12.432s] [35m[1mScanning dependencies of target teleop_tools_msgs__rosidl_typesupport_introspection_cpp[0m
[12.491s] [ 35%] [32mBuilding CXX object CMakeFiles/teleop_tools_msgs__rosidl_typesupport_cpp.dir/rosidl_typesupport_cpp/teleop_tools_msgs/action/increment__type_support.cpp.o[0m
[12.586s] [ 38%] [32mBuilding CXX object CMakeFiles/teleop_tools_msgs__rosidl_typesupport_introspection_cpp.dir/rosidl_typesupport_introspection_cpp/teleop_tools_msgs/action/detail/increment__type_support.cpp.o[0m
[15.459s] [35m[1mScanning dependencies of target teleop_tools_msgs__rosidl_typesupport_c[0m
[15.667s] [ 41%] [32mBuilding CXX object CMakeFiles/teleop_tools_msgs__rosidl_typesupport_c.dir/rosidl_typesupport_c/teleop_tools_msgs/action/increment__type_support.cpp.o[0m
[15.950s] [35m[1mScanning dependencies of target teleop_tools_msgs__rosidl_typesupport_introspection_c[0m
[16.091s] [ 45%] [32m[1mLinking CXX shared library libteleop_tools_msgs__rosidl_typesupport_introspection_cpp.so[0m
[16.214s] [ 48%] [32mBuilding C object CMakeFiles/teleop_tools_msgs__rosidl_typesupport_introspection_c.dir/rosidl_typesupport_introspection_c/teleop_tools_msgs/action/detail/increment__type_support.c.o[0m
[16.422s] [ 51%] [32m[1mLinking CXX shared library libteleop_tools_msgs__rosidl_typesupport_c.so[0m
[16.621s] [ 54%] [32m[1mLinking CXX shared library libteleop_tools_msgs__rosidl_typesupport_cpp.so[0m
[16.623s] [ 58%] [32m[1mLinking C shared library libteleop_tools_msgs__rosidl_typesupport_introspection_c.so[0m
[16.808s] [ 58%] Built target teleop_tools_msgs__rosidl_typesupport_c
[16.979s] [ 58%] Built target teleop_tools_msgs__rosidl_typesupport_introspection_c
[17.057s] [ 58%] Built target teleop_tools_msgs__rosidl_typesupport_introspection_cpp
[17.068s] [ 58%] Built target teleop_tools_msgs__rosidl_typesupport_cpp
[19.226s] [ 61%] [32m[1mLinking CXX shared library libteleop_tools_msgs__rosidl_typesupport_fastrtps_cpp.so[0m
[19.901s] [ 61%] Built target teleop_tools_msgs__rosidl_typesupport_fastrtps_cpp
[20.083s] [ 64%] [34m[1mGenerating C type support for eProsima Fast-RTPS[0m
[22.853s] [35m[1mScanning dependencies of target teleop_tools_msgs__rosidl_typesupport_fastrtps_c[0m
[24.033s] [ 67%] [32mBuilding CXX object CMakeFiles/teleop_tools_msgs__rosidl_typesupport_fastrtps_c.dir/rosidl_typesupport_fastrtps_c/teleop_tools_msgs/action/detail/increment__type_support_c.cpp.o[0m
[25.674s] [ 70%] [32m[1mLinking CXX shared library libteleop_tools_msgs__rosidl_typesupport_fastrtps_c.so[0m
[26.127s] [ 70%] Built target teleop_tools_msgs__rosidl_typesupport_fastrtps_c
[26.224s] [35m[1mScanning dependencies of target teleop_tools_msgs[0m
[26.325s] [ 70%] Built target teleop_tools_msgs
[26.393s] [35m[1mScanning dependencies of target teleop_tools_msgs__py[0m
[26.466s] [ 74%] [34m[1mGenerating Python code for ROS interfaces[0m
[30.006s] [ 74%] Built target teleop_tools_msgs__py
[30.089s] [35m[1mScanning dependencies of target teleop_tools_msgs__python[0m
[30.506s] [ 77%] [32mBuilding C object CMakeFiles/teleop_tools_msgs__python.dir/rosidl_generator_py/teleop_tools_msgs/action/_increment_s.c.o[0m
[31.244s] [ 80%] [32m[1mLinking C shared library rosidl_generator_py/teleop_tools_msgs/libteleop_tools_msgs__python.so[0m
[31.471s] [ 80%] Built target teleop_tools_msgs__python
[31.640s] [35m[1mScanning dependencies of target teleop_tools_msgs__rosidl_typesupport_c__pyext[0m
[33.961s] [ 83%] [32mBuilding C object CMakeFiles/teleop_tools_msgs__rosidl_typesupport_c__pyext.dir/rosidl_generator_py/teleop_tools_msgs/_teleop_tools_msgs_s.ep.rosidl_typesupport_c.c.o[0m
[37.847s] [ 87%] [32m[1mLinking C shared library rosidl_generator_py/teleop_tools_msgs/teleop_tools_msgs_s__rosidl_typesupport_c.cpython-38-aarch64-linux-gnu.so[0m
[37.878s] [ 87%] Built target teleop_tools_msgs__rosidl_typesupport_c__pyext
[37.927s] [35m[1mScanning dependencies of target teleop_tools_msgs__rosidl_typesupport_fastrtps_c__pyext[0m
[38.225s] [ 90%] [32mBuilding C object CMakeFiles/teleop_tools_msgs__rosidl_typesupport_fastrtps_c__pyext.dir/rosidl_generator_py/teleop_tools_msgs/_teleop_tools_msgs_s.ep.rosidl_typesupport_fastrtps_c.c.o[0m
[38.699s] [ 93%] [32m[1mLinking CXX shared library rosidl_generator_py/teleop_tools_msgs/teleop_tools_msgs_s__rosidl_typesupport_fastrtps_c.cpython-38-aarch64-linux-gnu.so[0m
[39.280s] [ 93%] Built target teleop_tools_msgs__rosidl_typesupport_fastrtps_c__pyext
[39.379s] [35m[1mScanning dependencies of target teleop_tools_msgs__rosidl_typesupport_introspection_c__pyext[0m
[39.551s] [ 96%] [32mBuilding C object CMakeFiles/teleop_tools_msgs__rosidl_typesupport_introspection_c__pyext.dir/rosidl_generator_py/teleop_tools_msgs/_teleop_tools_msgs_s.ep.rosidl_typesupport_introspection_c.c.o[0m
[40.269s] [100%] [32m[1mLinking C shared library rosidl_generator_py/teleop_tools_msgs/teleop_tools_msgs_s__rosidl_typesupport_introspection_c.cpython-38-aarch64-linux-gnu.so[0m
[40.460s] [100%] Built target teleop_tools_msgs__rosidl_typesupport_introspection_c__pyext
[40.728s] Invoked command in '/home/jetson/senton_ws/build/teleop_tools_msgs' returned '0': CMAKE_PREFIX_PATH=${CMAKE_PREFIX_PATH}:/home/jetson/senton_ws/install/f1tenth_stack:/home/jetson/senton_ws/install/joy_teleop:/home/jetson/senton_ws/install/mouse_teleop:/home/jetson/senton_ws/install/key_teleop:/opt/ros/foxy /usr/bin/cmake --build /home/jetson/senton_ws/build/teleop_tools_msgs -- -j6 -l6
[41.105s] Invoking command in '/home/jetson/senton_ws/build/teleop_tools_msgs': CMAKE_PREFIX_PATH=${CMAKE_PREFIX_PATH}:/home/jetson/senton_ws/install/f1tenth_stack:/home/jetson/senton_ws/install/joy_teleop:/home/jetson/senton_ws/install/mouse_teleop:/home/jetson/senton_ws/install/key_teleop:/opt/ros/foxy /usr/bin/cmake --install /home/jetson/senton_ws/build/teleop_tools_msgs
[57.822s] -- Install configuration: ""
[57.829s] -- Execute custom install script
[57.829s] -- Symlinking: /home/jetson/senton_ws/install/teleop_tools_msgs/share/ament_index/resource_index/rosidl_interfaces/teleop_tools_msgs
[57.829s] -- Symlinking: /home/jetson/senton_ws/install/teleop_tools_msgs/include/teleop_tools_msgs/action/detail/increment__functions.h
[57.829s] -- Symlinking: /home/jetson/senton_ws/install/teleop_tools_msgs/include/teleop_tools_msgs/action/detail/increment__struct.h
[57.829s] -- Symlinking: /home/jetson/senton_ws/install/teleop_tools_msgs/include/teleop_tools_msgs/action/detail/increment__type_support.h
[57.830s] -- Symlinking: /home/jetson/senton_ws/install/teleop_tools_msgs/include/teleop_tools_msgs/action/increment.h
[57.830s] -- Symlinking: /home/jetson/senton_ws/install/teleop_tools_msgs/include/teleop_tools_msgs/msg/rosidl_generator_c__visibility_control.h
[57.830s] -- Symlinking: /home/jetson/senton_ws/install/teleop_tools_msgs/share/teleop_tools_msgs/environment/library_path.sh
[57.830s] -- Symlinking: /home/jetson/senton_ws/install/teleop_tools_msgs/share/teleop_tools_msgs/environment/library_path.dsv
[57.830s] -- Symlinking: /home/jetson/senton_ws/install/teleop_tools_msgs/include/teleop_tools_msgs/action/detail/increment__rosidl_typesupport_fastrtps_c.h
[57.830s] -- Symlinking: /home/jetson/senton_ws/install/teleop_tools_msgs/include/teleop_tools_msgs/msg/rosidl_typesupport_fastrtps_c__visibility_control.h
[57.830s] -- Symlinking: /home/jetson/senton_ws/install/teleop_tools_msgs/lib/libteleop_tools_msgs__rosidl_typesupport_fastrtps_c.so
[57.831s] -- Symlinking: /home/jetson/senton_ws/install/teleop_tools_msgs/include/teleop_tools_msgs/action/detail/increment__rosidl_typesupport_fastrtps_cpp.hpp
[57.831s] -- Symlinking: /home/jetson/senton_ws/install/teleop_tools_msgs/include/teleop_tools_msgs/msg/rosidl_typesupport_fastrtps_cpp__visibility_control.h
[57.831s] -- Symlinking: /home/jetson/senton_ws/install/teleop_tools_msgs/lib/libteleop_tools_msgs__rosidl_typesupport_fastrtps_cpp.so
[57.831s] -- Symlinking: /home/jetson/senton_ws/install/teleop_tools_msgs/include/teleop_tools_msgs/action/detail/increment__rosidl_typesupport_introspection_c.h
[57.831s] -- Symlinking: /home/jetson/senton_ws/install/teleop_tools_msgs/include/teleop_tools_msgs/msg/rosidl_typesupport_introspection_c__visibility_control.h
[57.831s] -- Symlinking: /home/jetson/senton_ws/install/teleop_tools_msgs/include/teleop_tools_msgs/action/detail/increment__builder.hpp
[57.831s] -- Symlinking: /home/jetson/senton_ws/install/teleop_tools_msgs/include/teleop_tools_msgs/action/detail/increment__struct.hpp
[57.832s] -- Symlinking: /home/jetson/senton_ws/install/teleop_tools_msgs/include/teleop_tools_msgs/action/detail/increment__traits.hpp
[57.832s] -- Symlinking: /home/jetson/senton_ws/install/teleop_tools_msgs/include/teleop_tools_msgs/action/detail/increment__type_support.hpp
[57.832s] -- Symlinking: /home/jetson/senton_ws/install/teleop_tools_msgs/include/teleop_tools_msgs/action/increment.hpp
[57.832s] -- Symlinking: /home/jetson/senton_ws/install/teleop_tools_msgs/include/teleop_tools_msgs/msg/rosidl_generator_cpp__visibility_control.hpp
[57.832s] -- Symlinking: /home/jetson/senton_ws/install/teleop_tools_msgs/include/teleop_tools_msgs/action/detail/increment__rosidl_typesupport_introspection_cpp.hpp
[57.832s] -- Symlinking: /home/jetson/senton_ws/install/teleop_tools_msgs/share/teleop_tools_msgs/environment/pythonpath.sh
[57.832s] -- Symlinking: /home/jetson/senton_ws/install/teleop_tools_msgs/share/teleop_tools_msgs/environment/pythonpath.dsv
[57.832s] -- Symlinking: /home/jetson/senton_ws/install/teleop_tools_msgs/lib/python3.8/site-packages/teleop_tools_msgs/__init__.py
[57.833s] -- Symlinking: /home/jetson/senton_ws/install/teleop_tools_msgs/lib/python3.8/site-packages/teleop_tools_msgs/action/__init__.py
[57.833s] -- Symlinking: /home/jetson/senton_ws/install/teleop_tools_msgs/lib/python3.8/site-packages/teleop_tools_msgs/action/_increment.py
[57.841s] -- Symlinking: /home/jetson/senton_ws/install/teleop_tools_msgs/lib/python3.8/site-packages/teleop_tools_msgs/teleop_tools_msgs_s__rosidl_typesupport_fastrtps_c.cpython-38-aarch64-linux-gnu.so
[57.845s] -- Symlinking: /home/jetson/senton_ws/install/teleop_tools_msgs/lib/python3.8/site-packages/teleop_tools_msgs/teleop_tools_msgs_s__rosidl_typesupport_introspection_c.cpython-38-aarch64-linux-gnu.so
[57.864s] -- Symlinking: /home/jetson/senton_ws/install/teleop_tools_msgs/lib/python3.8/site-packages/teleop_tools_msgs/teleop_tools_msgs_s__rosidl_typesupport_c.cpython-38-aarch64-linux-gnu.so
[57.865s] -- Symlinking: /home/jetson/senton_ws/install/teleop_tools_msgs/lib/libteleop_tools_msgs__python.so
[57.865s] -- Symlinking: /home/jetson/senton_ws/install/teleop_tools_msgs/share/teleop_tools_msgs/action/Increment.idl
[57.865s] -- Symlinking: /home/jetson/senton_ws/install/teleop_tools_msgs/share/teleop_tools_msgs/action/Increment.action
[57.865s] -- Symlinking: /home/jetson/senton_ws/install/teleop_tools_msgs/share/ament_index/resource_index/package_run_dependencies/teleop_tools_msgs
[57.865s] -- Symlinking: /home/jetson/senton_ws/install/teleop_tools_msgs/share/ament_index/resource_index/parent_prefix_path/teleop_tools_msgs
[57.865s] -- Symlinking: /home/jetson/senton_ws/install/teleop_tools_msgs/share/teleop_tools_msgs/environment/ament_prefix_path.sh
[57.866s] -- Symlinking: /home/jetson/senton_ws/install/teleop_tools_msgs/share/teleop_tools_msgs/environment/ament_prefix_path.dsv
[57.866s] -- Symlinking: /home/jetson/senton_ws/install/teleop_tools_msgs/share/teleop_tools_msgs/environment/path.sh
[57.866s] -- Symlinking: /home/jetson/senton_ws/install/teleop_tools_msgs/share/teleop_tools_msgs/environment/path.dsv
[57.866s] -- Symlinking: /home/jetson/senton_ws/install/teleop_tools_msgs/share/teleop_tools_msgs/local_setup.bash
[57.866s] -- Symlinking: /home/jetson/senton_ws/install/teleop_tools_msgs/share/teleop_tools_msgs/local_setup.sh
[57.866s] -- Symlinking: /home/jetson/senton_ws/install/teleop_tools_msgs/share/teleop_tools_msgs/local_setup.zsh
[57.866s] -- Symlinking: /home/jetson/senton_ws/install/teleop_tools_msgs/share/teleop_tools_msgs/local_setup.dsv
[57.867s] -- Symlinking: /home/jetson/senton_ws/install/teleop_tools_msgs/share/teleop_tools_msgs/package.dsv
[57.867s] -- Symlinking: /home/jetson/senton_ws/install/teleop_tools_msgs/share/ament_index/resource_index/packages/teleop_tools_msgs
[57.867s] -- Symlinking: /home/jetson/senton_ws/install/teleop_tools_msgs/share/teleop_tools_msgs/cmake/rosidl_cmake-extras.cmake
[57.867s] -- Symlinking: /home/jetson/senton_ws/install/teleop_tools_msgs/share/teleop_tools_msgs/cmake/ament_cmake_export_dependencies-extras.cmake
[57.867s] -- Symlinking: /home/jetson/senton_ws/install/teleop_tools_msgs/share/teleop_tools_msgs/cmake/ament_cmake_export_libraries-extras.cmake
[57.867s] -- Symlinking: /home/jetson/senton_ws/install/teleop_tools_msgs/share/teleop_tools_msgs/cmake/ament_cmake_export_targets-extras.cmake
[57.867s] -- Symlinking: /home/jetson/senton_ws/install/teleop_tools_msgs/share/teleop_tools_msgs/cmake/ament_cmake_export_include_directories-extras.cmake
[57.867s] -- Symlinking: /home/jetson/senton_ws/install/teleop_tools_msgs/share/teleop_tools_msgs/cmake/rosidl_cmake_export_typesupport_libraries-extras.cmake
[57.868s] -- Symlinking: /home/jetson/senton_ws/install/teleop_tools_msgs/share/teleop_tools_msgs/cmake/rosidl_cmake_export_typesupport_targets-extras.cmake
[57.868s] -- Symlinking: /home/jetson/senton_ws/install/teleop_tools_msgs/share/teleop_tools_msgs/cmake/teleop_tools_msgsConfig.cmake
[57.868s] -- Symlinking: /home/jetson/senton_ws/install/teleop_tools_msgs/share/teleop_tools_msgs/cmake/teleop_tools_msgsConfig-version.cmake
[57.868s] -- Symlinking: /home/jetson/senton_ws/install/teleop_tools_msgs/share/teleop_tools_msgs/package.xml
[57.868s] -- Installing: /home/jetson/senton_ws/install/teleop_tools_msgs/lib/libteleop_tools_msgs__rosidl_generator_c.so
[57.868s] -- Set runtime path of "/home/jetson/senton_ws/install/teleop_tools_msgs/lib/libteleop_tools_msgs__rosidl_generator_c.so" to ""
[57.868s] -- Installing: /home/jetson/senton_ws/install/teleop_tools_msgs/lib/libteleop_tools_msgs__rosidl_typesupport_introspection_c.so
[57.869s] -- Set runtime path of "/home/jetson/senton_ws/install/teleop_tools_msgs/lib/libteleop_tools_msgs__rosidl_typesupport_introspection_c.so" to ""
[57.869s] -- Installing: /home/jetson/senton_ws/install/teleop_tools_msgs/lib/libteleop_tools_msgs__rosidl_typesupport_c.so
[57.869s] -- Set runtime path of "/home/jetson/senton_ws/install/teleop_tools_msgs/lib/libteleop_tools_msgs__rosidl_typesupport_c.so" to ""
[57.869s] -- Installing: /home/jetson/senton_ws/install/teleop_tools_msgs/lib/libteleop_tools_msgs__rosidl_typesupport_introspection_cpp.so
[57.869s] -- Set runtime path of "/home/jetson/senton_ws/install/teleop_tools_msgs/lib/libteleop_tools_msgs__rosidl_typesupport_introspection_cpp.so" to ""
[57.869s] -- Installing: /home/jetson/senton_ws/install/teleop_tools_msgs/lib/libteleop_tools_msgs__rosidl_typesupport_cpp.so
[57.869s] -- Set runtime path of "/home/jetson/senton_ws/install/teleop_tools_msgs/lib/libteleop_tools_msgs__rosidl_typesupport_cpp.so" to ""
[57.870s] Compiling '/home/jetson/senton_ws/install/teleop_tools_msgs/lib/python3.8/site-packages/teleop_tools_msgs/__init__.py'...
[57.870s] -- Installing: /home/jetson/senton_ws/install/teleop_tools_msgs/share/teleop_tools_msgs/cmake/teleop_tools_msgs__rosidl_generator_cExport.cmake
[57.870s] -- Installing: /home/jetson/senton_ws/install/teleop_tools_msgs/share/teleop_tools_msgs/cmake/teleop_tools_msgs__rosidl_generator_cExport-noconfig.cmake
[57.870s] -- Installing: /home/jetson/senton_ws/install/teleop_tools_msgs/share/teleop_tools_msgs/cmake/teleop_tools_msgs__rosidl_typesupport_introspection_cExport.cmake
[57.870s] -- Installing: /home/jetson/senton_ws/install/teleop_tools_msgs/share/teleop_tools_msgs/cmake/teleop_tools_msgs__rosidl_typesupport_introspection_cExport-noconfig.cmake
[57.870s] -- Installing: /home/jetson/senton_ws/install/teleop_tools_msgs/share/teleop_tools_msgs/cmake/teleop_tools_msgs__rosidl_typesupport_cExport.cmake
[57.870s] -- Installing: /home/jetson/senton_ws/install/teleop_tools_msgs/share/teleop_tools_msgs/cmake/teleop_tools_msgs__rosidl_typesupport_cExport-noconfig.cmake
[57.871s] -- Installing: /home/jetson/senton_ws/install/teleop_tools_msgs/share/teleop_tools_msgs/cmake/teleop_tools_msgs__rosidl_generator_cppExport.cmake
[57.871s] -- Installing: /home/jetson/senton_ws/install/teleop_tools_msgs/share/teleop_tools_msgs/cmake/teleop_tools_msgs__rosidl_typesupport_introspection_cppExport.cmake
[57.871s] -- Installing: /home/jetson/senton_ws/install/teleop_tools_msgs/share/teleop_tools_msgs/cmake/teleop_tools_msgs__rosidl_typesupport_introspection_cppExport-noconfig.cmake
[57.871s] -- Installing: /home/jetson/senton_ws/install/teleop_tools_msgs/share/teleop_tools_msgs/cmake/teleop_tools_msgs__rosidl_typesupport_cppExport.cmake
[57.871s] -- Installing: /home/jetson/senton_ws/install/teleop_tools_msgs/share/teleop_tools_msgs/cmake/teleop_tools_msgs__rosidl_typesupport_cppExport-noconfig.cmake
[58.164s] Invoked command in '/home/jetson/senton_ws/build/teleop_tools_msgs' returned '0': CMAKE_PREFIX_PATH=${CMAKE_PREFIX_PATH}:/home/jetson/senton_ws/install/f1tenth_stack:/home/jetson/senton_ws/install/joy_teleop:/home/jetson/senton_ws/install/mouse_teleop:/home/jetson/senton_ws/install/key_teleop:/opt/ros/foxy /usr/bin/cmake --install /home/jetson/senton_ws/build/teleop_tools_msgs
