[0.109s] Invoking command in '/home/jetson/senton_ws/build/vesc_ackermann': CMAKE_PREFIX_PATH=/home/jetson/senton_ws/install/vesc_msgs:/home/jetson/nav_ws/install/pointcloud_to_laserscan:/home/jetson/senton_ws/install/vesc:/home/jetson/senton_ws/install/vesc_driver:/home/jetson/senton_ws/install/vesc_ackermann:/home/jetson/senton_ws/install/teleop_tools:/home/jetson/senton_ws/install/teleop_tools_msgs:/home/jetson/senton_ws/install/ackermann_mux:/home/jetson/ws_livox/install/livox_ros_driver2:/home/jetson/senton_ws/install/f1tenth_stack:/home/jetson/senton_ws/install/joy_teleop:/home/jetson/senton_ws/install/mouse_teleop:/home/jetson/senton_ws/install/key_teleop:/opt/ros/foxy LD_LIBRARY_PATH=/home/jetson/senton_ws/install/vesc_msgs/lib:/home/jetson/nav_ws/install/pointcloud_to_laserscan/lib:/home/jetson/senton_ws/install/vesc_driver/lib:/home/jetson/senton_ws/install/vesc_ackermann/lib:/home/jetson/senton_ws/install/teleop_tools_msgs/lib:/home/jetson/ws_livox/install/livox_ros_driver2/lib:/opt/ros/foxy/opt/yaml_cpp_vendor/lib:/opt/ros/foxy/opt/rviz_ogre_vendor/lib:/opt/ros/foxy/lib/aarch64-linux-gnu:/opt/ros/foxy/lib PYTHONPATH=/home/jetson/senton_ws/install/vesc_msgs/lib/python3.8/site-packages:/home/jetson/senton_ws/install/f1tenth_stack/lib/python3.8/site-packages:/home/jetson/senton_ws/install/joy_teleop/lib/python3.8/site-packages:/home/jetson/senton_ws/install/teleop_tools_msgs/lib/python3.8/site-packages:/home/jetson/senton_ws/install/mouse_teleop/lib/python3.8/site-packages:/home/jetson/senton_ws/install/key_teleop/lib/python3.8/site-packages:/home/jetson/ws_livox/install/livox_ros_driver2/lib/python3.8/site-packages:/opt/ros/foxy/lib/python3.8/site-packages /usr/bin/cmake /home/jetson/senton_ws/src/f1tenth_system/vesc/vesc_ackermann -DAMENT_CMAKE_SYMLINK_INSTALL=1 -DCMAKE_INSTALL_PREFIX=/home/jetson/senton_ws/install/vesc_ackermann
[1.083s] -- The C compiler identification is GNU 9.4.0
[1.321s] -- The CXX compiler identification is GNU 9.4.0
[1.360s] -- Check for working C compiler: /usr/bin/cc
[2.033s] -- Check for working C compiler: /usr/bin/cc -- works
[2.074s] -- Detecting C compiler ABI info
[2.245s] -- Detecting C compiler ABI info - done
[2.267s] -- Detecting C compile features
[2.271s] -- Detecting C compile features - done
[2.299s] -- Check for working CXX compiler: /usr/bin/c++
[2.536s] -- Check for working CXX compiler: /usr/bin/c++ -- works
[2.538s] -- Detecting CXX compiler ABI info
[2.746s] -- Detecting CXX compiler ABI info - done
[2.779s] -- Detecting CXX compile features
[2.786s] -- Detecting CXX compile features - done
[2.821s] -- Found ament_cmake_auto: 0.9.12 (/opt/ros/foxy/share/ament_cmake_auto/cmake)
[3.123s] -- Found PythonInterp: /usr/bin/python3 (found suitable version "3.8.10", minimum required is "3") 
[3.125s] -- Using PYTHON_EXECUTABLE: /usr/bin/python3
[4.364s] -- Override CMake install command with custom implementation using symlinks instead of copying resources
[5.006s] -- Using all available rosidl_typesupport_c: rosidl_typesupport_fastrtps_c;rosidl_typesupport_introspection_c
[5.047s] -- Found rosidl_adapter: 1.3.1 (/opt/ros/foxy/share/rosidl_adapter/cmake)
[5.595s] -- Found OpenSSL: /usr/lib/aarch64-linux-gnu/libcrypto.so (found version "1.1.1f")  
[5.699s] -- Found FastRTPS: /opt/ros/foxy/include  
[6.039s] -- Using all available rosidl_typesupport_cpp: rosidl_typesupport_fastrtps_cpp;rosidl_typesupport_introspection_cpp
[7.403s] -- Found rmw_implementation_cmake: 1.0.4 (/opt/ros/foxy/share/rmw_implementation_cmake/cmake)
[7.423s] -- Using RMW implementation 'rmw_fastrtps_cpp' as default
[7.448s] -- Looking for pthread.h
[8.673s] -- Looking for pthread.h - found
[8.673s] -- Performing Test CMAKE_HAVE_LIBC_PTHREAD
[8.866s] -- Performing Test CMAKE_HAVE_LIBC_PTHREAD - Failed
[8.870s] -- Looking for pthread_create in pthreads
[9.059s] -- Looking for pthread_create in pthreads - not found
[9.059s] -- Looking for pthread_create in pthread
[9.259s] -- Looking for pthread_create in pthread - found
[9.265s] -- Found Threads: TRUE  
[11.739s] -- Found ament_lint_auto: 0.9.8 (/opt/ros/foxy/share/ament_lint_auto/cmake)
[12.349s] -- Added test 'copyright' to check source files copyright and LICENSE
[12.358s] -- Added test 'cppcheck' to perform static code analysis on C / C++ code
[12.361s] -- Configured cppcheck include dirs: /home/jetson/senton_ws/src/f1tenth_system/vesc/vesc_ackermann/include
[12.362s] -- Configured cppcheck exclude dirs and/or files: 
[12.366s] -- Added test 'cpplint' to check C / C++ code against the Google style
[12.367s] -- Configured cpplint exclude dirs and/or files: 
[12.374s] -- Added test 'lint_cmake' to check CMake code style
[12.384s] -- Added test 'uncrustify' to check C / C++ code style
[12.384s] -- Configured uncrustify additional arguments: 
[12.385s] -- Added test 'xmllint' to check XML markup files
[12.713s] -- Configuring done
[12.835s] -- Generating done
[12.840s] -- Build files have been written to: /home/jetson/senton_ws/build/vesc_ackermann
[13.094s] Invoked command in '/home/jetson/senton_ws/build/vesc_ackermann' returned '0': CMAKE_PREFIX_PATH=/home/jetson/senton_ws/install/vesc_msgs:/home/jetson/nav_ws/install/pointcloud_to_laserscan:/home/jetson/senton_ws/install/vesc:/home/jetson/senton_ws/install/vesc_driver:/home/jetson/senton_ws/install/vesc_ackermann:/home/jetson/senton_ws/install/teleop_tools:/home/jetson/senton_ws/install/teleop_tools_msgs:/home/jetson/senton_ws/install/ackermann_mux:/home/jetson/ws_livox/install/livox_ros_driver2:/home/jetson/senton_ws/install/f1tenth_stack:/home/jetson/senton_ws/install/joy_teleop:/home/jetson/senton_ws/install/mouse_teleop:/home/jetson/senton_ws/install/key_teleop:/opt/ros/foxy LD_LIBRARY_PATH=/home/jetson/senton_ws/install/vesc_msgs/lib:/home/jetson/nav_ws/install/pointcloud_to_laserscan/lib:/home/jetson/senton_ws/install/vesc_driver/lib:/home/jetson/senton_ws/install/vesc_ackermann/lib:/home/jetson/senton_ws/install/teleop_tools_msgs/lib:/home/jetson/ws_livox/install/livox_ros_driver2/lib:/opt/ros/foxy/opt/yaml_cpp_vendor/lib:/opt/ros/foxy/opt/rviz_ogre_vendor/lib:/opt/ros/foxy/lib/aarch64-linux-gnu:/opt/ros/foxy/lib PYTHONPATH=/home/jetson/senton_ws/install/vesc_msgs/lib/python3.8/site-packages:/home/jetson/senton_ws/install/f1tenth_stack/lib/python3.8/site-packages:/home/jetson/senton_ws/install/joy_teleop/lib/python3.8/site-packages:/home/jetson/senton_ws/install/teleop_tools_msgs/lib/python3.8/site-packages:/home/jetson/senton_ws/install/mouse_teleop/lib/python3.8/site-packages:/home/jetson/senton_ws/install/key_teleop/lib/python3.8/site-packages:/home/jetson/ws_livox/install/livox_ros_driver2/lib/python3.8/site-packages:/opt/ros/foxy/lib/python3.8/site-packages /usr/bin/cmake /home/jetson/senton_ws/src/f1tenth_system/vesc/vesc_ackermann -DAMENT_CMAKE_SYMLINK_INSTALL=1 -DCMAKE_INSTALL_PREFIX=/home/jetson/senton_ws/install/vesc_ackermann
[13.102s] Invoking command in '/home/jetson/senton_ws/build/vesc_ackermann': CMAKE_PREFIX_PATH=/home/jetson/senton_ws/install/vesc_msgs:/home/jetson/nav_ws/install/pointcloud_to_laserscan:/home/jetson/senton_ws/install/vesc:/home/jetson/senton_ws/install/vesc_driver:/home/jetson/senton_ws/install/vesc_ackermann:/home/jetson/senton_ws/install/teleop_tools:/home/jetson/senton_ws/install/teleop_tools_msgs:/home/jetson/senton_ws/install/ackermann_mux:/home/jetson/ws_livox/install/livox_ros_driver2:/home/jetson/senton_ws/install/f1tenth_stack:/home/jetson/senton_ws/install/joy_teleop:/home/jetson/senton_ws/install/mouse_teleop:/home/jetson/senton_ws/install/key_teleop:/opt/ros/foxy LD_LIBRARY_PATH=/home/jetson/senton_ws/install/vesc_msgs/lib:/home/jetson/nav_ws/install/pointcloud_to_laserscan/lib:/home/jetson/senton_ws/install/vesc_driver/lib:/home/jetson/senton_ws/install/vesc_ackermann/lib:/home/jetson/senton_ws/install/teleop_tools_msgs/lib:/home/jetson/ws_livox/install/livox_ros_driver2/lib:/opt/ros/foxy/opt/yaml_cpp_vendor/lib:/opt/ros/foxy/opt/rviz_ogre_vendor/lib:/opt/ros/foxy/lib/aarch64-linux-gnu:/opt/ros/foxy/lib PYTHONPATH=/home/jetson/senton_ws/install/vesc_msgs/lib/python3.8/site-packages:/home/jetson/senton_ws/install/f1tenth_stack/lib/python3.8/site-packages:/home/jetson/senton_ws/install/joy_teleop/lib/python3.8/site-packages:/home/jetson/senton_ws/install/teleop_tools_msgs/lib/python3.8/site-packages:/home/jetson/senton_ws/install/mouse_teleop/lib/python3.8/site-packages:/home/jetson/senton_ws/install/key_teleop/lib/python3.8/site-packages:/home/jetson/ws_livox/install/livox_ros_driver2/lib/python3.8/site-packages:/opt/ros/foxy/lib/python3.8/site-packages /usr/bin/cmake --build /home/jetson/senton_ws/build/vesc_ackermann -- -j6 -l6
[15.180s] [35m[1mScanning dependencies of target ackermann_to_vesc_node[0m
[15.667s] [ 14%] [32mBuilding CXX object CMakeFiles/ackermann_to_vesc_node.dir/rclcpp_components/node_main_ackermann_to_vesc_node.cpp.o[0m
[27.463s] [ 28%] [32m[1mLinking CXX executable ackermann_to_vesc_node[0m
[28.367s] [ 28%] Built target ackermann_to_vesc_node
[28.423s] [35m[1mScanning dependencies of target vesc_ackermann[0m
[29.569s] [ 42%] [32mBuilding CXX object CMakeFiles/vesc_ackermann.dir/src/ackermann_to_vesc.cpp.o[0m
[48.170s] [ 57%] [32mBuilding CXX object CMakeFiles/vesc_ackermann.dir/src/vesc_to_odom.cpp.o[0m
[71.187s] [ 71%] [32m[1mLinking CXX shared library libvesc_ackermann.so[0m
[72.658s] [ 71%] Built target vesc_ackermann
[72.704s] [35m[1mScanning dependencies of target vesc_to_odom_node[0m
[73.069s] [ 85%] [32mBuilding CXX object CMakeFiles/vesc_to_odom_node.dir/rclcpp_components/node_main_vesc_to_odom_node.cpp.o[0m
[79.929s] [100%] [32m[1mLinking CXX executable vesc_to_odom_node[0m
[80.250s] [100%] Built target vesc_to_odom_node
[80.537s] Invoked command in '/home/jetson/senton_ws/build/vesc_ackermann' returned '0': CMAKE_PREFIX_PATH=/home/jetson/senton_ws/install/vesc_msgs:/home/jetson/nav_ws/install/pointcloud_to_laserscan:/home/jetson/senton_ws/install/vesc:/home/jetson/senton_ws/install/vesc_driver:/home/jetson/senton_ws/install/vesc_ackermann:/home/jetson/senton_ws/install/teleop_tools:/home/jetson/senton_ws/install/teleop_tools_msgs:/home/jetson/senton_ws/install/ackermann_mux:/home/jetson/ws_livox/install/livox_ros_driver2:/home/jetson/senton_ws/install/f1tenth_stack:/home/jetson/senton_ws/install/joy_teleop:/home/jetson/senton_ws/install/mouse_teleop:/home/jetson/senton_ws/install/key_teleop:/opt/ros/foxy LD_LIBRARY_PATH=/home/jetson/senton_ws/install/vesc_msgs/lib:/home/jetson/nav_ws/install/pointcloud_to_laserscan/lib:/home/jetson/senton_ws/install/vesc_driver/lib:/home/jetson/senton_ws/install/vesc_ackermann/lib:/home/jetson/senton_ws/install/teleop_tools_msgs/lib:/home/jetson/ws_livox/install/livox_ros_driver2/lib:/opt/ros/foxy/opt/yaml_cpp_vendor/lib:/opt/ros/foxy/opt/rviz_ogre_vendor/lib:/opt/ros/foxy/lib/aarch64-linux-gnu:/opt/ros/foxy/lib PYTHONPATH=/home/jetson/senton_ws/install/vesc_msgs/lib/python3.8/site-packages:/home/jetson/senton_ws/install/f1tenth_stack/lib/python3.8/site-packages:/home/jetson/senton_ws/install/joy_teleop/lib/python3.8/site-packages:/home/jetson/senton_ws/install/teleop_tools_msgs/lib/python3.8/site-packages:/home/jetson/senton_ws/install/mouse_teleop/lib/python3.8/site-packages:/home/jetson/senton_ws/install/key_teleop/lib/python3.8/site-packages:/home/jetson/ws_livox/install/livox_ros_driver2/lib/python3.8/site-packages:/opt/ros/foxy/lib/python3.8/site-packages /usr/bin/cmake --build /home/jetson/senton_ws/build/vesc_ackermann -- -j6 -l6
[80.730s] Invoking command in '/home/jetson/senton_ws/build/vesc_ackermann': CMAKE_PREFIX_PATH=/home/jetson/senton_ws/install/vesc_msgs:/home/jetson/nav_ws/install/pointcloud_to_laserscan:/home/jetson/senton_ws/install/vesc:/home/jetson/senton_ws/install/vesc_driver:/home/jetson/senton_ws/install/vesc_ackermann:/home/jetson/senton_ws/install/teleop_tools:/home/jetson/senton_ws/install/teleop_tools_msgs:/home/jetson/senton_ws/install/ackermann_mux:/home/jetson/ws_livox/install/livox_ros_driver2:/home/jetson/senton_ws/install/f1tenth_stack:/home/jetson/senton_ws/install/joy_teleop:/home/jetson/senton_ws/install/mouse_teleop:/home/jetson/senton_ws/install/key_teleop:/opt/ros/foxy LD_LIBRARY_PATH=/home/jetson/senton_ws/install/vesc_msgs/lib:/home/jetson/nav_ws/install/pointcloud_to_laserscan/lib:/home/jetson/senton_ws/install/vesc_driver/lib:/home/jetson/senton_ws/install/vesc_ackermann/lib:/home/jetson/senton_ws/install/teleop_tools_msgs/lib:/home/jetson/ws_livox/install/livox_ros_driver2/lib:/opt/ros/foxy/opt/yaml_cpp_vendor/lib:/opt/ros/foxy/opt/rviz_ogre_vendor/lib:/opt/ros/foxy/lib/aarch64-linux-gnu:/opt/ros/foxy/lib PYTHONPATH=/home/jetson/senton_ws/install/vesc_msgs/lib/python3.8/site-packages:/home/jetson/senton_ws/install/f1tenth_stack/lib/python3.8/site-packages:/home/jetson/senton_ws/install/joy_teleop/lib/python3.8/site-packages:/home/jetson/senton_ws/install/teleop_tools_msgs/lib/python3.8/site-packages:/home/jetson/senton_ws/install/mouse_teleop/lib/python3.8/site-packages:/home/jetson/senton_ws/install/key_teleop/lib/python3.8/site-packages:/home/jetson/ws_livox/install/livox_ros_driver2/lib/python3.8/site-packages:/opt/ros/foxy/lib/python3.8/site-packages /usr/bin/cmake --install /home/jetson/senton_ws/build/vesc_ackermann
[141.141s] -- Install configuration: ""
[141.142s] -- Execute custom install script
[141.143s] -- Symlinking: /home/jetson/senton_ws/install/vesc_ackermann/lib/vesc_ackermann/ackermann_to_vesc_node
[141.143s] -- Symlinking: /home/jetson/senton_ws/install/vesc_ackermann/lib/vesc_ackermann/vesc_to_odom_node
[141.143s] -- Symlinking: /home/jetson/senton_ws/install/vesc_ackermann/include/vesc_ackermann/ackermann_to_vesc.hpp
[141.143s] -- Symlinking: /home/jetson/senton_ws/install/vesc_ackermann/include/vesc_ackermann/vesc_to_odom.hpp
[141.144s] -- Symlinking: /home/jetson/senton_ws/install/vesc_ackermann/share/vesc_ackermann/environment/library_path.sh
[141.144s] -- Symlinking: /home/jetson/senton_ws/install/vesc_ackermann/share/vesc_ackermann/environment/library_path.dsv
[141.144s] -- Symlinking: /home/jetson/senton_ws/install/vesc_ackermann/lib/libvesc_ackermann.so
[141.144s] -- Symlinking: /home/jetson/senton_ws/install/vesc_ackermann/share/vesc_ackermann/launch/ackermann_to_vesc_node.launch.xml
[141.144s] -- Symlinking: /home/jetson/senton_ws/install/vesc_ackermann/share/vesc_ackermann/launch/vesc_to_odom_node.launch.xml
[141.144s] -- Symlinking: /home/jetson/senton_ws/install/vesc_ackermann/share/ament_index/resource_index/package_run_dependencies/vesc_ackermann
[141.145s] -- Symlinking: /home/jetson/senton_ws/install/vesc_ackermann/share/ament_index/resource_index/parent_prefix_path/vesc_ackermann
[141.145s] -- Symlinking: /home/jetson/senton_ws/install/vesc_ackermann/share/vesc_ackermann/environment/ament_prefix_path.sh
[141.146s] -- Symlinking: /home/jetson/senton_ws/install/vesc_ackermann/share/vesc_ackermann/environment/ament_prefix_path.dsv
[141.152s] -- Symlinking: /home/jetson/senton_ws/install/vesc_ackermann/share/vesc_ackermann/environment/path.sh
[141.152s] -- Symlinking: /home/jetson/senton_ws/install/vesc_ackermann/share/vesc_ackermann/environment/path.dsv
[141.152s] -- Symlinking: /home/jetson/senton_ws/install/vesc_ackermann/share/vesc_ackermann/local_setup.bash
[141.153s] -- Symlinking: /home/jetson/senton_ws/install/vesc_ackermann/share/vesc_ackermann/local_setup.sh
[141.153s] -- Symlinking: /home/jetson/senton_ws/install/vesc_ackermann/share/vesc_ackermann/local_setup.zsh
[141.160s] -- Symlinking: /home/jetson/senton_ws/install/vesc_ackermann/share/vesc_ackermann/local_setup.dsv
[141.160s] -- Symlinking: /home/jetson/senton_ws/install/vesc_ackermann/share/vesc_ackermann/package.dsv
[141.161s] -- Symlinking: /home/jetson/senton_ws/install/vesc_ackermann/share/ament_index/resource_index/packages/vesc_ackermann
[141.161s] -- Symlinking: /home/jetson/senton_ws/install/vesc_ackermann/share/ament_index/resource_index/rclcpp_components/vesc_ackermann
[141.161s] -- Symlinking: /home/jetson/senton_ws/install/vesc_ackermann/share/vesc_ackermann/cmake/ament_cmake_export_dependencies-extras.cmake
[141.161s] -- Symlinking: /home/jetson/senton_ws/install/vesc_ackermann/share/vesc_ackermann/cmake/ament_cmake_export_include_directories-extras.cmake
[141.162s] -- Symlinking: /home/jetson/senton_ws/install/vesc_ackermann/share/vesc_ackermann/cmake/ament_cmake_export_libraries-extras.cmake
[141.169s] -- Symlinking: /home/jetson/senton_ws/install/vesc_ackermann/share/vesc_ackermann/cmake/vesc_ackermannConfig.cmake
[141.169s] -- Symlinking: /home/jetson/senton_ws/install/vesc_ackermann/share/vesc_ackermann/cmake/vesc_ackermannConfig-version.cmake
[141.169s] -- Symlinking: /home/jetson/senton_ws/install/vesc_ackermann/share/vesc_ackermann/package.xml
[141.176s] Invoked command in '/home/jetson/senton_ws/build/vesc_ackermann' returned '0': CMAKE_PREFIX_PATH=/home/jetson/senton_ws/install/vesc_msgs:/home/jetson/nav_ws/install/pointcloud_to_laserscan:/home/jetson/senton_ws/install/vesc:/home/jetson/senton_ws/install/vesc_driver:/home/jetson/senton_ws/install/vesc_ackermann:/home/jetson/senton_ws/install/teleop_tools:/home/jetson/senton_ws/install/teleop_tools_msgs:/home/jetson/senton_ws/install/ackermann_mux:/home/jetson/ws_livox/install/livox_ros_driver2:/home/jetson/senton_ws/install/f1tenth_stack:/home/jetson/senton_ws/install/joy_teleop:/home/jetson/senton_ws/install/mouse_teleop:/home/jetson/senton_ws/install/key_teleop:/opt/ros/foxy LD_LIBRARY_PATH=/home/jetson/senton_ws/install/vesc_msgs/lib:/home/jetson/nav_ws/install/pointcloud_to_laserscan/lib:/home/jetson/senton_ws/install/vesc_driver/lib:/home/jetson/senton_ws/install/vesc_ackermann/lib:/home/jetson/senton_ws/install/teleop_tools_msgs/lib:/home/jetson/ws_livox/install/livox_ros_driver2/lib:/opt/ros/foxy/opt/yaml_cpp_vendor/lib:/opt/ros/foxy/opt/rviz_ogre_vendor/lib:/opt/ros/foxy/lib/aarch64-linux-gnu:/opt/ros/foxy/lib PYTHONPATH=/home/jetson/senton_ws/install/vesc_msgs/lib/python3.8/site-packages:/home/jetson/senton_ws/install/f1tenth_stack/lib/python3.8/site-packages:/home/jetson/senton_ws/install/joy_teleop/lib/python3.8/site-packages:/home/jetson/senton_ws/install/teleop_tools_msgs/lib/python3.8/site-packages:/home/jetson/senton_ws/install/mouse_teleop/lib/python3.8/site-packages:/home/jetson/senton_ws/install/key_teleop/lib/python3.8/site-packages:/home/jetson/ws_livox/install/livox_ros_driver2/lib/python3.8/site-packages:/opt/ros/foxy/lib/python3.8/site-packages /usr/bin/cmake --install /home/jetson/senton_ws/build/vesc_ackermann
