[0.436s] Invoking command in '/home/jetson/senton_ws/build/vesc_driver': CMAKE_PREFIX_PATH=/home/jetson/senton_ws/install/vesc_msgs:/home/jetson/nav_ws/install/pointcloud_to_laserscan:/home/jetson/senton_ws/install/vesc:/home/jetson/senton_ws/install/vesc_driver:/home/jetson/senton_ws/install/vesc_ackermann:/home/jetson/senton_ws/install/teleop_tools:/home/jetson/senton_ws/install/teleop_tools_msgs:/home/jetson/senton_ws/install/ackermann_mux:/home/jetson/ws_livox/install/livox_ros_driver2:/home/jetson/senton_ws/install/f1tenth_stack:/home/jetson/senton_ws/install/joy_teleop:/home/jetson/senton_ws/install/mouse_teleop:/home/jetson/senton_ws/install/key_teleop:/opt/ros/foxy LD_LIBRARY_PATH=/home/jetson/senton_ws/install/vesc_msgs/lib:/home/jetson/nav_ws/install/pointcloud_to_laserscan/lib:/home/jetson/senton_ws/install/vesc_driver/lib:/home/jetson/senton_ws/install/vesc_ackermann/lib:/home/jetson/senton_ws/install/teleop_tools_msgs/lib:/home/jetson/ws_livox/install/livox_ros_driver2/lib:/opt/ros/foxy/opt/yaml_cpp_vendor/lib:/opt/ros/foxy/opt/rviz_ogre_vendor/lib:/opt/ros/foxy/lib/aarch64-linux-gnu:/opt/ros/foxy/lib PYTHONPATH=/home/jetson/senton_ws/install/vesc_msgs/lib/python3.8/site-packages:/home/jetson/senton_ws/install/f1tenth_stack/lib/python3.8/site-packages:/home/jetson/senton_ws/install/joy_teleop/lib/python3.8/site-packages:/home/jetson/senton_ws/install/teleop_tools_msgs/lib/python3.8/site-packages:/home/jetson/senton_ws/install/mouse_teleop/lib/python3.8/site-packages:/home/jetson/senton_ws/install/key_teleop/lib/python3.8/site-packages:/home/jetson/ws_livox/install/livox_ros_driver2/lib/python3.8/site-packages:/opt/ros/foxy/lib/python3.8/site-packages /usr/bin/cmake /home/jetson/senton_ws/src/f1tenth_system/vesc/vesc_driver -DAMENT_CMAKE_SYMLINK_INSTALL=1 -DCMAKE_INSTALL_PREFIX=/home/jetson/senton_ws/install/vesc_driver
[65.279s] -- The C compiler identification is GNU 9.4.0
[65.281s] -- The CXX compiler identification is GNU 9.4.0
[65.282s] -- Check for working C compiler: /usr/bin/cc
[65.282s] -- Check for working C compiler: /usr/bin/cc -- works
[65.282s] -- Detecting C compiler ABI info
[65.282s] -- Detecting C compiler ABI info - done
[65.282s] -- Detecting C compile features
[65.282s] -- Detecting C compile features - done
[65.283s] -- Check for working CXX compiler: /usr/bin/c++
[65.283s] -- Check for working CXX compiler: /usr/bin/c++ -- works
[65.284s] -- Detecting CXX compiler ABI info
[65.284s] -- Detecting CXX compiler ABI info - done
[65.284s] -- Detecting CXX compile features
[65.285s] -- Detecting CXX compile features - done
[65.285s] -- Found ament_cmake_auto: 0.9.12 (/opt/ros/foxy/share/ament_cmake_auto/cmake)
[65.285s] -- Found PythonInterp: /usr/bin/python3 (found suitable version "3.8.10", minimum required is "3") 
[65.285s] -- Using PYTHON_EXECUTABLE: /usr/bin/python3
[65.285s] -- Override CMake install command with custom implementation using symlinks instead of copying resources
[65.285s] -- Using all available rosidl_typesupport_c: rosidl_typesupport_fastrtps_c;rosidl_typesupport_introspection_c
[65.286s] -- Found rosidl_adapter: 1.3.1 (/opt/ros/foxy/share/rosidl_adapter/cmake)
[65.286s] -- Found OpenSSL: /usr/lib/aarch64-linux-gnu/libcrypto.so (found version "1.1.1f")  
[65.286s] -- Found FastRTPS: /opt/ros/foxy/include  
[65.286s] -- Using all available rosidl_typesupport_cpp: rosidl_typesupport_fastrtps_cpp;rosidl_typesupport_introspection_cpp
[65.286s] -- Found rmw_implementation_cmake: 1.0.4 (/opt/ros/foxy/share/rmw_implementation_cmake/cmake)
[65.287s] -- Using RMW implementation 'rmw_fastrtps_cpp' as default
[65.303s] -- Looking for pthread.h
[65.316s] -- Looking for pthread.h - found
[65.328s] -- Performing Test CMAKE_HAVE_LIBC_PTHREAD
[65.336s] -- Performing Test CMAKE_HAVE_LIBC_PTHREAD - Failed
[65.336s] -- Looking for pthread_create in pthreads
[65.336s] -- Looking for pthread_create in pthreads - not found
[65.336s] -- Looking for pthread_create in pthread
[65.337s] -- Looking for pthread_create in pthread - found
[65.337s] -- Found Threads: TRUE  
[65.337s] -- Found ament_lint_auto: 0.9.8 (/opt/ros/foxy/share/ament_lint_auto/cmake)
[65.337s] -- Added test 'copyright' to check source files copyright and LICENSE
[65.337s] -- Added test 'cppcheck' to perform static code analysis on C / C++ code
[65.337s] -- Configured cppcheck include dirs: /home/jetson/senton_ws/src/f1tenth_system/vesc/vesc_driver/include
[65.338s] -- Configured cppcheck exclude dirs and/or files: 
[65.338s] -- Added test 'cpplint' to check C / C++ code against the Google style
[65.422s] -- Configured cpplint exclude dirs and/or files: 
[65.422s] -- Added test 'flake8' to check Python code syntax and style conventions
[65.423s] -- Added test 'lint_cmake' to check CMake code style
[65.423s] -- Added test 'pep257' to check Python code against some of the style conventions in PEP 257
[65.423s] -- Added test 'uncrustify' to check C / C++ code style
[65.423s] -- Configured uncrustify additional arguments: 
[65.423s] -- Added test 'xmllint' to check XML markup files
[65.423s] -- Configuring done
[65.423s] -- Generating done
[65.424s] -- Build files have been written to: /home/jetson/senton_ws/build/vesc_driver
[65.429s] Invoked command in '/home/jetson/senton_ws/build/vesc_driver' returned '0': CMAKE_PREFIX_PATH=/home/jetson/senton_ws/install/vesc_msgs:/home/jetson/nav_ws/install/pointcloud_to_laserscan:/home/jetson/senton_ws/install/vesc:/home/jetson/senton_ws/install/vesc_driver:/home/jetson/senton_ws/install/vesc_ackermann:/home/jetson/senton_ws/install/teleop_tools:/home/jetson/senton_ws/install/teleop_tools_msgs:/home/jetson/senton_ws/install/ackermann_mux:/home/jetson/ws_livox/install/livox_ros_driver2:/home/jetson/senton_ws/install/f1tenth_stack:/home/jetson/senton_ws/install/joy_teleop:/home/jetson/senton_ws/install/mouse_teleop:/home/jetson/senton_ws/install/key_teleop:/opt/ros/foxy LD_LIBRARY_PATH=/home/jetson/senton_ws/install/vesc_msgs/lib:/home/jetson/nav_ws/install/pointcloud_to_laserscan/lib:/home/jetson/senton_ws/install/vesc_driver/lib:/home/jetson/senton_ws/install/vesc_ackermann/lib:/home/jetson/senton_ws/install/teleop_tools_msgs/lib:/home/jetson/ws_livox/install/livox_ros_driver2/lib:/opt/ros/foxy/opt/yaml_cpp_vendor/lib:/opt/ros/foxy/opt/rviz_ogre_vendor/lib:/opt/ros/foxy/lib/aarch64-linux-gnu:/opt/ros/foxy/lib PYTHONPATH=/home/jetson/senton_ws/install/vesc_msgs/lib/python3.8/site-packages:/home/jetson/senton_ws/install/f1tenth_stack/lib/python3.8/site-packages:/home/jetson/senton_ws/install/joy_teleop/lib/python3.8/site-packages:/home/jetson/senton_ws/install/teleop_tools_msgs/lib/python3.8/site-packages:/home/jetson/senton_ws/install/mouse_teleop/lib/python3.8/site-packages:/home/jetson/senton_ws/install/key_teleop/lib/python3.8/site-packages:/home/jetson/ws_livox/install/livox_ros_driver2/lib/python3.8/site-packages:/opt/ros/foxy/lib/python3.8/site-packages /usr/bin/cmake /home/jetson/senton_ws/src/f1tenth_system/vesc/vesc_driver -DAMENT_CMAKE_SYMLINK_INSTALL=1 -DCMAKE_INSTALL_PREFIX=/home/jetson/senton_ws/install/vesc_driver
[65.447s] Invoking command in '/home/jetson/senton_ws/build/vesc_driver': CMAKE_PREFIX_PATH=/home/jetson/senton_ws/install/vesc_msgs:/home/jetson/nav_ws/install/pointcloud_to_laserscan:/home/jetson/senton_ws/install/vesc:/home/jetson/senton_ws/install/vesc_driver:/home/jetson/senton_ws/install/vesc_ackermann:/home/jetson/senton_ws/install/teleop_tools:/home/jetson/senton_ws/install/teleop_tools_msgs:/home/jetson/senton_ws/install/ackermann_mux:/home/jetson/ws_livox/install/livox_ros_driver2:/home/jetson/senton_ws/install/f1tenth_stack:/home/jetson/senton_ws/install/joy_teleop:/home/jetson/senton_ws/install/mouse_teleop:/home/jetson/senton_ws/install/key_teleop:/opt/ros/foxy LD_LIBRARY_PATH=/home/jetson/senton_ws/install/vesc_msgs/lib:/home/jetson/nav_ws/install/pointcloud_to_laserscan/lib:/home/jetson/senton_ws/install/vesc_driver/lib:/home/jetson/senton_ws/install/vesc_ackermann/lib:/home/jetson/senton_ws/install/teleop_tools_msgs/lib:/home/jetson/ws_livox/install/livox_ros_driver2/lib:/opt/ros/foxy/opt/yaml_cpp_vendor/lib:/opt/ros/foxy/opt/rviz_ogre_vendor/lib:/opt/ros/foxy/lib/aarch64-linux-gnu:/opt/ros/foxy/lib PYTHONPATH=/home/jetson/senton_ws/install/vesc_msgs/lib/python3.8/site-packages:/home/jetson/senton_ws/install/f1tenth_stack/lib/python3.8/site-packages:/home/jetson/senton_ws/install/joy_teleop/lib/python3.8/site-packages:/home/jetson/senton_ws/install/teleop_tools_msgs/lib/python3.8/site-packages:/home/jetson/senton_ws/install/mouse_teleop/lib/python3.8/site-packages:/home/jetson/senton_ws/install/key_teleop/lib/python3.8/site-packages:/home/jetson/ws_livox/install/livox_ros_driver2/lib/python3.8/site-packages:/opt/ros/foxy/lib/python3.8/site-packages /usr/bin/cmake --build /home/jetson/senton_ws/build/vesc_driver -- -j6 -l6
[65.874s] [35m[1mScanning dependencies of target vesc_driver[0m
[66.118s] [ 10%] [32mBuilding CXX object CMakeFiles/vesc_driver.dir/src/vesc_driver.cpp.o[0m
[99.993s] [ 20%] [32mBuilding CXX object CMakeFiles/vesc_driver.dir/src/vesc_packet_factory.cpp.o[0m
[101.351s] [ 30%] [32mBuilding CXX object CMakeFiles/vesc_driver.dir/src/vesc_packet.cpp.o[0m
[102.846s] [ 40%] [32mBuilding CXX object CMakeFiles/vesc_driver.dir/src/vesc_interface.cpp.o[0m
[111.602s] [ 50%] [32m[1mLinking CXX shared library libvesc_driver.so[0m
[113.526s] [ 50%] Built target vesc_driver
[113.640s] [35m[1mScanning dependencies of target vesc_driver_node[0m
[114.067s] [ 60%] [32mBuilding CXX object CMakeFiles/vesc_driver_node.dir/rclcpp_components/node_main_vesc_driver_node.cpp.o[0m
[121.343s] [ 70%] [32m[1mLinking CXX executable vesc_driver_node[0m
[121.869s] [ 70%] Built target vesc_driver_node
[121.948s] [35m[1mScanning dependencies of target vesc_device_namer[0m
[122.001s] [ 80%] [32mBuilding CXX object CMakeFiles/vesc_device_namer.dir/src/vesc_device_namer.cpp.o[0m
[122.977s] [ 90%] [32mBuilding CXX object CMakeFiles/vesc_device_namer.dir/src/vesc_device_uuid_lookup.cpp.o[0m
[124.426s] [100%] [32m[1mLinking CXX executable vesc_device_namer[0m
[125.333s] [100%] Built target vesc_device_namer
[125.820s] Invoked command in '/home/jetson/senton_ws/build/vesc_driver' returned '0': CMAKE_PREFIX_PATH=/home/jetson/senton_ws/install/vesc_msgs:/home/jetson/nav_ws/install/pointcloud_to_laserscan:/home/jetson/senton_ws/install/vesc:/home/jetson/senton_ws/install/vesc_driver:/home/jetson/senton_ws/install/vesc_ackermann:/home/jetson/senton_ws/install/teleop_tools:/home/jetson/senton_ws/install/teleop_tools_msgs:/home/jetson/senton_ws/install/ackermann_mux:/home/jetson/ws_livox/install/livox_ros_driver2:/home/jetson/senton_ws/install/f1tenth_stack:/home/jetson/senton_ws/install/joy_teleop:/home/jetson/senton_ws/install/mouse_teleop:/home/jetson/senton_ws/install/key_teleop:/opt/ros/foxy LD_LIBRARY_PATH=/home/jetson/senton_ws/install/vesc_msgs/lib:/home/jetson/nav_ws/install/pointcloud_to_laserscan/lib:/home/jetson/senton_ws/install/vesc_driver/lib:/home/jetson/senton_ws/install/vesc_ackermann/lib:/home/jetson/senton_ws/install/teleop_tools_msgs/lib:/home/jetson/ws_livox/install/livox_ros_driver2/lib:/opt/ros/foxy/opt/yaml_cpp_vendor/lib:/opt/ros/foxy/opt/rviz_ogre_vendor/lib:/opt/ros/foxy/lib/aarch64-linux-gnu:/opt/ros/foxy/lib PYTHONPATH=/home/jetson/senton_ws/install/vesc_msgs/lib/python3.8/site-packages:/home/jetson/senton_ws/install/f1tenth_stack/lib/python3.8/site-packages:/home/jetson/senton_ws/install/joy_teleop/lib/python3.8/site-packages:/home/jetson/senton_ws/install/teleop_tools_msgs/lib/python3.8/site-packages:/home/jetson/senton_ws/install/mouse_teleop/lib/python3.8/site-packages:/home/jetson/senton_ws/install/key_teleop/lib/python3.8/site-packages:/home/jetson/ws_livox/install/livox_ros_driver2/lib/python3.8/site-packages:/opt/ros/foxy/lib/python3.8/site-packages /usr/bin/cmake --build /home/jetson/senton_ws/build/vesc_driver -- -j6 -l6
[126.236s] Invoking command in '/home/jetson/senton_ws/build/vesc_driver': CMAKE_PREFIX_PATH=/home/jetson/senton_ws/install/vesc_msgs:/home/jetson/nav_ws/install/pointcloud_to_laserscan:/home/jetson/senton_ws/install/vesc:/home/jetson/senton_ws/install/vesc_driver:/home/jetson/senton_ws/install/vesc_ackermann:/home/jetson/senton_ws/install/teleop_tools:/home/jetson/senton_ws/install/teleop_tools_msgs:/home/jetson/senton_ws/install/ackermann_mux:/home/jetson/ws_livox/install/livox_ros_driver2:/home/jetson/senton_ws/install/f1tenth_stack:/home/jetson/senton_ws/install/joy_teleop:/home/jetson/senton_ws/install/mouse_teleop:/home/jetson/senton_ws/install/key_teleop:/opt/ros/foxy LD_LIBRARY_PATH=/home/jetson/senton_ws/install/vesc_msgs/lib:/home/jetson/nav_ws/install/pointcloud_to_laserscan/lib:/home/jetson/senton_ws/install/vesc_driver/lib:/home/jetson/senton_ws/install/vesc_ackermann/lib:/home/jetson/senton_ws/install/teleop_tools_msgs/lib:/home/jetson/ws_livox/install/livox_ros_driver2/lib:/opt/ros/foxy/opt/yaml_cpp_vendor/lib:/opt/ros/foxy/opt/rviz_ogre_vendor/lib:/opt/ros/foxy/lib/aarch64-linux-gnu:/opt/ros/foxy/lib PYTHONPATH=/home/jetson/senton_ws/install/vesc_msgs/lib/python3.8/site-packages:/home/jetson/senton_ws/install/f1tenth_stack/lib/python3.8/site-packages:/home/jetson/senton_ws/install/joy_teleop/lib/python3.8/site-packages:/home/jetson/senton_ws/install/teleop_tools_msgs/lib/python3.8/site-packages:/home/jetson/senton_ws/install/mouse_teleop/lib/python3.8/site-packages:/home/jetson/senton_ws/install/key_teleop/lib/python3.8/site-packages:/home/jetson/ws_livox/install/livox_ros_driver2/lib/python3.8/site-packages:/opt/ros/foxy/lib/python3.8/site-packages /usr/bin/cmake --install /home/jetson/senton_ws/build/vesc_driver
[126.278s] -- Install configuration: ""
[126.282s] -- Execute custom install script
[126.289s] -- Symlinking: /home/jetson/senton_ws/install/vesc_driver/lib/vesc_driver/vesc_driver_node
[126.322s] -- Symlinking: /home/jetson/senton_ws/install/vesc_driver/include/vesc_driver/crc.hpp
[126.387s] -- Symlinking: /home/jetson/senton_ws/install/vesc_driver/include/vesc_driver/datatypes.hpp
[126.387s] -- Symlinking: /home/jetson/senton_ws/install/vesc_driver/include/vesc_driver/vesc_device_uuid_lookup.hpp
[126.397s] -- Symlinking: /home/jetson/senton_ws/install/vesc_driver/include/vesc_driver/vesc_driver.hpp
[126.433s] -- Symlinking: /home/jetson/senton_ws/install/vesc_driver/include/vesc_driver/vesc_interface.hpp
[126.464s] -- Symlinking: /home/jetson/senton_ws/install/vesc_driver/include/vesc_driver/vesc_packet.hpp
[126.489s] -- Symlinking: /home/jetson/senton_ws/install/vesc_driver/include/vesc_driver/vesc_packet_factory.hpp
[126.560s] -- Symlinking: /home/jetson/senton_ws/install/vesc_driver/share/vesc_driver/environment/library_path.sh
[126.586s] -- Symlinking: /home/jetson/senton_ws/install/vesc_driver/share/vesc_driver/environment/library_path.dsv
[126.616s] -- Symlinking: /home/jetson/senton_ws/install/vesc_driver/lib/libvesc_driver.so
[126.644s] -- Symlinking: /home/jetson/senton_ws/install/vesc_driver/lib/vesc_driver/vesc_device_namer
[126.680s] -- Symlinking: /home/jetson/senton_ws/install/vesc_driver/share/vesc_driver/launch/vesc_driver_node.launch.py
[126.706s] -- Symlinking: /home/jetson/senton_ws/install/vesc_driver/share/vesc_driver/params/vesc_config.yaml
[126.754s] -- Symlinking: /home/jetson/senton_ws/install/vesc_driver/share/ament_index/resource_index/package_run_dependencies/vesc_driver
[126.790s] -- Symlinking: /home/jetson/senton_ws/install/vesc_driver/share/ament_index/resource_index/parent_prefix_path/vesc_driver
[126.824s] -- Symlinking: /home/jetson/senton_ws/install/vesc_driver/share/vesc_driver/environment/ament_prefix_path.sh
[126.855s] -- Symlinking: /home/jetson/senton_ws/install/vesc_driver/share/vesc_driver/environment/ament_prefix_path.dsv
[126.903s] -- Symlinking: /home/jetson/senton_ws/install/vesc_driver/share/vesc_driver/environment/path.sh
[126.928s] -- Symlinking: /home/jetson/senton_ws/install/vesc_driver/share/vesc_driver/environment/path.dsv
[126.954s] -- Symlinking: /home/jetson/senton_ws/install/vesc_driver/share/vesc_driver/local_setup.bash
[127.000s] -- Symlinking: /home/jetson/senton_ws/install/vesc_driver/share/vesc_driver/local_setup.sh
[127.041s] -- Symlinking: /home/jetson/senton_ws/install/vesc_driver/share/vesc_driver/local_setup.zsh
[127.069s] -- Symlinking: /home/jetson/senton_ws/install/vesc_driver/share/vesc_driver/local_setup.dsv
[127.092s] -- Symlinking: /home/jetson/senton_ws/install/vesc_driver/share/vesc_driver/package.dsv
[127.119s] -- Symlinking: /home/jetson/senton_ws/install/vesc_driver/share/ament_index/resource_index/packages/vesc_driver
[127.145s] -- Symlinking: /home/jetson/senton_ws/install/vesc_driver/share/ament_index/resource_index/rclcpp_components/vesc_driver
[127.182s] -- Symlinking: /home/jetson/senton_ws/install/vesc_driver/share/vesc_driver/cmake/ament_cmake_export_dependencies-extras.cmake
[127.210s] -- Symlinking: /home/jetson/senton_ws/install/vesc_driver/share/vesc_driver/cmake/ament_cmake_export_include_directories-extras.cmake
[127.237s] -- Symlinking: /home/jetson/senton_ws/install/vesc_driver/share/vesc_driver/cmake/ament_cmake_export_libraries-extras.cmake
[127.283s] -- Symlinking: /home/jetson/senton_ws/install/vesc_driver/share/vesc_driver/cmake/vesc_driverConfig.cmake
[127.320s] -- Symlinking: /home/jetson/senton_ws/install/vesc_driver/share/vesc_driver/cmake/vesc_driverConfig-version.cmake
[127.346s] -- Symlinking: /home/jetson/senton_ws/install/vesc_driver/share/vesc_driver/package.xml
[127.393s] Invoked command in '/home/jetson/senton_ws/build/vesc_driver' returned '0': CMAKE_PREFIX_PATH=/home/jetson/senton_ws/install/vesc_msgs:/home/jetson/nav_ws/install/pointcloud_to_laserscan:/home/jetson/senton_ws/install/vesc:/home/jetson/senton_ws/install/vesc_driver:/home/jetson/senton_ws/install/vesc_ackermann:/home/jetson/senton_ws/install/teleop_tools:/home/jetson/senton_ws/install/teleop_tools_msgs:/home/jetson/senton_ws/install/ackermann_mux:/home/jetson/ws_livox/install/livox_ros_driver2:/home/jetson/senton_ws/install/f1tenth_stack:/home/jetson/senton_ws/install/joy_teleop:/home/jetson/senton_ws/install/mouse_teleop:/home/jetson/senton_ws/install/key_teleop:/opt/ros/foxy LD_LIBRARY_PATH=/home/jetson/senton_ws/install/vesc_msgs/lib:/home/jetson/nav_ws/install/pointcloud_to_laserscan/lib:/home/jetson/senton_ws/install/vesc_driver/lib:/home/jetson/senton_ws/install/vesc_ackermann/lib:/home/jetson/senton_ws/install/teleop_tools_msgs/lib:/home/jetson/ws_livox/install/livox_ros_driver2/lib:/opt/ros/foxy/opt/yaml_cpp_vendor/lib:/opt/ros/foxy/opt/rviz_ogre_vendor/lib:/opt/ros/foxy/lib/aarch64-linux-gnu:/opt/ros/foxy/lib PYTHONPATH=/home/jetson/senton_ws/install/vesc_msgs/lib/python3.8/site-packages:/home/jetson/senton_ws/install/f1tenth_stack/lib/python3.8/site-packages:/home/jetson/senton_ws/install/joy_teleop/lib/python3.8/site-packages:/home/jetson/senton_ws/install/teleop_tools_msgs/lib/python3.8/site-packages:/home/jetson/senton_ws/install/mouse_teleop/lib/python3.8/site-packages:/home/jetson/senton_ws/install/key_teleop/lib/python3.8/site-packages:/home/jetson/ws_livox/install/livox_ros_driver2/lib/python3.8/site-packages:/opt/ros/foxy/lib/python3.8/site-packages /usr/bin/cmake --install /home/jetson/senton_ws/build/vesc_driver
