-- The C compiler identification is GNU 9.4.0
-- The CXX compiler identification is GNU 9.4.0
-- Check for working C compiler: /usr/bin/cc
-- Check for working C compiler: /usr/bin/cc -- works
-- Detecting C compiler ABI info
-- Detecting C compiler ABI info - done
-- Detecting C compile features
-- Detecting C compile features - done
-- Check for working CXX compiler: /usr/bin/c++
-- Check for working CXX compiler: /usr/bin/c++ -- works
-- Detecting CXX compiler ABI info
-- Detecting CXX compiler ABI info - done
-- Detecting CXX compile features
-- Detecting CXX compile features - done
-- robot_localization: You did not request a specific build type: selecting 'RelWithDebInfo'.
-- Found ament_cmake: 0.9.12 (/opt/ros/foxy/share/ament_cmake/cmake)
-- Found PythonInterp: /usr/bin/python3 (found suitable version "3.8.10", minimum required is "3") 
-- Using PYTHON_EXECUTABLE: /usr/bin/python3
-- Override CMake install command with custom implementation using symlinks instead of copying resources
-- Found rclcpp: 2.4.3 (/opt/ros/foxy/share/rclcpp/cmake)
-- Using all available rosidl_typesupport_c: rosidl_typesupport_fastrtps_c;rosidl_typesupport_introspection_c
-- Found rosidl_adapter: 1.3.1 (/opt/ros/foxy/share/rosidl_adapter/cmake)
-- Found OpenSSL: /usr/lib/aarch64-linux-gnu/libcrypto.so (found version "1.1.1f")  
-- Found FastRTPS: /opt/ros/foxy/include  
-- Using all available rosidl_typesupport_cpp: rosidl_typesupport_fastrtps_cpp;rosidl_typesupport_introspection_cpp
-- Found rmw_implementation_cmake: 1.0.4 (/opt/ros/foxy/share/rmw_implementation_cmake/cmake)
-- Using RMW implementation 'rmw_fastrtps_cpp' as default
-- Looking for pthread.h
-- Looking for pthread.h - found
-- Performing Test CMAKE_HAVE_LIBC_PTHREAD
-- Performing Test CMAKE_HAVE_LIBC_PTHREAD - Failed
-- Looking for pthread_create in pthreads
-- Looking for pthread_create in pthreads - not found
-- Looking for pthread_create in pthread
-- Looking for pthread_create in pthread - found
-- Found Threads: TRUE  
-- Found diagnostic_msgs: 2.0.5 (/opt/ros/foxy/share/diagnostic_msgs/cmake)
-- Found diagnostic_updater: 3.1.2 (/opt/ros/foxy/share/diagnostic_updater/cmake)
-- Found geographic_msgs: 1.0.4 (/opt/ros/foxy/share/geographic_msgs/cmake)
-- Found nav_msgs: 2.0.5 (/opt/ros/foxy/share/nav_msgs/cmake)
-- Found rosidl_default_generators: 1.0.1 (/opt/ros/foxy/share/rosidl_default_generators/cmake)
-- Found sensor_msgs: 2.0.5 (/opt/ros/foxy/share/sensor_msgs/cmake)
-- Found std_srvs: 2.0.5 (/opt/ros/foxy/share/std_srvs/cmake)
-- Found tf2: 0.13.14 (/opt/ros/foxy/share/tf2/cmake)
-- Found tf2_eigen: 0.13.14 (/opt/ros/foxy/share/tf2_eigen/cmake)
-- Found tf2_geometry_msgs: 0.13.14 (/opt/ros/foxy/share/tf2_geometry_msgs/cmake)
-- Found Eigen3: TRUE (found version "3.3.7") 
-- Found Boost: /usr/lib/aarch64-linux-gnu/cmake/Boost-1.71.0/BoostConfig.cmake (found version "1.71.0")  
-- Found yaml_cpp_vendor: 7.0.3 (/opt/ros/foxy/share/yaml_cpp_vendor/cmake)
-- Setting yaml-cpp_DIR to: '/opt/ros/foxy/share/yaml_cpp_vendor/cmake/../../../opt/yaml_cpp_vendor/lib/cmake/yaml-cpp'
-- Found GeographicLib: /usr/lib/aarch64-linux-gnu  
-- Found PythonInterp: /usr/bin/python3 (found version "3.8.10") 
-- Found ament_cmake_cppcheck: 0.9.8 (/opt/ros/foxy/share/ament_cmake_cppcheck/cmake)
-- Found ament_cmake_cpplint: 0.9.8 (/opt/ros/foxy/share/ament_cmake_cpplint/cmake)
-- Found ament_cmake_uncrustify: 0.9.8 (/opt/ros/foxy/share/ament_cmake_uncrustify/cmake)
-- Found ament_cmake_ros: 0.9.2 (/opt/ros/foxy/share/ament_cmake_ros/cmake)
-- Using all available rosidl_typesupport_c: rosidl_typesupport_fastrtps_c;rosidl_typesupport_introspection_c
-- Using all available rosidl_typesupport_cpp: rosidl_typesupport_fastrtps_cpp;rosidl_typesupport_introspection_cpp
-- Found PythonInterp: /usr/bin/python3 (found suitable version "3.8.10", minimum required is "3.5") 
-- Found python_cmake_module: 0.8.1 (/opt/ros/foxy/share/python_cmake_module/cmake)
-- Found PythonLibs: /usr/lib/aarch64-linux-gnu/libpython3.8.so (found suitable version "3.8.10", minimum required is "3.5") 
-- Using PYTHON_EXECUTABLE: /usr/bin/python3
-- Using PYTHON_INCLUDE_DIRS: /usr/include/python3.8
-- Using PYTHON_LIBRARIES: /usr/lib/aarch64-linux-gnu/libpython3.8.so
-- Found PythonExtra: .so  
-- Found ament_cmake_flake8: 0.9.8 (/opt/ros/foxy/share/ament_cmake_flake8/cmake)
-- Found ament_cmake_pep257: 0.9.8 (/opt/ros/foxy/share/ament_cmake_pep257/cmake)
-- Found ament_cmake_lint_cmake: 0.9.8 (/opt/ros/foxy/share/ament_cmake_lint_cmake/cmake)
-- Found launch_testing_ament_cmake: 0.10.10 (/opt/ros/foxy/share/launch_testing_ament_cmake/cmake)
-- Using PYTHON_EXECUTABLE: /usr/bin/python3
-- Using PYTHON_INCLUDE_DIRS: /usr/include/python3.8
-- Using PYTHON_LIBRARIES: /usr/lib/aarch64-linux-gnu/libpython3.8.so
-- Found gtest sources under '/opt/ros/foxy/src/gtest_vendor': C++ tests using 'Google Test' will be built
-- Check if compiler accepts -pthread
-- Check if compiler accepts -pthread - yes
-- Configuring done
-- Generating done
-- Build files have been written to: /home/jetson/senton_ws/build/robot_localization
[35m[1mScanning dependencies of target gtest[0m
[  1%] [32mBuilding CXX object gtest/CMakeFiles/gtest.dir/src/gtest-all.cc.o[0m
[  2%] [32m[1mLinking CXX static library libgtest.a[0m
[  2%] Built target gtest
[35m[1mScanning dependencies of target gtest_main[0m
[  3%] [32mBuilding CXX object gtest/CMakeFiles/gtest_main.dir/src/gtest_main.cc.o[0m
[  3%] [32m[1mLinking CXX static library libgtest_main.a[0m
[  3%] Built target gtest_main
[  4%] [34m[1mGenerating C code for ROS interfaces[0m
[35m[1mScanning dependencies of target robot_localization__rosidl_generator_c[0m
[  4%] [32mBuilding C object CMakeFiles/robot_localization__rosidl_generator_c.dir/rosidl_generator_c/robot_localization/srv/detail/from_ll__functions.c.o[0m
[  5%] [32mBuilding C object CMakeFiles/robot_localization__rosidl_generator_c.dir/rosidl_generator_c/robot_localization/srv/detail/toggle_filter_processing__functions.c.o[0m
[  6%] [32mBuilding C object CMakeFiles/robot_localization__rosidl_generator_c.dir/rosidl_generator_c/robot_localization/srv/detail/to_ll__functions.c.o[0m
[  7%] [32mBuilding C object CMakeFiles/robot_localization__rosidl_generator_c.dir/rosidl_generator_c/robot_localization/srv/detail/set_pose__functions.c.o[0m
[  8%] [32mBuilding C object CMakeFiles/robot_localization__rosidl_generator_c.dir/rosidl_generator_c/robot_localization/srv/detail/set_datum__functions.c.o[0m
[  9%] [32mBuilding C object CMakeFiles/robot_localization__rosidl_generator_c.dir/rosidl_generator_c/robot_localization/srv/detail/get_state__functions.c.o[0m
[ 10%] [32m[1mLinking C shared library librobot_localization__rosidl_generator_c.so[0m
[ 10%] Built target robot_localization__rosidl_generator_c
[35m[1mScanning dependencies of target robot_localization__cpp[0m
[ 11%] [34m[1mGenerating C++ code for ROS interfaces[0m
[ 11%] Built target robot_localization__cpp
[ 12%] [34m[1mGenerating C introspection for ROS interfaces[0m
[35m[1mScanning dependencies of target robot_localization__rosidl_typesupport_introspection_c[0m
[ 13%] [32mBuilding C object CMakeFiles/robot_localization__rosidl_typesupport_introspection_c.dir/rosidl_typesupport_introspection_c/robot_localization/srv/detail/from_ll__type_support.c.o[0m
[ 14%] [32mBuilding C object CMakeFiles/robot_localization__rosidl_typesupport_introspection_c.dir/rosidl_typesupport_introspection_c/robot_localization/srv/detail/get_state__type_support.c.o[0m
[ 14%] [32mBuilding C object CMakeFiles/robot_localization__rosidl_typesupport_introspection_c.dir/rosidl_typesupport_introspection_c/robot_localization/srv/detail/set_datum__type_support.c.o[0m
[ 15%] [32mBuilding C object CMakeFiles/robot_localization__rosidl_typesupport_introspection_c.dir/rosidl_typesupport_introspection_c/robot_localization/srv/detail/set_pose__type_support.c.o[0m
[ 16%] [32mBuilding C object CMakeFiles/robot_localization__rosidl_typesupport_introspection_c.dir/rosidl_typesupport_introspection_c/robot_localization/srv/detail/toggle_filter_processing__type_support.c.o[0m
[ 17%] [32mBuilding C object CMakeFiles/robot_localization__rosidl_typesupport_introspection_c.dir/rosidl_typesupport_introspection_c/robot_localization/srv/detail/to_ll__type_support.c.o[0m
[ 18%] [32m[1mLinking C shared library librobot_localization__rosidl_typesupport_introspection_c.so[0m
[ 18%] Built target robot_localization__rosidl_typesupport_introspection_c
[ 19%] [34m[1mGenerating C++ introspection for ROS interfaces[0m
[35m[1mScanning dependencies of target robot_localization__rosidl_typesupport_introspection_cpp[0m
[ 19%] [32mBuilding CXX object CMakeFiles/robot_localization__rosidl_typesupport_introspection_cpp.dir/rosidl_typesupport_introspection_cpp/robot_localization/srv/detail/from_ll__type_support.cpp.o[0m
[ 20%] [32mBuilding CXX object CMakeFiles/robot_localization__rosidl_typesupport_introspection_cpp.dir/rosidl_typesupport_introspection_cpp/robot_localization/srv/detail/set_datum__type_support.cpp.o[0m
[ 21%] [32mBuilding CXX object CMakeFiles/robot_localization__rosidl_typesupport_introspection_cpp.dir/rosidl_typesupport_introspection_cpp/robot_localization/srv/detail/set_pose__type_support.cpp.o[0m
[ 22%] [32mBuilding CXX object CMakeFiles/robot_localization__rosidl_typesupport_introspection_cpp.dir/rosidl_typesupport_introspection_cpp/robot_localization/srv/detail/toggle_filter_processing__type_support.cpp.o[0m
[ 23%] [32mBuilding CXX object CMakeFiles/robot_localization__rosidl_typesupport_introspection_cpp.dir/rosidl_typesupport_introspection_cpp/robot_localization/srv/detail/to_ll__type_support.cpp.o[0m
[ 24%] [32mBuilding CXX object CMakeFiles/robot_localization__rosidl_typesupport_introspection_cpp.dir/rosidl_typesupport_introspection_cpp/robot_localization/srv/detail/get_state__type_support.cpp.o[0m
[ 25%] [32m[1mLinking CXX shared library librobot_localization__rosidl_typesupport_introspection_cpp.so[0m
[ 25%] Built target robot_localization__rosidl_typesupport_introspection_cpp
[ 26%] [34m[1mGenerating C++ type support for eProsima Fast-RTPS[0m
[35m[1mScanning dependencies of target robot_localization__rosidl_typesupport_fastrtps_cpp[0m
[ 27%] [32mBuilding CXX object CMakeFiles/robot_localization__rosidl_typesupport_fastrtps_cpp.dir/rosidl_typesupport_fastrtps_cpp/robot_localization/srv/detail/dds_fastrtps/from_ll__type_support.cpp.o[0m
[ 27%] [32mBuilding CXX object CMakeFiles/robot_localization__rosidl_typesupport_fastrtps_cpp.dir/rosidl_typesupport_fastrtps_cpp/robot_localization/srv/detail/dds_fastrtps/set_pose__type_support.cpp.o[0m
[ 28%] [32mBuilding CXX object CMakeFiles/robot_localization__rosidl_typesupport_fastrtps_cpp.dir/rosidl_typesupport_fastrtps_cpp/robot_localization/srv/detail/dds_fastrtps/toggle_filter_processing__type_support.cpp.o[0m
[ 29%] [32mBuilding CXX object CMakeFiles/robot_localization__rosidl_typesupport_fastrtps_cpp.dir/rosidl_typesupport_fastrtps_cpp/robot_localization/srv/detail/dds_fastrtps/to_ll__type_support.cpp.o[0m
[ 30%] [32mBuilding CXX object CMakeFiles/robot_localization__rosidl_typesupport_fastrtps_cpp.dir/rosidl_typesupport_fastrtps_cpp/robot_localization/srv/detail/dds_fastrtps/set_datum__type_support.cpp.o[0m
[ 31%] [32mBuilding CXX object CMakeFiles/robot_localization__rosidl_typesupport_fastrtps_cpp.dir/rosidl_typesupport_fastrtps_cpp/robot_localization/srv/detail/dds_fastrtps/get_state__type_support.cpp.o[0m
[ 32%] [32m[1mLinking CXX shared library librobot_localization__rosidl_typesupport_fastrtps_cpp.so[0m
[ 32%] Built target robot_localization__rosidl_typesupport_fastrtps_cpp
[ 33%] [34m[1mGenerating C++ type support dispatch for ROS interfaces[0m
[35m[1mScanning dependencies of target robot_localization__rosidl_typesupport_cpp[0m
[ 34%] [32mBuilding CXX object CMakeFiles/robot_localization__rosidl_typesupport_cpp.dir/rosidl_typesupport_cpp/robot_localization/srv/from_ll__type_support.cpp.o[0m
[ 35%] [32mBuilding CXX object CMakeFiles/robot_localization__rosidl_typesupport_cpp.dir/rosidl_typesupport_cpp/robot_localization/srv/set_pose__type_support.cpp.o[0m
[ 36%] [32mBuilding CXX object CMakeFiles/robot_localization__rosidl_typesupport_cpp.dir/rosidl_typesupport_cpp/robot_localization/srv/toggle_filter_processing__type_support.cpp.o[0m
[ 36%] [32mBuilding CXX object CMakeFiles/robot_localization__rosidl_typesupport_cpp.dir/rosidl_typesupport_cpp/robot_localization/srv/to_ll__type_support.cpp.o[0m
[ 37%] [32mBuilding CXX object CMakeFiles/robot_localization__rosidl_typesupport_cpp.dir/rosidl_typesupport_cpp/robot_localization/srv/set_datum__type_support.cpp.o[0m
[ 38%] [32mBuilding CXX object CMakeFiles/robot_localization__rosidl_typesupport_cpp.dir/rosidl_typesupport_cpp/robot_localization/srv/get_state__type_support.cpp.o[0m
[ 39%] [32m[1mLinking CXX shared library librobot_localization__rosidl_typesupport_cpp.so[0m
[ 39%] Built target robot_localization__rosidl_typesupport_cpp
[ 40%] [34m[1mGenerating C type support for eProsima Fast-RTPS[0m
[35m[1mScanning dependencies of target robot_localization__rosidl_typesupport_fastrtps_c[0m
[ 41%] [32mBuilding CXX object CMakeFiles/robot_localization__rosidl_typesupport_fastrtps_c.dir/rosidl_typesupport_fastrtps_c/robot_localization/srv/detail/from_ll__type_support_c.cpp.o[0m
[ 42%] [32mBuilding CXX object CMakeFiles/robot_localization__rosidl_typesupport_fastrtps_c.dir/rosidl_typesupport_fastrtps_c/robot_localization/srv/detail/toggle_filter_processing__type_support_c.cpp.o[0m
[ 42%] [32mBuilding CXX object CMakeFiles/robot_localization__rosidl_typesupport_fastrtps_c.dir/rosidl_typesupport_fastrtps_c/robot_localization/srv/detail/to_ll__type_support_c.cpp.o[0m
[ 43%] [32mBuilding CXX object CMakeFiles/robot_localization__rosidl_typesupport_fastrtps_c.dir/rosidl_typesupport_fastrtps_c/robot_localization/srv/detail/set_pose__type_support_c.cpp.o[0m
[ 44%] [32mBuilding CXX object CMakeFiles/robot_localization__rosidl_typesupport_fastrtps_c.dir/rosidl_typesupport_fastrtps_c/robot_localization/srv/detail/set_datum__type_support_c.cpp.o[0m
[ 45%] [32mBuilding CXX object CMakeFiles/robot_localization__rosidl_typesupport_fastrtps_c.dir/rosidl_typesupport_fastrtps_c/robot_localization/srv/detail/get_state__type_support_c.cpp.o[0m
[ 46%] [32m[1mLinking CXX shared library librobot_localization__rosidl_typesupport_fastrtps_c.so[0m
[ 46%] Built target robot_localization__rosidl_typesupport_fastrtps_c
[ 47%] [34m[1mGenerating C type support dispatch for ROS interfaces[0m
[35m[1mScanning dependencies of target robot_localization__rosidl_typesupport_c[0m
[ 47%] [32mBuilding CXX object CMakeFiles/robot_localization__rosidl_typesupport_c.dir/rosidl_typesupport_c/robot_localization/srv/from_ll__type_support.cpp.o[0m
[ 48%] [32mBuilding CXX object CMakeFiles/robot_localization__rosidl_typesupport_c.dir/rosidl_typesupport_c/robot_localization/srv/to_ll__type_support.cpp.o[0m
[ 49%] [32mBuilding CXX object CMakeFiles/robot_localization__rosidl_typesupport_c.dir/rosidl_typesupport_c/robot_localization/srv/toggle_filter_processing__type_support.cpp.o[0m
[ 50%] [32mBuilding CXX object CMakeFiles/robot_localization__rosidl_typesupport_c.dir/rosidl_typesupport_c/robot_localization/srv/set_pose__type_support.cpp.o[0m
[ 51%] [32mBuilding CXX object CMakeFiles/robot_localization__rosidl_typesupport_c.dir/rosidl_typesupport_c/robot_localization/srv/set_datum__type_support.cpp.o[0m
[ 52%] [32mBuilding CXX object CMakeFiles/robot_localization__rosidl_typesupport_c.dir/rosidl_typesupport_c/robot_localization/srv/get_state__type_support.cpp.o[0m
[ 53%] [32m[1mLinking CXX shared library librobot_localization__rosidl_typesupport_c.so[0m
[ 53%] Built target robot_localization__rosidl_typesupport_c
[35m[1mScanning dependencies of target robot_localization[0m
[ 53%] Built target robot_localization
[35m[1mScanning dependencies of target rl_lib[0m
[ 54%] [32mBuilding CXX object CMakeFiles/rl_lib.dir/src/ekf.cpp.o[0m
[ 55%] [32mBuilding CXX object CMakeFiles/rl_lib.dir/src/navsat_transform.cpp.o[0m
[ 55%] [32mBuilding CXX object CMakeFiles/rl_lib.dir/src/robot_localization_estimator.cpp.o[0m
[ 56%] [32mBuilding CXX object CMakeFiles/rl_lib.dir/src/filter_utilities.cpp.o[0m
[ 57%] [32mBuilding CXX object CMakeFiles/rl_lib.dir/src/filter_base.cpp.o[0m
[ 58%] [32mBuilding CXX object CMakeFiles/rl_lib.dir/src/ukf.cpp.o[0m
[ 59%] [32mBuilding CXX object CMakeFiles/rl_lib.dir/src/ros_robot_localization_listener.cpp.o[0m
[ 61%] [32mBuilding CXX object CMakeFiles/rl_lib.dir/src/ros_filter.cpp.o[0m
[ 61%] [32mBuilding CXX object CMakeFiles/rl_lib.dir/src/ros_filter_utilities.cpp.o[0m
[ 62%] [32m[1mLinking CXX shared library librl_lib.so[0m
[ 62%] Built target rl_lib
[35m[1mScanning dependencies of target test_ekf[0m
[35m[1mScanning dependencies of target test_navsat_conversions[0m
[35m[1mScanning dependencies of target test_ros_robot_localization_listener_publisher[0m
[35m[1mScanning dependencies of target robot_localization__py[0m
[35m[1mScanning dependencies of target ukf_node[0m
[35m[1mScanning dependencies of target test_ros_robot_localization_listener[0m
[ 63%] [34m[1mGenerating Python code for ROS interfaces[0m
[ 63%] [32mBuilding CXX object CMakeFiles/test_navsat_conversions.dir/test/test_navsat_conversions.cpp.o[0m
[ 63%] [32mBuilding CXX object CMakeFiles/test_ros_robot_localization_listener_publisher.dir/test/test_ros_robot_localization_listener_publisher.cpp.o[0m
[ 64%] [32mBuilding CXX object CMakeFiles/test_ekf.dir/test/test_ekf.cpp.o[0m
[ 65%] [32mBuilding CXX object CMakeFiles/ukf_node.dir/src/ukf_node.cpp.o[0m
[ 66%] [32mBuilding CXX object CMakeFiles/test_ros_robot_localization_listener.dir/test/test_ros_robot_localization_listener.cpp.o[0m
[ 67%] [32m[1mLinking CXX executable test_navsat_conversions[0m
[ 67%] Built target robot_localization__py
[35m[1mScanning dependencies of target test_robot_localization_estimator[0m
[ 68%] [32mBuilding CXX object CMakeFiles/test_robot_localization_estimator.dir/test/test_robot_localization_estimator.cpp.o[0m
[ 68%] Built target test_navsat_conversions
[35m[1mScanning dependencies of target ekf_node[0m
[ 68%] [32mBuilding CXX object CMakeFiles/ekf_node.dir/src/ekf_node.cpp.o[0m
[ 69%] [32m[1mLinking CXX executable test_robot_localization_estimator[0m
[ 69%] Built target test_robot_localization_estimator
[ 70%] [32m[1mLinking CXX executable ekf_node[0m
[ 70%] Built target ekf_node
[ 71%] [32m[1mLinking CXX executable test_ros_robot_localization_listener[0m
[ 72%] [32m[1mLinking CXX executable ukf_node[0m
[ 72%] Built target test_ros_robot_localization_listener
[ 72%] Built target ukf_node
[ 73%] [32m[1mLinking CXX executable test_ros_robot_localization_listener_publisher[0m
[ 73%] Built target test_ros_robot_localization_listener_publisher
[ 74%] [32m[1mLinking CXX executable test_ekf[0m
[ 74%] Built target test_ekf
[35m[1mScanning dependencies of target filter_base-test[0m
[ 75%] [32mBuilding CXX object CMakeFiles/filter_base-test.dir/test/test_filter_base.cpp.o[0m
[ 76%] [32m[1mLinking CXX executable filter_base-test[0m
[ 76%] Built target filter_base-test
[35m[1mScanning dependencies of target navsat_transform_node[0m
[ 77%] [32mBuilding CXX object CMakeFiles/navsat_transform_node.dir/src/navsat_transform_node.cpp.o[0m
[ 78%] [32m[1mLinking CXX executable navsat_transform_node[0m
[ 78%] Built target navsat_transform_node
[35m[1mScanning dependencies of target robot_localization_listener_node[0m
[ 79%] [32mBuilding CXX object CMakeFiles/robot_localization_listener_node.dir/src/robot_localization_listener_node.cpp.o[0m
[ 79%] [32m[1mLinking CXX executable robot_localization_listener_node[0m
[ 79%] Built target robot_localization_listener_node
[35m[1mScanning dependencies of target test_ukf_localization_node_interfaces[0m
[ 80%] [32mBuilding CXX object CMakeFiles/test_ukf_localization_node_interfaces.dir/test/test_ukf_localization_node_interfaces.cpp.o[0m
[ 81%] [32m[1mLinking CXX executable test_ukf_localization_node_interfaces[0m
[ 81%] Built target test_ukf_localization_node_interfaces
[35m[1mScanning dependencies of target test_navsat_transform[0m
[35m[1mScanning dependencies of target robot_localization__python[0m
[35m[1mScanning dependencies of target test_filter_base_diagnostics_timestamps[0m
[35m[1mScanning dependencies of target test_ekf_localization_node_interfaces[0m
[35m[1mScanning dependencies of target test_ukf[0m
[ 82%] [32mBuilding CXX object CMakeFiles/test_ekf_localization_node_interfaces.dir/test/test_ekf_localization_node_interfaces.cpp.o[0m
[ 83%] [32mBuilding CXX object CMakeFiles/test_navsat_transform.dir/test/test_navsat_transform.cpp.o[0m
[ 83%] [32mBuilding C object CMakeFiles/robot_localization__python.dir/rosidl_generator_py/robot_localization/srv/_get_state_s.c.o[0m
[ 84%] [32mBuilding C object CMakeFiles/robot_localization__python.dir/rosidl_generator_py/robot_localization/srv/_from_ll_s.c.o[0m
[ 85%] [32mBuilding CXX object CMakeFiles/test_ukf.dir/test/test_ukf.cpp.o[0m
[ 86%] [32mBuilding CXX object CMakeFiles/test_filter_base_diagnostics_timestamps.dir/test/test_filter_base_diagnostics_timestamps.cpp.o[0m
[ 87%] [32mBuilding C object CMakeFiles/robot_localization__python.dir/rosidl_generator_py/robot_localization/srv/_set_datum_s.c.o[0m
[ 88%] [32mBuilding C object CMakeFiles/robot_localization__python.dir/rosidl_generator_py/robot_localization/srv/_set_pose_s.c.o[0m
[ 89%] [32mBuilding C object CMakeFiles/robot_localization__python.dir/rosidl_generator_py/robot_localization/srv/_toggle_filter_processing_s.c.o[0m
[ 90%] [32mBuilding C object CMakeFiles/robot_localization__python.dir/rosidl_generator_py/robot_localization/srv/_to_ll_s.c.o[0m
[ 91%] [32m[1mLinking C shared library rosidl_generator_py/robot_localization/librobot_localization__python.so[0m
[ 91%] Built target robot_localization__python
[35m[1mScanning dependencies of target robot_localization__rosidl_typesupport_introspection_c__pyext[0m
[35m[1mScanning dependencies of target robot_localization__rosidl_typesupport_fastrtps_c__pyext[0m
[ 92%] [32mBuilding C object CMakeFiles/robot_localization__rosidl_typesupport_introspection_c__pyext.dir/rosidl_generator_py/robot_localization/_robot_localization_s.ep.rosidl_typesupport_introspection_c.c.o[0m
[ 93%] [32mBuilding C object CMakeFiles/robot_localization__rosidl_typesupport_fastrtps_c__pyext.dir/rosidl_generator_py/robot_localization/_robot_localization_s.ep.rosidl_typesupport_fastrtps_c.c.o[0m
[ 94%] [32m[1mLinking C shared library rosidl_generator_py/robot_localization/robot_localization_s__rosidl_typesupport_introspection_c.cpython-38-aarch64-linux-gnu.so[0m
[ 95%] [32m[1mLinking CXX shared library rosidl_generator_py/robot_localization/robot_localization_s__rosidl_typesupport_fastrtps_c.cpython-38-aarch64-linux-gnu.so[0m
[ 95%] Built target robot_localization__rosidl_typesupport_introspection_c__pyext
[35m[1mScanning dependencies of target robot_localization__rosidl_typesupport_c__pyext[0m
[ 96%] [32mBuilding C object CMakeFiles/robot_localization__rosidl_typesupport_c__pyext.dir/rosidl_generator_py/robot_localization/_robot_localization_s.ep.rosidl_typesupport_c.c.o[0m
[ 96%] Built target robot_localization__rosidl_typesupport_fastrtps_c__pyext
[ 96%] [32m[1mLinking C shared library rosidl_generator_py/robot_localization/robot_localization_s__rosidl_typesupport_c.cpython-38-aarch64-linux-gnu.so[0m
[ 96%] Built target robot_localization__rosidl_typesupport_c__pyext
[ 97%] [32m[1mLinking CXX executable test_navsat_transform[0m
[ 97%] Built target test_navsat_transform
[ 98%] [32m[1mLinking CXX executable test_ukf[0m
[ 98%] Built target test_ukf
[ 99%] [32m[1mLinking CXX executable test_filter_base_diagnostics_timestamps[0m
[ 99%] Built target test_filter_base_diagnostics_timestamps
[100%] [32m[1mLinking CXX executable test_ekf_localization_node_interfaces[0m
[100%] Built target test_ekf_localization_node_interfaces
-- Install configuration: "RelWithDebInfo"
-- Execute custom install script
-- Symlinking: /home/jetson/senton_ws/install/robot_localization/share/ament_index/resource_index/rosidl_interfaces/robot_localization
-- Symlinking: /home/jetson/senton_ws/install/robot_localization/include/robot_localization/msg/rosidl_generator_c__visibility_control.h
-- Symlinking: /home/jetson/senton_ws/install/robot_localization/include/robot_localization/srv/detail/from_ll__functions.h
-- Symlinking: /home/jetson/senton_ws/install/robot_localization/include/robot_localization/srv/detail/from_ll__struct.h
-- Symlinking: /home/jetson/senton_ws/install/robot_localization/include/robot_localization/srv/detail/from_ll__type_support.h
-- Symlinking: /home/jetson/senton_ws/install/robot_localization/include/robot_localization/srv/detail/get_state__functions.h
-- Symlinking: /home/jetson/senton_ws/install/robot_localization/include/robot_localization/srv/detail/get_state__struct.h
-- Symlinking: /home/jetson/senton_ws/install/robot_localization/include/robot_localization/srv/detail/get_state__type_support.h
-- Symlinking: /home/jetson/senton_ws/install/robot_localization/include/robot_localization/srv/detail/set_datum__functions.h
-- Symlinking: /home/jetson/senton_ws/install/robot_localization/include/robot_localization/srv/detail/set_datum__struct.h
-- Symlinking: /home/jetson/senton_ws/install/robot_localization/include/robot_localization/srv/detail/set_datum__type_support.h
-- Symlinking: /home/jetson/senton_ws/install/robot_localization/include/robot_localization/srv/detail/set_pose__functions.h
-- Symlinking: /home/jetson/senton_ws/install/robot_localization/include/robot_localization/srv/detail/set_pose__struct.h
-- Symlinking: /home/jetson/senton_ws/install/robot_localization/include/robot_localization/srv/detail/set_pose__type_support.h
-- Symlinking: /home/jetson/senton_ws/install/robot_localization/include/robot_localization/srv/detail/to_ll__functions.h
-- Symlinking: /home/jetson/senton_ws/install/robot_localization/include/robot_localization/srv/detail/to_ll__struct.h
-- Symlinking: /home/jetson/senton_ws/install/robot_localization/include/robot_localization/srv/detail/to_ll__type_support.h
-- Symlinking: /home/jetson/senton_ws/install/robot_localization/include/robot_localization/srv/detail/toggle_filter_processing__functions.h
-- Symlinking: /home/jetson/senton_ws/install/robot_localization/include/robot_localization/srv/detail/toggle_filter_processing__struct.h
-- Symlinking: /home/jetson/senton_ws/install/robot_localization/include/robot_localization/srv/detail/toggle_filter_processing__type_support.h
-- Symlinking: /home/jetson/senton_ws/install/robot_localization/include/robot_localization/srv/from_ll.h
-- Symlinking: /home/jetson/senton_ws/install/robot_localization/include/robot_localization/srv/get_state.h
-- Symlinking: /home/jetson/senton_ws/install/robot_localization/include/robot_localization/srv/set_datum.h
-- Symlinking: /home/jetson/senton_ws/install/robot_localization/include/robot_localization/srv/set_pose.h
-- Symlinking: /home/jetson/senton_ws/install/robot_localization/include/robot_localization/srv/to_ll.h
-- Symlinking: /home/jetson/senton_ws/install/robot_localization/include/robot_localization/srv/toggle_filter_processing.h
-- Symlinking: /home/jetson/senton_ws/install/robot_localization/share/robot_localization/environment/library_path.sh
-- Symlinking: /home/jetson/senton_ws/install/robot_localization/share/robot_localization/environment/library_path.dsv
-- Symlinking: /home/jetson/senton_ws/install/robot_localization/include/robot_localization/msg/rosidl_typesupport_fastrtps_c__visibility_control.h
-- Symlinking: /home/jetson/senton_ws/install/robot_localization/include/robot_localization/srv/detail/from_ll__rosidl_typesupport_fastrtps_c.h
-- Symlinking: /home/jetson/senton_ws/install/robot_localization/include/robot_localization/srv/detail/get_state__rosidl_typesupport_fastrtps_c.h
-- Symlinking: /home/jetson/senton_ws/install/robot_localization/include/robot_localization/srv/detail/set_datum__rosidl_typesupport_fastrtps_c.h
-- Symlinking: /home/jetson/senton_ws/install/robot_localization/include/robot_localization/srv/detail/set_pose__rosidl_typesupport_fastrtps_c.h
-- Symlinking: /home/jetson/senton_ws/install/robot_localization/include/robot_localization/srv/detail/to_ll__rosidl_typesupport_fastrtps_c.h
-- Symlinking: /home/jetson/senton_ws/install/robot_localization/include/robot_localization/srv/detail/toggle_filter_processing__rosidl_typesupport_fastrtps_c.h
-- Symlinking: /home/jetson/senton_ws/install/robot_localization/lib/librobot_localization__rosidl_typesupport_fastrtps_c.so
-- Symlinking: /home/jetson/senton_ws/install/robot_localization/include/robot_localization/msg/rosidl_typesupport_fastrtps_cpp__visibility_control.h
-- Symlinking: /home/jetson/senton_ws/install/robot_localization/include/robot_localization/srv/detail/from_ll__rosidl_typesupport_fastrtps_cpp.hpp
-- Symlinking: /home/jetson/senton_ws/install/robot_localization/include/robot_localization/srv/detail/get_state__rosidl_typesupport_fastrtps_cpp.hpp
-- Symlinking: /home/jetson/senton_ws/install/robot_localization/include/robot_localization/srv/detail/set_datum__rosidl_typesupport_fastrtps_cpp.hpp
-- Symlinking: /home/jetson/senton_ws/install/robot_localization/include/robot_localization/srv/detail/set_pose__rosidl_typesupport_fastrtps_cpp.hpp
-- Symlinking: /home/jetson/senton_ws/install/robot_localization/include/robot_localization/srv/detail/to_ll__rosidl_typesupport_fastrtps_cpp.hpp
-- Symlinking: /home/jetson/senton_ws/install/robot_localization/include/robot_localization/srv/detail/toggle_filter_processing__rosidl_typesupport_fastrtps_cpp.hpp
-- Symlinking: /home/jetson/senton_ws/install/robot_localization/lib/librobot_localization__rosidl_typesupport_fastrtps_cpp.so
-- Symlinking: /home/jetson/senton_ws/install/robot_localization/include/robot_localization/msg/rosidl_typesupport_introspection_c__visibility_control.h
-- Symlinking: /home/jetson/senton_ws/install/robot_localization/include/robot_localization/srv/detail/from_ll__rosidl_typesupport_introspection_c.h
-- Symlinking: /home/jetson/senton_ws/install/robot_localization/include/robot_localization/srv/detail/get_state__rosidl_typesupport_introspection_c.h
-- Symlinking: /home/jetson/senton_ws/install/robot_localization/include/robot_localization/srv/detail/set_datum__rosidl_typesupport_introspection_c.h
-- Symlinking: /home/jetson/senton_ws/install/robot_localization/include/robot_localization/srv/detail/set_pose__rosidl_typesupport_introspection_c.h
-- Symlinking: /home/jetson/senton_ws/install/robot_localization/include/robot_localization/srv/detail/to_ll__rosidl_typesupport_introspection_c.h
-- Symlinking: /home/jetson/senton_ws/install/robot_localization/include/robot_localization/srv/detail/toggle_filter_processing__rosidl_typesupport_introspection_c.h
-- Symlinking: /home/jetson/senton_ws/install/robot_localization/include/robot_localization/msg/rosidl_generator_cpp__visibility_control.hpp
-- Symlinking: /home/jetson/senton_ws/install/robot_localization/include/robot_localization/srv/detail/from_ll__builder.hpp
-- Symlinking: /home/jetson/senton_ws/install/robot_localization/include/robot_localization/srv/detail/from_ll__struct.hpp
-- Symlinking: /home/jetson/senton_ws/install/robot_localization/include/robot_localization/srv/detail/from_ll__traits.hpp
-- Symlinking: /home/jetson/senton_ws/install/robot_localization/include/robot_localization/srv/detail/from_ll__type_support.hpp
-- Symlinking: /home/jetson/senton_ws/install/robot_localization/include/robot_localization/srv/detail/get_state__builder.hpp
-- Symlinking: /home/jetson/senton_ws/install/robot_localization/include/robot_localization/srv/detail/get_state__struct.hpp
-- Symlinking: /home/jetson/senton_ws/install/robot_localization/include/robot_localization/srv/detail/get_state__traits.hpp
-- Symlinking: /home/jetson/senton_ws/install/robot_localization/include/robot_localization/srv/detail/get_state__type_support.hpp
-- Symlinking: /home/jetson/senton_ws/install/robot_localization/include/robot_localization/srv/detail/set_datum__builder.hpp
-- Symlinking: /home/jetson/senton_ws/install/robot_localization/include/robot_localization/srv/detail/set_datum__struct.hpp
-- Symlinking: /home/jetson/senton_ws/install/robot_localization/include/robot_localization/srv/detail/set_datum__traits.hpp
-- Symlinking: /home/jetson/senton_ws/install/robot_localization/include/robot_localization/srv/detail/set_datum__type_support.hpp
-- Symlinking: /home/jetson/senton_ws/install/robot_localization/include/robot_localization/srv/detail/set_pose__builder.hpp
-- Symlinking: /home/jetson/senton_ws/install/robot_localization/include/robot_localization/srv/detail/set_pose__struct.hpp
-- Symlinking: /home/jetson/senton_ws/install/robot_localization/include/robot_localization/srv/detail/set_pose__traits.hpp
-- Symlinking: /home/jetson/senton_ws/install/robot_localization/include/robot_localization/srv/detail/set_pose__type_support.hpp
-- Symlinking: /home/jetson/senton_ws/install/robot_localization/include/robot_localization/srv/detail/to_ll__builder.hpp
-- Symlinking: /home/jetson/senton_ws/install/robot_localization/include/robot_localization/srv/detail/to_ll__struct.hpp
-- Symlinking: /home/jetson/senton_ws/install/robot_localization/include/robot_localization/srv/detail/to_ll__traits.hpp
-- Symlinking: /home/jetson/senton_ws/install/robot_localization/include/robot_localization/srv/detail/to_ll__type_support.hpp
-- Symlinking: /home/jetson/senton_ws/install/robot_localization/include/robot_localization/srv/detail/toggle_filter_processing__builder.hpp
-- Symlinking: /home/jetson/senton_ws/install/robot_localization/include/robot_localization/srv/detail/toggle_filter_processing__struct.hpp
-- Symlinking: /home/jetson/senton_ws/install/robot_localization/include/robot_localization/srv/detail/toggle_filter_processing__traits.hpp
-- Symlinking: /home/jetson/senton_ws/install/robot_localization/include/robot_localization/srv/detail/toggle_filter_processing__type_support.hpp
-- Symlinking: /home/jetson/senton_ws/install/robot_localization/include/robot_localization/srv/from_ll.hpp
-- Symlinking: /home/jetson/senton_ws/install/robot_localization/include/robot_localization/srv/get_state.hpp
-- Symlinking: /home/jetson/senton_ws/install/robot_localization/include/robot_localization/srv/set_datum.hpp
-- Symlinking: /home/jetson/senton_ws/install/robot_localization/include/robot_localization/srv/set_pose.hpp
-- Symlinking: /home/jetson/senton_ws/install/robot_localization/include/robot_localization/srv/to_ll.hpp
-- Symlinking: /home/jetson/senton_ws/install/robot_localization/include/robot_localization/srv/toggle_filter_processing.hpp
-- Symlinking: /home/jetson/senton_ws/install/robot_localization/include/robot_localization/srv/detail/from_ll__rosidl_typesupport_introspection_cpp.hpp
-- Symlinking: /home/jetson/senton_ws/install/robot_localization/include/robot_localization/srv/detail/get_state__rosidl_typesupport_introspection_cpp.hpp
-- Symlinking: /home/jetson/senton_ws/install/robot_localization/include/robot_localization/srv/detail/set_datum__rosidl_typesupport_introspection_cpp.hpp
-- Symlinking: /home/jetson/senton_ws/install/robot_localization/include/robot_localization/srv/detail/set_pose__rosidl_typesupport_introspection_cpp.hpp
-- Symlinking: /home/jetson/senton_ws/install/robot_localization/include/robot_localization/srv/detail/to_ll__rosidl_typesupport_introspection_cpp.hpp
-- Symlinking: /home/jetson/senton_ws/install/robot_localization/include/robot_localization/srv/detail/toggle_filter_processing__rosidl_typesupport_introspection_cpp.hpp
-- Symlinking: /home/jetson/senton_ws/install/robot_localization/share/robot_localization/environment/pythonpath.sh
-- Symlinking: /home/jetson/senton_ws/install/robot_localization/share/robot_localization/environment/pythonpath.dsv
-- Symlinking: /home/jetson/senton_ws/install/robot_localization/lib/python3.8/site-packages/robot_localization/__init__.py
-- Symlinking: /home/jetson/senton_ws/install/robot_localization/lib/python3.8/site-packages/robot_localization/srv/__init__.py
-- Symlinking: /home/jetson/senton_ws/install/robot_localization/lib/python3.8/site-packages/robot_localization/srv/_from_ll.py
-- Symlinking: /home/jetson/senton_ws/install/robot_localization/lib/python3.8/site-packages/robot_localization/srv/_get_state.py
-- Symlinking: /home/jetson/senton_ws/install/robot_localization/lib/python3.8/site-packages/robot_localization/srv/_set_datum.py
-- Symlinking: /home/jetson/senton_ws/install/robot_localization/lib/python3.8/site-packages/robot_localization/srv/_set_pose.py
-- Symlinking: /home/jetson/senton_ws/install/robot_localization/lib/python3.8/site-packages/robot_localization/srv/_to_ll.py
-- Symlinking: /home/jetson/senton_ws/install/robot_localization/lib/python3.8/site-packages/robot_localization/srv/_toggle_filter_processing.py
-- Symlinking: /home/jetson/senton_ws/install/robot_localization/lib/python3.8/site-packages/robot_localization/robot_localization_s__rosidl_typesupport_fastrtps_c.cpython-38-aarch64-linux-gnu.so
-- Symlinking: /home/jetson/senton_ws/install/robot_localization/lib/python3.8/site-packages/robot_localization/robot_localization_s__rosidl_typesupport_introspection_c.cpython-38-aarch64-linux-gnu.so
-- Symlinking: /home/jetson/senton_ws/install/robot_localization/lib/python3.8/site-packages/robot_localization/robot_localization_s__rosidl_typesupport_c.cpython-38-aarch64-linux-gnu.so
-- Symlinking: /home/jetson/senton_ws/install/robot_localization/lib/librobot_localization__python.so
-- Symlinking: /home/jetson/senton_ws/install/robot_localization/share/robot_localization/srv/FromLL.idl
-- Symlinking: /home/jetson/senton_ws/install/robot_localization/share/robot_localization/srv/GetState.idl
-- Symlinking: /home/jetson/senton_ws/install/robot_localization/share/robot_localization/srv/SetDatum.idl
-- Symlinking: /home/jetson/senton_ws/install/robot_localization/share/robot_localization/srv/SetPose.idl
-- Symlinking: /home/jetson/senton_ws/install/robot_localization/share/robot_localization/srv/ToggleFilterProcessing.idl
-- Symlinking: /home/jetson/senton_ws/install/robot_localization/share/robot_localization/srv/ToLL.idl
-- Symlinking: /home/jetson/senton_ws/install/robot_localization/share/robot_localization/srv/FromLL.srv
-- Symlinking: /home/jetson/senton_ws/install/robot_localization/share/robot_localization/srv/FromLL_Request.msg
-- Symlinking: /home/jetson/senton_ws/install/robot_localization/share/robot_localization/srv/FromLL_Response.msg
-- Symlinking: /home/jetson/senton_ws/install/robot_localization/share/robot_localization/srv/GetState.srv
-- Symlinking: /home/jetson/senton_ws/install/robot_localization/share/robot_localization/srv/GetState_Request.msg
-- Symlinking: /home/jetson/senton_ws/install/robot_localization/share/robot_localization/srv/GetState_Response.msg
-- Symlinking: /home/jetson/senton_ws/install/robot_localization/share/robot_localization/srv/SetDatum.srv
-- Symlinking: /home/jetson/senton_ws/install/robot_localization/share/robot_localization/srv/SetDatum_Request.msg
-- Symlinking: /home/jetson/senton_ws/install/robot_localization/share/robot_localization/srv/SetDatum_Response.msg
-- Symlinking: /home/jetson/senton_ws/install/robot_localization/share/robot_localization/srv/SetPose.srv
-- Symlinking: /home/jetson/senton_ws/install/robot_localization/share/robot_localization/srv/SetPose_Request.msg
-- Symlinking: /home/jetson/senton_ws/install/robot_localization/share/robot_localization/srv/SetPose_Response.msg
-- Symlinking: /home/jetson/senton_ws/install/robot_localization/share/robot_localization/srv/ToggleFilterProcessing.srv
-- Symlinking: /home/jetson/senton_ws/install/robot_localization/share/robot_localization/srv/ToggleFilterProcessing_Request.msg
-- Symlinking: /home/jetson/senton_ws/install/robot_localization/share/robot_localization/srv/ToggleFilterProcessing_Response.msg
-- Symlinking: /home/jetson/senton_ws/install/robot_localization/share/robot_localization/srv/ToLL.srv
-- Symlinking: /home/jetson/senton_ws/install/robot_localization/share/robot_localization/srv/ToLL_Request.msg
-- Symlinking: /home/jetson/senton_ws/install/robot_localization/share/robot_localization/srv/ToLL_Response.msg
-- Symlinking: /home/jetson/senton_ws/install/robot_localization/lib/robot_localization/filter_base-test
-- Symlinking: /home/jetson/senton_ws/install/robot_localization/lib/robot_localization/test_filter_base_diagnostics_timestamps
-- Symlinking: /home/jetson/senton_ws/install/robot_localization/lib/robot_localization/test_ekf
-- Symlinking: /home/jetson/senton_ws/install/robot_localization/lib/robot_localization/test_ekf_localization_node_interfaces
-- Symlinking: /home/jetson/senton_ws/install/robot_localization/lib/robot_localization/test_ukf
-- Symlinking: /home/jetson/senton_ws/install/robot_localization/lib/robot_localization/test_ukf_localization_node_interfaces
-- Symlinking: /home/jetson/senton_ws/install/robot_localization/lib/robot_localization/test_robot_localization_estimator
-- Symlinking: /home/jetson/senton_ws/install/robot_localization/lib/robot_localization/test_navsat_conversions
-- Symlinking: /home/jetson/senton_ws/install/robot_localization/lib/robot_localization/test_navsat_transform
-- Symlinking: /home/jetson/senton_ws/install/robot_localization/lib/robot_localization/test_ros_robot_localization_listener
-- Symlinking: /home/jetson/senton_ws/install/robot_localization/lib/robot_localization/test_ros_robot_localization_listener_publisher
-- Symlinking: /home/jetson/senton_ws/install/robot_localization/lib/robot_localization/navsat_transform_node
-- Symlinking: /home/jetson/senton_ws/install/robot_localization/lib/robot_localization/ekf_node
-- Symlinking: /home/jetson/senton_ws/install/robot_localization/lib/robot_localization/ukf_node
-- Symlinking: /home/jetson/senton_ws/install/robot_localization/lib/robot_localization/robot_localization_listener_node
-- Symlinking: /home/jetson/senton_ws/install/robot_localization/lib/librl_lib.so
-- Symlinking: /home/jetson/senton_ws/install/robot_localization/share/ament_index/resource_index/package_run_dependencies/robot_localization
-- Symlinking: /home/jetson/senton_ws/install/robot_localization/share/ament_index/resource_index/parent_prefix_path/robot_localization
-- Symlinking: /home/jetson/senton_ws/install/robot_localization/share/robot_localization/environment/ament_prefix_path.sh
-- Symlinking: /home/jetson/senton_ws/install/robot_localization/share/robot_localization/environment/ament_prefix_path.dsv
-- Symlinking: /home/jetson/senton_ws/install/robot_localization/share/robot_localization/environment/path.sh
-- Symlinking: /home/jetson/senton_ws/install/robot_localization/share/robot_localization/environment/path.dsv
-- Symlinking: /home/jetson/senton_ws/install/robot_localization/share/robot_localization/local_setup.bash
-- Symlinking: /home/jetson/senton_ws/install/robot_localization/share/robot_localization/local_setup.sh
-- Symlinking: /home/jetson/senton_ws/install/robot_localization/share/robot_localization/local_setup.zsh
-- Symlinking: /home/jetson/senton_ws/install/robot_localization/share/robot_localization/local_setup.dsv
-- Symlinking: /home/jetson/senton_ws/install/robot_localization/share/robot_localization/package.dsv
-- Symlinking: /home/jetson/senton_ws/install/robot_localization/share/ament_index/resource_index/packages/robot_localization
-- Symlinking: /home/jetson/senton_ws/install/robot_localization/share/robot_localization/cmake/rosidl_cmake-extras.cmake
-- Symlinking: /home/jetson/senton_ws/install/robot_localization/share/robot_localization/cmake/ament_cmake_export_dependencies-extras.cmake
-- Symlinking: /home/jetson/senton_ws/install/robot_localization/share/robot_localization/cmake/ament_cmake_export_libraries-extras.cmake
-- Symlinking: /home/jetson/senton_ws/install/robot_localization/share/robot_localization/cmake/ament_cmake_export_targets-extras.cmake
-- Symlinking: /home/jetson/senton_ws/install/robot_localization/share/robot_localization/cmake/ament_cmake_export_include_directories-extras.cmake
-- Symlinking: /home/jetson/senton_ws/install/robot_localization/share/robot_localization/cmake/rosidl_cmake_export_typesupport_libraries-extras.cmake
-- Symlinking: /home/jetson/senton_ws/install/robot_localization/share/robot_localization/cmake/rosidl_cmake_export_typesupport_targets-extras.cmake
-- Symlinking: /home/jetson/senton_ws/install/robot_localization/share/robot_localization/cmake/robot_localizationConfig.cmake
-- Symlinking: /home/jetson/senton_ws/install/robot_localization/share/robot_localization/cmake/robot_localizationConfig-version.cmake
-- Symlinking: /home/jetson/senton_ws/install/robot_localization/share/robot_localization/package.xml
-- Installing: /home/jetson/senton_ws/install/robot_localization/lib/librobot_localization__rosidl_generator_c.so
-- Set runtime path of "/home/jetson/senton_ws/install/robot_localization/lib/librobot_localization__rosidl_generator_c.so" to ""
-- Installing: /home/jetson/senton_ws/install/robot_localization/lib/librobot_localization__rosidl_typesupport_introspection_c.so
-- Set runtime path of "/home/jetson/senton_ws/install/robot_localization/lib/librobot_localization__rosidl_typesupport_introspection_c.so" to ""
-- Installing: /home/jetson/senton_ws/install/robot_localization/lib/librobot_localization__rosidl_typesupport_c.so
-- Set runtime path of "/home/jetson/senton_ws/install/robot_localization/lib/librobot_localization__rosidl_typesupport_c.so" to ""
-- Installing: /home/jetson/senton_ws/install/robot_localization/lib/librobot_localization__rosidl_typesupport_introspection_cpp.so
-- Set runtime path of "/home/jetson/senton_ws/install/robot_localization/lib/librobot_localization__rosidl_typesupport_introspection_cpp.so" to ""
-- Installing: /home/jetson/senton_ws/install/robot_localization/lib/librobot_localization__rosidl_typesupport_cpp.so
-- Set runtime path of "/home/jetson/senton_ws/install/robot_localization/lib/librobot_localization__rosidl_typesupport_cpp.so" to ""
Compiling '/home/jetson/senton_ws/install/robot_localization/lib/python3.8/site-packages/robot_localization/__init__.py'...
-- Installing: /home/jetson/senton_ws/install/robot_localization/share/robot_localization/test
-- Installing: /home/jetson/senton_ws/install/robot_localization/share/robot_localization/test/test_ukf_localization_node_bag2.launch.py
-- Installing: /home/jetson/senton_ws/install/robot_localization/share/robot_localization/test/test_filter_base_diagnostics_timestamps.yaml
-- Installing: /home/jetson/senton_ws/install/robot_localization/share/robot_localization/test/test_ekf_localization_node_bag2.launch.py
-- Installing: /home/jetson/senton_ws/install/robot_localization/share/robot_localization/test/test_localization_node_bag_pose_tester.cpp
-- Installing: /home/jetson/senton_ws/install/robot_localization/share/robot_localization/test/test_navsat_transform.cpp
-- Installing: /home/jetson/senton_ws/install/robot_localization/share/robot_localization/test/test_ros_robot_localization_listener.launch.py
-- Installing: /home/jetson/senton_ws/install/robot_localization/share/robot_localization/test/test_filter_base.cpp
-- Installing: /home/jetson/senton_ws/install/robot_localization/share/robot_localization/test/test_ros_robot_localization_listener_publisher.cpp
-- Installing: /home/jetson/senton_ws/install/robot_localization/share/robot_localization/test/test_navsat_conversions.cpp
-- Installing: /home/jetson/senton_ws/install/robot_localization/share/robot_localization/test/test_ekf_localization_node_bag2.sh
-- Installing: /home/jetson/senton_ws/install/robot_localization/share/robot_localization/test/test_ekf_localization_node_bag3.sh
-- Installing: /home/jetson/senton_ws/install/robot_localization/share/robot_localization/test/test_ukf_localization_node_bag1.sh
-- Installing: /home/jetson/senton_ws/install/robot_localization/share/robot_localization/test/test_ukf_localization_node_interfaces.launch.py
-- Installing: /home/jetson/senton_ws/install/robot_localization/share/robot_localization/test/test_ukf_localization_node_bag1.launch.py
-- Installing: /home/jetson/senton_ws/install/robot_localization/share/robot_localization/test/test3.bag
-- Installing: /home/jetson/senton_ws/install/robot_localization/share/robot_localization/test/test_ukf_localization_node_bag2.yaml
-- Installing: /home/jetson/senton_ws/install/robot_localization/share/robot_localization/test/test_ukf_localization_node_bag2.sh
-- Installing: /home/jetson/senton_ws/install/robot_localization/share/robot_localization/test/test_ukf_localization_node_bag1.yaml
-- Installing: /home/jetson/senton_ws/install/robot_localization/share/robot_localization/test/test_ekf_localization_node_bag3.launch.py
-- Installing: /home/jetson/senton_ws/install/robot_localization/share/robot_localization/test/test_navsat_transform.launch.py
-- Installing: /home/jetson/senton_ws/install/robot_localization/share/robot_localization/test/test_ekf_localization_node_bag1.launch.py
-- Installing: /home/jetson/senton_ws/install/robot_localization/share/robot_localization/test/test_ukf_localization_node_interfaces.yaml
-- Installing: /home/jetson/senton_ws/install/robot_localization/share/robot_localization/test/test_ekf_localization_node_bag3.yaml
-- Installing: /home/jetson/senton_ws/install/robot_localization/share/robot_localization/test/test_ekf.cpp
-- Installing: /home/jetson/senton_ws/install/robot_localization/share/robot_localization/test/test_robot_localization_estimator.launch.py
-- Installing: /home/jetson/senton_ws/install/robot_localization/share/robot_localization/test/test_ekf_localization_node_interfaces.yaml
-- Installing: /home/jetson/senton_ws/install/robot_localization/share/robot_localization/test/test_ros_robot_localization_listener.cpp
-- Installing: /home/jetson/senton_ws/install/robot_localization/share/robot_localization/test/test_ukf.cpp
-- Installing: /home/jetson/senton_ws/install/robot_localization/share/robot_localization/test/test_robot_localization_estimator.cpp
-- Installing: /home/jetson/senton_ws/install/robot_localization/share/robot_localization/test/test_ukf_localization_node_interfaces.cpp
-- Installing: /home/jetson/senton_ws/install/robot_localization/share/robot_localization/test/test_ekf_localization_node_interfaces.launch.py
-- Installing: /home/jetson/senton_ws/install/robot_localization/share/robot_localization/test/test_ukf_localization_node_bag3.yaml
-- Installing: /home/jetson/senton_ws/install/robot_localization/share/robot_localization/test/test_ukf_localization_node_bag3.launch.py
-- Installing: /home/jetson/senton_ws/install/robot_localization/share/robot_localization/test/test_ekf_localization_node_bag2.yaml
-- Installing: /home/jetson/senton_ws/install/robot_localization/share/robot_localization/test/test_filter_base_diagnostics_timestamps.launch.py
-- Installing: /home/jetson/senton_ws/install/robot_localization/share/robot_localization/test/test2.bag
-- Installing: /home/jetson/senton_ws/install/robot_localization/share/robot_localization/test/test_ekf_localization_node_bag1.yaml
-- Installing: /home/jetson/senton_ws/install/robot_localization/share/robot_localization/test/test1.bag
-- Installing: /home/jetson/senton_ws/install/robot_localization/share/robot_localization/test/test_ekf_localization_node_bag1.sh
-- Installing: /home/jetson/senton_ws/install/robot_localization/share/robot_localization/test/test_filter_base_diagnostics_timestamps.cpp
-- Installing: /home/jetson/senton_ws/install/robot_localization/share/robot_localization/test/test_ukf_localization_node_bag3.sh
-- Installing: /home/jetson/senton_ws/install/robot_localization/share/robot_localization/test/test_ros_robot_localization_listener.yaml
-- Installing: /home/jetson/senton_ws/install/robot_localization/share/robot_localization/test/test_ekf_localization_node_interfaces.cpp
-- Up-to-date: /home/jetson/senton_ws/install/robot_localization/include
-- Up-to-date: /home/jetson/senton_ws/install/robot_localization/include/robot_localization
-- Installing: /home/jetson/senton_ws/install/robot_localization/include/robot_localization/robot_localization_estimator.hpp
-- Installing: /home/jetson/senton_ws/install/robot_localization/include/robot_localization/filter_base.hpp
-- Installing: /home/jetson/senton_ws/install/robot_localization/include/robot_localization/filter_state.hpp
-- Installing: /home/jetson/senton_ws/install/robot_localization/include/robot_localization/ros_robot_localization_listener.hpp
-- Installing: /home/jetson/senton_ws/install/robot_localization/include/robot_localization/filter_utilities.hpp
-- Installing: /home/jetson/senton_ws/install/robot_localization/include/robot_localization/measurement.hpp
-- Installing: /home/jetson/senton_ws/install/robot_localization/include/robot_localization/navsat_conversions.hpp
-- Installing: /home/jetson/senton_ws/install/robot_localization/include/robot_localization/ros_filter_types.hpp
-- Installing: /home/jetson/senton_ws/install/robot_localization/include/robot_localization/navsat_transform.hpp
-- Installing: /home/jetson/senton_ws/install/robot_localization/include/robot_localization/ukf.hpp
-- Installing: /home/jetson/senton_ws/install/robot_localization/include/robot_localization/ros_filter_utilities.hpp
-- Installing: /home/jetson/senton_ws/install/robot_localization/include/robot_localization/ekf.hpp
-- Installing: /home/jetson/senton_ws/install/robot_localization/include/robot_localization/filter_common.hpp
-- Installing: /home/jetson/senton_ws/install/robot_localization/include/robot_localization/ros_filter.hpp
-- Installing: /home/jetson/senton_ws/install/robot_localization/share/robot_localization/params
-- Installing: /home/jetson/senton_ws/install/robot_localization/share/robot_localization/params/ekf.yaml
-- Installing: /home/jetson/senton_ws/install/robot_localization/share/robot_localization/params/ukf.yaml
-- Installing: /home/jetson/senton_ws/install/robot_localization/share/robot_localization/params/navsat_transform.yaml
-- Installing: /home/jetson/senton_ws/install/robot_localization/share/robot_localization/params/dual_ekf_navsat_example.yaml
-- Installing: /home/jetson/senton_ws/install/robot_localization/share/robot_localization/launch
-- Installing: /home/jetson/senton_ws/install/robot_localization/share/robot_localization/launch/ukf.launch.py
-- Installing: /home/jetson/senton_ws/install/robot_localization/share/robot_localization/launch/ekf.launch.py
-- Installing: /home/jetson/senton_ws/install/robot_localization/share/robot_localization/launch/dual_ekf_navsat_example.launch.py
-- Installing: /home/jetson/senton_ws/install/robot_localization/share/robot_localization/launch/navsat_transform.launch.py
-- Installing: /home/jetson/senton_ws/install/robot_localization/share/robot_localization/cmake/robot_localization__rosidl_generator_cExport.cmake
-- Installing: /home/jetson/senton_ws/install/robot_localization/share/robot_localization/cmake/robot_localization__rosidl_generator_cExport-relwithdebinfo.cmake
-- Installing: /home/jetson/senton_ws/install/robot_localization/share/robot_localization/cmake/robot_localization__rosidl_typesupport_introspection_cExport.cmake
-- Installing: /home/jetson/senton_ws/install/robot_localization/share/robot_localization/cmake/robot_localization__rosidl_typesupport_introspection_cExport-relwithdebinfo.cmake
-- Installing: /home/jetson/senton_ws/install/robot_localization/share/robot_localization/cmake/robot_localization__rosidl_typesupport_cExport.cmake
-- Installing: /home/jetson/senton_ws/install/robot_localization/share/robot_localization/cmake/robot_localization__rosidl_typesupport_cExport-relwithdebinfo.cmake
-- Installing: /home/jetson/senton_ws/install/robot_localization/share/robot_localization/cmake/robot_localization__rosidl_generator_cppExport.cmake
-- Installing: /home/jetson/senton_ws/install/robot_localization/share/robot_localization/cmake/robot_localization__rosidl_typesupport_introspection_cppExport.cmake
-- Installing: /home/jetson/senton_ws/install/robot_localization/share/robot_localization/cmake/robot_localization__rosidl_typesupport_introspection_cppExport-relwithdebinfo.cmake
-- Installing: /home/jetson/senton_ws/install/robot_localization/share/robot_localization/cmake/robot_localization__rosidl_typesupport_cppExport.cmake
-- Installing: /home/jetson/senton_ws/install/robot_localization/share/robot_localization/cmake/robot_localization__rosidl_typesupport_cppExport-relwithdebinfo.cmake
