[2.700s] Invoking command in '/home/jetson/senton_ws/build/f1tenth_stack': AMENT_PREFIX_PATH=/home/jetson/senton_ws/install/joy_teleop:/home/jetson/nav_ws/install/pointcloud_to_laserscan:/home/jetson/senton_ws/install/f1tenth_stack:/home/jetson/senton_ws/install/vesc:/home/jetson/senton_ws/install/vesc_driver:/home/jetson/senton_ws/install/vesc_ackermann:/home/jetson/senton_ws/install/vesc_msgs:/home/jetson/senton_ws/install/teleop_tools:/home/jetson/senton_ws/install/teleop_tools_msgs:/home/jetson/senton_ws/install/mouse_teleop:/home/jetson/senton_ws/install/key_teleop:/home/jetson/senton_ws/install/ackermann_mux:/home/jetson/ws_livox/install/livox_ros_driver2:/opt/ros/foxy CMAKE_PREFIX_PATH=/home/jetson/senton_ws/install/vesc:/home/jetson/senton_ws/install/vesc_driver:/home/jetson/senton_ws/install/vesc_ackermann:/home/jetson/senton_ws/install/vesc_msgs:/home/jetson/senton_ws/install/teleop_tools_msgs:/home/jetson/senton_ws/install/ackermann_mux:/home/jetson/nav_ws/install/pointcloud_to_laserscan:/home/jetson/senton_ws/install/teleop_tools:/home/jetson/ws_livox/install/livox_ros_driver2 LD_LIBRARY_PATH=/home/jetson/senton_ws/install/vesc_driver/lib:/home/jetson/senton_ws/install/vesc_ackermann/lib:/home/jetson/senton_ws/install/vesc_msgs/lib:/home/jetson/senton_ws/install/teleop_tools_msgs/lib:/home/jetson/nav_ws/install/pointcloud_to_laserscan/lib:/home/jetson/ws_livox/install/livox_ros_driver2/lib:/opt/ros/foxy/opt/yaml_cpp_vendor/lib:/opt/ros/foxy/opt/rviz_ogre_vendor/lib:/opt/ros/foxy/lib/aarch64-linux-gnu:/opt/ros/foxy/lib PYTHONPATH=/home/jetson/senton_ws/build/f1tenth_stack/prefix_override:/usr/lib/python3/dist-packages/colcon_core/task/python/colcon_distutils_commands:/home/jetson/senton_ws/install/f1tenth_stack/lib/python3.8/site-packages:/home/jetson/senton_ws/build/joy_teleop:/home/jetson/senton_ws/install/joy_teleop/lib/python3.8/site-packages:/home/jetson/senton_ws/install/vesc_msgs/lib/python3.8/site-packages:/home/jetson/senton_ws/install/teleop_tools_msgs/lib/python3.8/site-packages:/home/jetson/senton_ws/install/f1tenth_stack/lib/python3.8/site-packages:/home/jetson/senton_ws/install/mouse_teleop/lib/python3.8/site-packages:/home/jetson/senton_ws/install/key_teleop/lib/python3.8/site-packages:/home/jetson/ws_livox/install/livox_ros_driver2/lib/python3.8/site-packages:/opt/ros/foxy/lib/python3.8/site-packages /usr/bin/python3 -W ignore:setup.py install is deprecated setup.py develop --editable --build-directory /home/jetson/senton_ws/build/f1tenth_stack/build --no-deps symlink_data
[3.299s] running develop
[3.715s] running egg_info
[3.716s] creating f1tenth_stack.egg-info
[3.716s] writing f1tenth_stack.egg-info/PKG-INFO
[3.716s] writing dependency_links to f1tenth_stack.egg-info/dependency_links.txt
[3.717s] writing entry points to f1tenth_stack.egg-info/entry_points.txt
[3.717s] writing requirements to f1tenth_stack.egg-info/requires.txt
[3.718s] writing top-level names to f1tenth_stack.egg-info/top_level.txt
[3.723s] writing manifest file 'f1tenth_stack.egg-info/SOURCES.txt'
[3.793s] reading manifest file 'f1tenth_stack.egg-info/SOURCES.txt'
[3.795s] writing manifest file 'f1tenth_stack.egg-info/SOURCES.txt'
[3.875s] running build_ext
[3.876s] Creating /home/jetson/senton_ws/install/f1tenth_stack/lib/python3.8/site-packages/site.py
[3.883s] Creating /home/jetson/senton_ws/install/f1tenth_stack/lib/python3.8/site-packages/f1tenth-stack.egg-link (link to .)
[3.886s] Installing tf_publisher script to /home/jetson/senton_ws/install/f1tenth_stack/lib/f1tenth_stack
[3.889s] Installing throttle_interpolator script to /home/jetson/senton_ws/install/f1tenth_stack/lib/f1tenth_stack
[3.890s] 
[3.890s] Installed /home/jetson/senton_ws/build/f1tenth_stack
[3.890s] running symlink_data
[3.890s] creating /home/jetson/senton_ws/install/f1tenth_stack/share/ament_index
[3.890s] creating /home/jetson/senton_ws/install/f1tenth_stack/share/ament_index/resource_index
[3.890s] creating /home/jetson/senton_ws/install/f1tenth_stack/share/ament_index/resource_index/packages
[3.891s] symbolically linking /home/jetson/senton_ws/build/f1tenth_stack/resource/f1tenth_stack -> /home/jetson/senton_ws/install/f1tenth_stack/share/ament_index/resource_index/packages
[3.891s] symbolically linking /home/jetson/senton_ws/build/f1tenth_stack/package.xml -> /home/jetson/senton_ws/install/f1tenth_stack/share/f1tenth_stack
[3.891s] creating /home/jetson/senton_ws/install/f1tenth_stack/share/f1tenth_stack/launch
[3.891s] symbolically linking /home/jetson/senton_ws/build/f1tenth_stack/launch/bringup_launch.py -> /home/jetson/senton_ws/install/f1tenth_stack/share/f1tenth_stack/launch
[3.891s] creating /home/jetson/senton_ws/install/f1tenth_stack/share/f1tenth_stack/config
[3.892s] symbolically linking /home/jetson/senton_ws/build/f1tenth_stack/config/vesc.yaml -> /home/jetson/senton_ws/install/f1tenth_stack/share/f1tenth_stack/config
[3.892s] symbolically linking /home/jetson/senton_ws/build/f1tenth_stack/config/joy_teleop.yaml -> /home/jetson/senton_ws/install/f1tenth_stack/share/f1tenth_stack/config
[3.892s] symbolically linking /home/jetson/senton_ws/build/f1tenth_stack/config/robo_location.yaml -> /home/jetson/senton_ws/install/f1tenth_stack/share/f1tenth_stack/config
[3.892s] symbolically linking /home/jetson/senton_ws/build/f1tenth_stack/config/mux.yaml -> /home/jetson/senton_ws/install/f1tenth_stack/share/f1tenth_stack/config
[3.892s] symbolically linking /home/jetson/senton_ws/build/f1tenth_stack/config/sensors.yaml -> /home/jetson/senton_ws/install/f1tenth_stack/share/f1tenth_stack/config
[3.892s] symbolically linking /home/jetson/senton_ws/build/f1tenth_stack/config/f1tenth_online_async.yaml -> /home/jetson/senton_ws/install/f1tenth_stack/share/f1tenth_stack/config
[4.006s] Invoked command in '/home/jetson/senton_ws/build/f1tenth_stack' returned '0': AMENT_PREFIX_PATH=/home/jetson/senton_ws/install/joy_teleop:/home/jetson/nav_ws/install/pointcloud_to_laserscan:/home/jetson/senton_ws/install/f1tenth_stack:/home/jetson/senton_ws/install/vesc:/home/jetson/senton_ws/install/vesc_driver:/home/jetson/senton_ws/install/vesc_ackermann:/home/jetson/senton_ws/install/vesc_msgs:/home/jetson/senton_ws/install/teleop_tools:/home/jetson/senton_ws/install/teleop_tools_msgs:/home/jetson/senton_ws/install/mouse_teleop:/home/jetson/senton_ws/install/key_teleop:/home/jetson/senton_ws/install/ackermann_mux:/home/jetson/ws_livox/install/livox_ros_driver2:/opt/ros/foxy CMAKE_PREFIX_PATH=/home/jetson/senton_ws/install/vesc:/home/jetson/senton_ws/install/vesc_driver:/home/jetson/senton_ws/install/vesc_ackermann:/home/jetson/senton_ws/install/vesc_msgs:/home/jetson/senton_ws/install/teleop_tools_msgs:/home/jetson/senton_ws/install/ackermann_mux:/home/jetson/nav_ws/install/pointcloud_to_laserscan:/home/jetson/senton_ws/install/teleop_tools:/home/jetson/ws_livox/install/livox_ros_driver2 LD_LIBRARY_PATH=/home/jetson/senton_ws/install/vesc_driver/lib:/home/jetson/senton_ws/install/vesc_ackermann/lib:/home/jetson/senton_ws/install/vesc_msgs/lib:/home/jetson/senton_ws/install/teleop_tools_msgs/lib:/home/jetson/nav_ws/install/pointcloud_to_laserscan/lib:/home/jetson/ws_livox/install/livox_ros_driver2/lib:/opt/ros/foxy/opt/yaml_cpp_vendor/lib:/opt/ros/foxy/opt/rviz_ogre_vendor/lib:/opt/ros/foxy/lib/aarch64-linux-gnu:/opt/ros/foxy/lib PYTHONPATH=/home/jetson/senton_ws/build/f1tenth_stack/prefix_override:/usr/lib/python3/dist-packages/colcon_core/task/python/colcon_distutils_commands:/home/jetson/senton_ws/install/f1tenth_stack/lib/python3.8/site-packages:/home/jetson/senton_ws/build/joy_teleop:/home/jetson/senton_ws/install/joy_teleop/lib/python3.8/site-packages:/home/jetson/senton_ws/install/vesc_msgs/lib/python3.8/site-packages:/home/jetson/senton_ws/install/teleop_tools_msgs/lib/python3.8/site-packages:/home/jetson/senton_ws/install/f1tenth_stack/lib/python3.8/site-packages:/home/jetson/senton_ws/install/mouse_teleop/lib/python3.8/site-packages:/home/jetson/senton_ws/install/key_teleop/lib/python3.8/site-packages:/home/jetson/ws_livox/install/livox_ros_driver2/lib/python3.8/site-packages:/opt/ros/foxy/lib/python3.8/site-packages /usr/bin/python3 -W ignore:setup.py install is deprecated setup.py develop --editable --build-directory /home/jetson/senton_ws/build/f1tenth_stack/build --no-deps symlink_data
