[0.159s] Invoking command in '/home/jetson/senton_ws/build/pointcloud_to_laserscan': CMAKE_PREFIX_PATH=${CMAKE_PREFIX_PATH}:/home/jetson/senton_ws/install/f1tenth_stack:/home/jetson/senton_ws/install/joy_teleop:/home/jetson/senton_ws/install/mouse_teleop:/home/jetson/senton_ws/install/key_teleop:/opt/ros/foxy /usr/bin/cmake /home/jetson/senton_ws/src/pointcloud_to_laserscan -DAMENT_CMAKE_SYMLINK_INSTALL=1 -DCMAKE_INSTALL_PREFIX=/home/jetson/senton_ws/install/pointcloud_to_laserscan
[0.463s] -- The C compiler identification is GNU 9.4.0
[0.790s] -- The CXX compiler identification is GNU 9.4.0
[0.820s] -- Check for working C compiler: /usr/bin/cc
[1.210s] -- Check for working C compiler: /usr/bin/cc -- works
[1.211s] -- Detecting C compiler ABI info
[1.796s] -- Detecting C compiler ABI info - done
[1.831s] -- Detecting C compile features
[1.831s] -- Detecting C compile features - done
[1.839s] -- Check for working CXX compiler: /usr/bin/c++
[2.203s] -- Check for working CXX compiler: /usr/bin/c++ -- works
[2.203s] -- Detecting CXX compiler ABI info
[2.888s] -- Detecting CXX compiler ABI info - done
[2.929s] -- Detecting CXX compile features
[2.931s] -- Detecting CXX compile features - done
[2.939s] -- Found ament_cmake: 0.9.12 (/opt/ros/foxy/share/ament_cmake/cmake)
[3.272s] -- Found PythonInterp: /usr/bin/python3 (found suitable version "3.8.10", minimum required is "3") 
[3.274s] -- Using PYTHON_EXECUTABLE: /usr/bin/python3
[5.944s] -- Override CMake install command with custom implementation using symlinks instead of copying resources
[6.186s] -- Found laser_geometry: 2.2.0 (/opt/ros/foxy/share/laser_geometry/cmake)
[6.295s] -- Found message_filters: 3.2.7 (/opt/ros/foxy/share/message_filters/cmake)
[6.313s] -- Found rclcpp: 2.4.3 (/opt/ros/foxy/share/rclcpp/cmake)
[6.728s] -- Using all available rosidl_typesupport_c: rosidl_typesupport_fastrtps_c;rosidl_typesupport_introspection_c
[6.853s] -- Found rosidl_adapter: 1.3.1 (/opt/ros/foxy/share/rosidl_adapter/cmake)
[8.164s] -- Found OpenSSL: /usr/lib/aarch64-linux-gnu/libcrypto.so (found version "1.1.1f")  
[8.476s] -- Found FastRTPS: /opt/ros/foxy/include  
[9.441s] -- Using all available rosidl_typesupport_cpp: rosidl_typesupport_fastrtps_cpp;rosidl_typesupport_introspection_cpp
[10.207s] -- Found rmw_implementation_cmake: 1.0.4 (/opt/ros/foxy/share/rmw_implementation_cmake/cmake)
[10.225s] -- Using RMW implementation 'rmw_fastrtps_cpp' as default
[10.238s] -- Looking for pthread.h
[11.039s] -- Looking for pthread.h - found
[11.044s] -- Performing Test CMAKE_HAVE_LIBC_PTHREAD
[11.904s] -- Performing Test CMAKE_HAVE_LIBC_PTHREAD - Failed
[11.905s] -- Looking for pthread_create in pthreads
[12.361s] -- Looking for pthread_create in pthreads - not found
[12.363s] -- Looking for pthread_create in pthread
[13.289s] -- Looking for pthread_create in pthread - found
[13.300s] -- Found Threads: TRUE  
[14.898s] -- Found rclcpp_components: 2.4.3 (/opt/ros/foxy/share/rclcpp_components/cmake)
[15.287s] -- Found sensor_msgs: 2.0.5 (/opt/ros/foxy/share/sensor_msgs/cmake)
[16.259s] -- Found tf2: 0.13.14 (/opt/ros/foxy/share/tf2/cmake)
[16.319s] -- Found tf2_ros: 0.13.14 (/opt/ros/foxy/share/tf2_ros/cmake)
[18.341s] -- Found tf2_sensor_msgs: 0.13.14 (/opt/ros/foxy/share/tf2_sensor_msgs/cmake)
[18.607s] -- Found ament_lint_auto: 0.9.8 (/opt/ros/foxy/share/ament_lint_auto/cmake)
[20.258s] -- Added test 'cppcheck' to perform static code analysis on C / C++ code
[20.262s] -- Configured cppcheck include dirs: /home/jetson/senton_ws/src/pointcloud_to_laserscan/include
[20.262s] -- Configured cppcheck exclude dirs and/or files: 
[20.313s] -- Added test 'cpplint' to check C / C++ code against the Google style
[20.314s] -- Configured cpplint exclude dirs and/or files: 
[20.320s] -- Added test 'flake8' to check Python code syntax and style conventions
[20.323s] -- Added test 'lint_cmake' to check CMake code style
[20.328s] -- Added test 'pep257' to check Python code against some of the style conventions in PEP 257
[20.335s] -- Added test 'uncrustify' to check C / C++ code style
[20.335s] -- Configured uncrustify additional arguments: 
[20.337s] -- Added test 'xmllint' to check XML markup files
[20.405s] -- Configuring done
[20.603s] -- Generating done
[20.612s] -- Build files have been written to: /home/jetson/senton_ws/build/pointcloud_to_laserscan
[21.177s] Invoked command in '/home/jetson/senton_ws/build/pointcloud_to_laserscan' returned '0': CMAKE_PREFIX_PATH=${CMAKE_PREFIX_PATH}:/home/jetson/senton_ws/install/f1tenth_stack:/home/jetson/senton_ws/install/joy_teleop:/home/jetson/senton_ws/install/mouse_teleop:/home/jetson/senton_ws/install/key_teleop:/opt/ros/foxy /usr/bin/cmake /home/jetson/senton_ws/src/pointcloud_to_laserscan -DAMENT_CMAKE_SYMLINK_INSTALL=1 -DCMAKE_INSTALL_PREFIX=/home/jetson/senton_ws/install/pointcloud_to_laserscan
[21.285s] Invoking command in '/home/jetson/senton_ws/build/pointcloud_to_laserscan': CMAKE_PREFIX_PATH=${CMAKE_PREFIX_PATH}:/home/jetson/senton_ws/install/f1tenth_stack:/home/jetson/senton_ws/install/joy_teleop:/home/jetson/senton_ws/install/mouse_teleop:/home/jetson/senton_ws/install/key_teleop:/opt/ros/foxy /usr/bin/cmake --build /home/jetson/senton_ws/build/pointcloud_to_laserscan -- -j6 -l6
[21.634s] [35m[1mScanning dependencies of target laserscan_to_pointcloud[0m
[23.066s] [ 10%] [32mBuilding CXX object CMakeFiles/laserscan_to_pointcloud.dir/src/laserscan_to_pointcloud_node.cpp.o[0m
[136.812s] [ 20%] [32m[1mLinking CXX shared library liblaserscan_to_pointcloud.so[0m
[139.278s] [ 20%] Built target laserscan_to_pointcloud
[139.325s] [35m[1mScanning dependencies of target dummy_pointcloud_publisher[0m
[139.721s] [ 30%] [32mBuilding CXX object CMakeFiles/dummy_pointcloud_publisher.dir/src/dummy_pointcloud_publisher.cpp.o[0m
[151.334s] [ 40%] [32m[1mLinking CXX executable dummy_pointcloud_publisher[0m
[152.332s] [ 40%] Built target dummy_pointcloud_publisher
[152.418s] [35m[1mScanning dependencies of target laserscan_to_pointcloud_node[0m
[153.944s] [ 50%] [32mBuilding CXX object CMakeFiles/laserscan_to_pointcloud_node.dir/rclcpp_components/node_main_laserscan_to_pointcloud_node.cpp.o[0m
[163.387s] [ 60%] [32m[1mLinking CXX executable laserscan_to_pointcloud_node[0m
[164.028s] [ 60%] Built target laserscan_to_pointcloud_node
[164.091s] [35m[1mScanning dependencies of target pointcloud_to_laserscan_node[0m
[164.570s] [ 70%] [32mBuilding CXX object CMakeFiles/pointcloud_to_laserscan_node.dir/rclcpp_components/node_main_pointcloud_to_laserscan_node.cpp.o[0m
[172.009s] [ 80%] [32m[1mLinking CXX executable pointcloud_to_laserscan_node[0m
[172.449s] [ 80%] Built target pointcloud_to_laserscan_node
[172.491s] [35m[1mScanning dependencies of target pointcloud_to_laserscan[0m
[173.242s] [ 90%] [32mBuilding CXX object CMakeFiles/pointcloud_to_laserscan.dir/src/pointcloud_to_laserscan_node.cpp.o[0m
[202.661s] [100%] [32m[1mLinking CXX shared library libpointcloud_to_laserscan.so[0m
[203.846s] [100%] Built target pointcloud_to_laserscan
[204.095s] Invoked command in '/home/jetson/senton_ws/build/pointcloud_to_laserscan' returned '0': CMAKE_PREFIX_PATH=${CMAKE_PREFIX_PATH}:/home/jetson/senton_ws/install/f1tenth_stack:/home/jetson/senton_ws/install/joy_teleop:/home/jetson/senton_ws/install/mouse_teleop:/home/jetson/senton_ws/install/key_teleop:/opt/ros/foxy /usr/bin/cmake --build /home/jetson/senton_ws/build/pointcloud_to_laserscan -- -j6 -l6
[204.216s] Invoking command in '/home/jetson/senton_ws/build/pointcloud_to_laserscan': CMAKE_PREFIX_PATH=${CMAKE_PREFIX_PATH}:/home/jetson/senton_ws/install/f1tenth_stack:/home/jetson/senton_ws/install/joy_teleop:/home/jetson/senton_ws/install/mouse_teleop:/home/jetson/senton_ws/install/key_teleop:/opt/ros/foxy /usr/bin/cmake --install /home/jetson/senton_ws/build/pointcloud_to_laserscan
[205.618s] -- Install configuration: ""
[205.619s] -- Execute custom install script
[205.619s] -- Symlinking: /home/jetson/senton_ws/install/pointcloud_to_laserscan/lib/pointcloud_to_laserscan/laserscan_to_pointcloud_node
[205.619s] -- Symlinking: /home/jetson/senton_ws/install/pointcloud_to_laserscan/lib/pointcloud_to_laserscan/pointcloud_to_laserscan_node
[205.619s] -- Symlinking: /home/jetson/senton_ws/install/pointcloud_to_laserscan/lib/liblaserscan_to_pointcloud.so
[205.619s] -- Symlinking: /home/jetson/senton_ws/install/pointcloud_to_laserscan/lib/libpointcloud_to_laserscan.so
[205.619s] -- Symlinking: /home/jetson/senton_ws/install/pointcloud_to_laserscan/lib/pointcloud_to_laserscan/dummy_pointcloud_publisher
[205.620s] -- Symlinking: /home/jetson/senton_ws/install/pointcloud_to_laserscan/include/include/pointcloud_to_laserscan/laserscan_to_pointcloud_node.hpp
[205.620s] -- Symlinking: /home/jetson/senton_ws/install/pointcloud_to_laserscan/include/include/pointcloud_to_laserscan/pointcloud_to_laserscan_node.hpp
[205.620s] -- Symlinking: /home/jetson/senton_ws/install/pointcloud_to_laserscan/include/include/pointcloud_to_laserscan/visibility_control.h
[205.620s] -- Symlinking: /home/jetson/senton_ws/install/pointcloud_to_laserscan/share/pointcloud_to_laserscan/launch/sample_laserscan_to_pointcloud_launch.py
[205.620s] -- Symlinking: /home/jetson/senton_ws/install/pointcloud_to_laserscan/share/pointcloud_to_laserscan/launch/sample_pointcloud_to_laserscan_launch.py
[205.620s] -- Symlinking: /home/jetson/senton_ws/install/pointcloud_to_laserscan/share/ament_index/resource_index/package_run_dependencies/pointcloud_to_laserscan
[205.620s] -- Symlinking: /home/jetson/senton_ws/install/pointcloud_to_laserscan/share/ament_index/resource_index/parent_prefix_path/pointcloud_to_laserscan
[205.621s] -- Symlinking: /home/jetson/senton_ws/install/pointcloud_to_laserscan/share/pointcloud_to_laserscan/environment/ament_prefix_path.sh
[205.621s] -- Symlinking: /home/jetson/senton_ws/install/pointcloud_to_laserscan/share/pointcloud_to_laserscan/environment/ament_prefix_path.dsv
[205.621s] -- Symlinking: /home/jetson/senton_ws/install/pointcloud_to_laserscan/share/pointcloud_to_laserscan/environment/path.sh
[205.621s] -- Symlinking: /home/jetson/senton_ws/install/pointcloud_to_laserscan/share/pointcloud_to_laserscan/environment/path.dsv
[205.621s] -- Symlinking: /home/jetson/senton_ws/install/pointcloud_to_laserscan/share/pointcloud_to_laserscan/local_setup.bash
[205.621s] -- Symlinking: /home/jetson/senton_ws/install/pointcloud_to_laserscan/share/pointcloud_to_laserscan/local_setup.sh
[205.621s] -- Symlinking: /home/jetson/senton_ws/install/pointcloud_to_laserscan/share/pointcloud_to_laserscan/local_setup.zsh
[205.621s] -- Symlinking: /home/jetson/senton_ws/install/pointcloud_to_laserscan/share/pointcloud_to_laserscan/local_setup.dsv
[205.622s] -- Symlinking: /home/jetson/senton_ws/install/pointcloud_to_laserscan/share/pointcloud_to_laserscan/package.dsv
[205.622s] -- Symlinking: /home/jetson/senton_ws/install/pointcloud_to_laserscan/share/ament_index/resource_index/packages/pointcloud_to_laserscan
[205.622s] -- Symlinking: /home/jetson/senton_ws/install/pointcloud_to_laserscan/share/ament_index/resource_index/rclcpp_components/pointcloud_to_laserscan
[205.622s] -- Symlinking: /home/jetson/senton_ws/install/pointcloud_to_laserscan/share/pointcloud_to_laserscan/cmake/pointcloud_to_laserscanConfig.cmake
[205.622s] -- Symlinking: /home/jetson/senton_ws/install/pointcloud_to_laserscan/share/pointcloud_to_laserscan/cmake/pointcloud_to_laserscanConfig-version.cmake
[205.622s] -- Symlinking: /home/jetson/senton_ws/install/pointcloud_to_laserscan/share/pointcloud_to_laserscan/package.xml
[205.629s] Invoked command in '/home/jetson/senton_ws/build/pointcloud_to_laserscan' returned '0': CMAKE_PREFIX_PATH=${CMAKE_PREFIX_PATH}:/home/jetson/senton_ws/install/f1tenth_stack:/home/jetson/senton_ws/install/joy_teleop:/home/jetson/senton_ws/install/mouse_teleop:/home/jetson/senton_ws/install/key_teleop:/opt/ros/foxy /usr/bin/cmake --install /home/jetson/senton_ws/build/pointcloud_to_laserscan
