[3.555s] Invoking command in '/home/jetson/senton_ws/build/key_teleop': PYTHONPATH=/home/jetson/senton_ws/build/key_teleop/prefix_override:/usr/lib/python3/dist-packages/colcon_core/task/python/colcon_distutils_commands:/home/jetson/senton_ws/install/key_teleop/lib/python3.8/site-packages:${PYTHONPATH} /usr/bin/python3 -W ignore:setup.py install is deprecated setup.py develop --editable --build-directory /home/jetson/senton_ws/build/key_teleop/build --no-deps symlink_data
[5.178s] running develop
[5.178s] running egg_info
[5.178s] creating key_teleop.egg-info
[5.178s] writing key_teleop.egg-info/PKG-INFO
[5.178s] writing dependency_links to key_teleop.egg-info/dependency_links.txt
[5.179s] writing entry points to key_teleop.egg-info/entry_points.txt
[5.179s] writing requirements to key_teleop.egg-info/requires.txt
[5.179s] writing top-level names to key_teleop.egg-info/top_level.txt
[5.179s] writing manifest file 'key_teleop.egg-info/SOURCES.txt'
[5.179s] reading manifest file 'key_teleop.egg-info/SOURCES.txt'
[5.179s] writing manifest file 'key_teleop.egg-info/SOURCES.txt'
[5.179s] running build_ext
[5.179s] Creating /home/jetson/senton_ws/install/key_teleop/lib/python3.8/site-packages/site.py
[5.180s] Creating /home/jetson/senton_ws/install/key_teleop/lib/python3.8/site-packages/key-teleop.egg-link (link to .)
[5.180s] Installing key_teleop script to /home/jetson/senton_ws/install/key_teleop/lib/key_teleop
[5.180s] 
[5.180s] Installed /home/jetson/senton_ws/build/key_teleop
[5.180s] running symlink_data
[5.180s] symbolically linking /home/jetson/senton_ws/build/key_teleop/package.xml -> /home/jetson/senton_ws/install/key_teleop/share/key_teleop
[5.187s] creating /home/jetson/senton_ws/install/key_teleop/share/key_teleop/config
[5.189s] symbolically linking /home/jetson/senton_ws/build/key_teleop/config/key_teleop.yaml -> /home/jetson/senton_ws/install/key_teleop/share/key_teleop/config
[5.190s] creating /home/jetson/senton_ws/install/key_teleop/share/ament_index
[5.190s] creating /home/jetson/senton_ws/install/key_teleop/share/ament_index/resource_index
[5.190s] creating /home/jetson/senton_ws/install/key_teleop/share/ament_index/resource_index/packages
[5.190s] symbolically linking /home/jetson/senton_ws/build/key_teleop/resource/key_teleop -> /home/jetson/senton_ws/install/key_teleop/share/ament_index/resource_index/packages
[5.318s] Invoked command in '/home/jetson/senton_ws/build/key_teleop' returned '0': PYTHONPATH=/home/jetson/senton_ws/build/key_teleop/prefix_override:/usr/lib/python3/dist-packages/colcon_core/task/python/colcon_distutils_commands:/home/jetson/senton_ws/install/key_teleop/lib/python3.8/site-packages:${PYTHONPATH} /usr/bin/python3 -W ignore:setup.py install is deprecated setup.py develop --editable --build-directory /home/jetson/senton_ws/build/key_teleop/build --no-deps symlink_data
