[0.142s] Invoking command in '/home/jetson/senton_ws/build/vesc_msgs': CMAKE_PREFIX_PATH=${CMAKE_PREFIX_PATH}:/home/jetson/senton_ws/install/f1tenth_stack:/home/jetson/senton_ws/install/joy_teleop:/home/jetson/senton_ws/install/mouse_teleop:/home/jetson/senton_ws/install/key_teleop:/opt/ros/foxy /usr/bin/cmake /home/jetson/senton_ws/src/f1tenth_system/vesc/vesc_msgs -DAMENT_CMAKE_SYMLINK_INSTALL=1 -DCMAKE_INSTALL_PREFIX=/home/jetson/senton_ws/install/vesc_msgs
[1.783s] -- The C compiler identification is GNU 9.4.0
[1.784s] -- The CXX compiler identification is GNU 9.4.0
[1.786s] -- Check for working C compiler: /usr/bin/cc
[1.786s] -- Check for working C compiler: /usr/bin/cc -- works
[1.787s] -- Detecting C compiler ABI info
[1.787s] -- Detecting C compiler ABI info - done
[1.787s] -- Detecting C compile features
[1.787s] -- Detecting C compile features - done
[1.787s] -- Check for working CXX compiler: /usr/bin/c++
[1.787s] -- Check for working CXX compiler: /usr/bin/c++ -- works
[1.787s] -- Detecting CXX compiler ABI info
[1.788s] -- Detecting CXX compiler ABI info - done
[1.788s] -- Detecting CXX compile features
[1.788s] -- Detecting CXX compile features - done
[1.788s] -- Found ament_cmake_auto: 0.9.12 (/opt/ros/foxy/share/ament_cmake_auto/cmake)
[1.926s] -- Found PythonInterp: /usr/bin/python3 (found suitable version "3.8.10", minimum required is "3") 
[1.926s] -- Using PYTHON_EXECUTABLE: /usr/bin/python3
[2.629s] -- Override CMake install command with custom implementation using symlinks instead of copying resources
[2.878s] -- Using all available rosidl_typesupport_c: rosidl_typesupport_fastrtps_c;rosidl_typesupport_introspection_c
[2.901s] -- Found rosidl_adapter: 1.3.1 (/opt/ros/foxy/share/rosidl_adapter/cmake)
[3.205s] -- Found OpenSSL: /usr/lib/aarch64-linux-gnu/libcrypto.so (found version "1.1.1f")  
[3.283s] -- Found FastRTPS: /opt/ros/foxy/include  
[3.530s] -- Using all available rosidl_typesupport_cpp: rosidl_typesupport_fastrtps_cpp;rosidl_typesupport_introspection_cpp
[3.914s] -- Found PythonInterp: /usr/bin/python3 (found version "3.8.10") 
[4.357s] -- Found ament_cmake_ros: 0.9.2 (/opt/ros/foxy/share/ament_cmake_ros/cmake)
[5.108s] -- Using all available rosidl_typesupport_c: rosidl_typesupport_fastrtps_c;rosidl_typesupport_introspection_c
[5.341s] -- Using all available rosidl_typesupport_cpp: rosidl_typesupport_fastrtps_cpp;rosidl_typesupport_introspection_cpp
[5.478s] -- Found PythonInterp: /usr/bin/python3 (found suitable version "3.8.10", minimum required is "3.5") 
[5.479s] -- Found python_cmake_module: 0.8.1 (/opt/ros/foxy/share/python_cmake_module/cmake)
[5.599s] -- Found PythonLibs: /usr/lib/aarch64-linux-gnu/libpython3.8.so (found suitable version "3.8.10", minimum required is "3.5") 
[5.599s] -- Using PYTHON_EXECUTABLE: /usr/bin/python3
[5.599s] -- Using PYTHON_INCLUDE_DIRS: /usr/include/python3.8
[5.599s] -- Using PYTHON_LIBRARIES: /usr/lib/aarch64-linux-gnu/libpython3.8.so
[5.721s] -- Found PythonExtra: .so  
[6.102s] -- Found ament_lint_auto: 0.9.8 (/opt/ros/foxy/share/ament_lint_auto/cmake)
[6.283s] -- Added test 'copyright' to check source files copyright and LICENSE
[6.301s] -- Added test 'lint_cmake' to check CMake code style
[6.311s] -- Added test 'xmllint' to check XML markup files
[6.332s] -- Configuring done
[6.645s] -- Generating done
[6.681s] -- Build files have been written to: /home/jetson/senton_ws/build/vesc_msgs
[6.800s] Invoked command in '/home/jetson/senton_ws/build/vesc_msgs' returned '0': CMAKE_PREFIX_PATH=${CMAKE_PREFIX_PATH}:/home/jetson/senton_ws/install/f1tenth_stack:/home/jetson/senton_ws/install/joy_teleop:/home/jetson/senton_ws/install/mouse_teleop:/home/jetson/senton_ws/install/key_teleop:/opt/ros/foxy /usr/bin/cmake /home/jetson/senton_ws/src/f1tenth_system/vesc/vesc_msgs -DAMENT_CMAKE_SYMLINK_INSTALL=1 -DCMAKE_INSTALL_PREFIX=/home/jetson/senton_ws/install/vesc_msgs
[6.801s] Invoking command in '/home/jetson/senton_ws/build/vesc_msgs': CMAKE_PREFIX_PATH=${CMAKE_PREFIX_PATH}:/home/jetson/senton_ws/install/f1tenth_stack:/home/jetson/senton_ws/install/joy_teleop:/home/jetson/senton_ws/install/mouse_teleop:/home/jetson/senton_ws/install/key_teleop:/opt/ros/foxy /usr/bin/cmake --build /home/jetson/senton_ws/build/vesc_msgs -- -j6 -l6
[7.231s] [35m[1mScanning dependencies of target vesc_msgs__cpp[0m
[7.263s] [  1%] [34m[1mGenerating C code for ROS interfaces[0m
[7.329s] [  3%] [34m[1mGenerating C++ code for ROS interfaces[0m
[11.815s] [  3%] Built target vesc_msgs__cpp
[11.960s] [  5%] [34m[1mGenerating C++ type support for eProsima Fast-RTPS[0m
[12.057s] [  7%] [34m[1mGenerating C++ introspection for ROS interfaces[0m
[12.095s] [  9%] [34m[1mGenerating C++ type support dispatch for ROS interfaces[0m
[13.010s] [35m[1mScanning dependencies of target vesc_msgs__rosidl_generator_c[0m
[13.264s] [ 10%] [32mBuilding C object CMakeFiles/vesc_msgs__rosidl_generator_c.dir/rosidl_generator_c/vesc_msgs/msg/detail/vesc_state_stamped__functions.c.o[0m
[13.291s] [ 14%] [32mBuilding C object CMakeFiles/vesc_msgs__rosidl_generator_c.dir/rosidl_generator_c/vesc_msgs/msg/detail/vesc_imu__functions.c.o[0m
[13.294s] [ 14%] [32mBuilding C object CMakeFiles/vesc_msgs__rosidl_generator_c.dir/rosidl_generator_c/vesc_msgs/msg/detail/vesc_state__functions.c.o[0m
[14.280s] [ 16%] [32mBuilding C object CMakeFiles/vesc_msgs__rosidl_generator_c.dir/rosidl_generator_c/vesc_msgs/msg/detail/vesc_imu_stamped__functions.c.o[0m
[14.818s] [ 18%] [32m[1mLinking C shared library libvesc_msgs__rosidl_generator_c.so[0m
[15.388s] [ 18%] Built target vesc_msgs__rosidl_generator_c
[16.963s] [35m[1mScanning dependencies of target vesc_msgs__rosidl_typesupport_cpp[0m
[17.121s] [ 20%] [32mBuilding CXX object CMakeFiles/vesc_msgs__rosidl_typesupport_cpp.dir/rosidl_typesupport_cpp/vesc_msgs/msg/vesc_state__type_support.cpp.o[0m
[17.169s] [35m[1mScanning dependencies of target vesc_msgs__rosidl_typesupport_introspection_cpp[0m
[17.328s] [ 21%] [32mBuilding CXX object CMakeFiles/vesc_msgs__rosidl_typesupport_introspection_cpp.dir/rosidl_typesupport_introspection_cpp/vesc_msgs/msg/detail/vesc_state__type_support.cpp.o[0m
[17.672s] [35m[1mScanning dependencies of target vesc_msgs__rosidl_typesupport_fastrtps_cpp[0m
[18.053s] [ 23%] [32mBuilding CXX object CMakeFiles/vesc_msgs__rosidl_typesupport_fastrtps_cpp.dir/rosidl_typesupport_fastrtps_cpp/vesc_msgs/msg/detail/dds_fastrtps/vesc_state__type_support.cpp.o[0m
[19.343s] [ 25%] [32mBuilding CXX object CMakeFiles/vesc_msgs__rosidl_typesupport_introspection_cpp.dir/rosidl_typesupport_introspection_cpp/vesc_msgs/msg/detail/vesc_state_stamped__type_support.cpp.o[0m
[19.607s] [ 27%] [32mBuilding CXX object CMakeFiles/vesc_msgs__rosidl_typesupport_cpp.dir/rosidl_typesupport_cpp/vesc_msgs/msg/vesc_state_stamped__type_support.cpp.o[0m
[21.693s] [ 29%] [32mBuilding CXX object CMakeFiles/vesc_msgs__rosidl_typesupport_introspection_cpp.dir/rosidl_typesupport_introspection_cpp/vesc_msgs/msg/detail/vesc_imu__type_support.cpp.o[0m
[21.697s] [ 30%] [32mBuilding CXX object CMakeFiles/vesc_msgs__rosidl_typesupport_cpp.dir/rosidl_typesupport_cpp/vesc_msgs/msg/vesc_imu__type_support.cpp.o[0m
[22.115s] [ 32%] [32mBuilding CXX object CMakeFiles/vesc_msgs__rosidl_typesupport_fastrtps_cpp.dir/rosidl_typesupport_fastrtps_cpp/vesc_msgs/msg/detail/dds_fastrtps/vesc_state_stamped__type_support.cpp.o[0m
[24.053s] [ 36%] [32mBuilding CXX object CMakeFiles/vesc_msgs__rosidl_typesupport_introspection_cpp.dir/rosidl_typesupport_introspection_cpp/vesc_msgs/msg/detail/vesc_imu_stamped__type_support.cpp.o[0m
[24.055s] [ 36%] [32mBuilding CXX object CMakeFiles/vesc_msgs__rosidl_typesupport_cpp.dir/rosidl_typesupport_cpp/vesc_msgs/msg/vesc_imu_stamped__type_support.cpp.o[0m
[24.144s] [ 38%] [32mBuilding CXX object CMakeFiles/vesc_msgs__rosidl_typesupport_fastrtps_cpp.dir/rosidl_typesupport_fastrtps_cpp/vesc_msgs/msg/detail/dds_fastrtps/vesc_imu__type_support.cpp.o[0m
[25.400s] [ 40%] [32m[1mLinking CXX shared library libvesc_msgs__rosidl_typesupport_introspection_cpp.so[0m
[25.402s] [ 41%] [32m[1mLinking CXX shared library libvesc_msgs__rosidl_typesupport_cpp.so[0m
[25.716s] [ 43%] [32mBuilding CXX object CMakeFiles/vesc_msgs__rosidl_typesupport_fastrtps_cpp.dir/rosidl_typesupport_fastrtps_cpp/vesc_msgs/msg/detail/dds_fastrtps/vesc_imu_stamped__type_support.cpp.o[0m
[25.765s] [ 43%] Built target vesc_msgs__rosidl_typesupport_cpp
[25.802s] [ 43%] Built target vesc_msgs__rosidl_typesupport_introspection_cpp
[27.233s] [ 45%] [32m[1mLinking CXX shared library libvesc_msgs__rosidl_typesupport_fastrtps_cpp.so[0m
[27.521s] [ 45%] Built target vesc_msgs__rosidl_typesupport_fastrtps_cpp
[27.582s] [ 47%] [34m[1mGenerating C introspection for ROS interfaces[0m
[29.093s] [35m[1mScanning dependencies of target vesc_msgs__rosidl_typesupport_introspection_c[0m
[29.210s] [ 49%] [32mBuilding C object CMakeFiles/vesc_msgs__rosidl_typesupport_introspection_c.dir/rosidl_typesupport_introspection_c/vesc_msgs/msg/detail/vesc_state__type_support.c.o[0m
[29.833s] [ 50%] [32mBuilding C object CMakeFiles/vesc_msgs__rosidl_typesupport_introspection_c.dir/rosidl_typesupport_introspection_c/vesc_msgs/msg/detail/vesc_imu_stamped__type_support.c.o[0m
[30.032s] [ 52%] [32mBuilding C object CMakeFiles/vesc_msgs__rosidl_typesupport_introspection_c.dir/rosidl_typesupport_introspection_c/vesc_msgs/msg/detail/vesc_imu__type_support.c.o[0m
[30.193s] [ 54%] [32mBuilding C object CMakeFiles/vesc_msgs__rosidl_typesupport_introspection_c.dir/rosidl_typesupport_introspection_c/vesc_msgs/msg/detail/vesc_state_stamped__type_support.c.o[0m
[30.530s] [ 56%] [32m[1mLinking C shared library libvesc_msgs__rosidl_typesupport_introspection_c.so[0m
[30.951s] [ 56%] Built target vesc_msgs__rosidl_typesupport_introspection_c
[31.167s] [ 58%] [34m[1mGenerating C type support for eProsima Fast-RTPS[0m
[34.269s] [35m[1mScanning dependencies of target vesc_msgs__rosidl_typesupport_fastrtps_c[0m
[34.983s] [ 60%] [32mBuilding CXX object CMakeFiles/vesc_msgs__rosidl_typesupport_fastrtps_c.dir/rosidl_typesupport_fastrtps_c/vesc_msgs/msg/detail/vesc_state__type_support_c.cpp.o[0m
[37.848s] [ 61%] [32mBuilding CXX object CMakeFiles/vesc_msgs__rosidl_typesupport_fastrtps_c.dir/rosidl_typesupport_fastrtps_c/vesc_msgs/msg/detail/vesc_imu_stamped__type_support_c.cpp.o[0m
[38.857s] [ 63%] [32mBuilding CXX object CMakeFiles/vesc_msgs__rosidl_typesupport_fastrtps_c.dir/rosidl_typesupport_fastrtps_c/vesc_msgs/msg/detail/vesc_imu__type_support_c.cpp.o[0m
[39.847s] [ 65%] [32mBuilding CXX object CMakeFiles/vesc_msgs__rosidl_typesupport_fastrtps_c.dir/rosidl_typesupport_fastrtps_c/vesc_msgs/msg/detail/vesc_state_stamped__type_support_c.cpp.o[0m
[40.871s] [ 67%] [32m[1mLinking CXX shared library libvesc_msgs__rosidl_typesupport_fastrtps_c.so[0m
[41.445s] [ 67%] Built target vesc_msgs__rosidl_typesupport_fastrtps_c
[41.528s] [ 69%] [34m[1mGenerating C type support dispatch for ROS interfaces[0m
[43.463s] [35m[1mScanning dependencies of target vesc_msgs__rosidl_typesupport_c[0m
[43.951s] [ 70%] [32mBuilding CXX object CMakeFiles/vesc_msgs__rosidl_typesupport_c.dir/rosidl_typesupport_c/vesc_msgs/msg/vesc_state__type_support.cpp.o[0m
[46.262s] [ 72%] [32mBuilding CXX object CMakeFiles/vesc_msgs__rosidl_typesupport_c.dir/rosidl_typesupport_c/vesc_msgs/msg/vesc_imu_stamped__type_support.cpp.o[0m
[46.428s] [ 74%] [32mBuilding CXX object CMakeFiles/vesc_msgs__rosidl_typesupport_c.dir/rosidl_typesupport_c/vesc_msgs/msg/vesc_imu__type_support.cpp.o[0m
[46.536s] [ 76%] [32mBuilding CXX object CMakeFiles/vesc_msgs__rosidl_typesupport_c.dir/rosidl_typesupport_c/vesc_msgs/msg/vesc_state_stamped__type_support.cpp.o[0m
[46.794s] [ 78%] [32m[1mLinking CXX shared library libvesc_msgs__rosidl_typesupport_c.so[0m
[47.309s] [ 78%] Built target vesc_msgs__rosidl_typesupport_c
[47.370s] [35m[1mScanning dependencies of target vesc_msgs[0m
[47.428s] [ 78%] Built target vesc_msgs
[47.484s] [35m[1mScanning dependencies of target vesc_msgs__py[0m
[47.557s] [ 80%] [34m[1mGenerating Python code for ROS interfaces[0m
[51.775s] [ 80%] Built target vesc_msgs__py
[51.817s] [35m[1mScanning dependencies of target vesc_msgs__python[0m
[52.252s] [ 81%] [32mBuilding C object CMakeFiles/vesc_msgs__python.dir/rosidl_generator_py/vesc_msgs/msg/_vesc_state_s.c.o[0m
[54.781s] [ 83%] [32mBuilding C object CMakeFiles/vesc_msgs__python.dir/rosidl_generator_py/vesc_msgs/msg/_vesc_imu_stamped_s.c.o[0m
[55.023s] [ 85%] [32mBuilding C object CMakeFiles/vesc_msgs__python.dir/rosidl_generator_py/vesc_msgs/msg/_vesc_imu_s.c.o[0m
[55.235s] [ 87%] [32mBuilding C object CMakeFiles/vesc_msgs__python.dir/rosidl_generator_py/vesc_msgs/msg/_vesc_state_stamped_s.c.o[0m
[55.588s] [ 89%] [32m[1mLinking C shared library rosidl_generator_py/vesc_msgs/libvesc_msgs__python.so[0m
[55.734s] [ 89%] Built target vesc_msgs__python
[55.795s] [35m[1mScanning dependencies of target vesc_msgs__rosidl_typesupport_c__pyext[0m
[55.862s] [ 90%] [32mBuilding C object CMakeFiles/vesc_msgs__rosidl_typesupport_c__pyext.dir/rosidl_generator_py/vesc_msgs/_vesc_msgs_s.ep.rosidl_typesupport_c.c.o[0m
[56.078s] [ 92%] [32m[1mLinking C shared library rosidl_generator_py/vesc_msgs/vesc_msgs_s__rosidl_typesupport_c.cpython-38-aarch64-linux-gnu.so[0m
[56.186s] [ 92%] Built target vesc_msgs__rosidl_typesupport_c__pyext
[56.217s] [35m[1mScanning dependencies of target vesc_msgs__rosidl_typesupport_fastrtps_c__pyext[0m
[56.296s] [ 94%] [32mBuilding C object CMakeFiles/vesc_msgs__rosidl_typesupport_fastrtps_c__pyext.dir/rosidl_generator_py/vesc_msgs/_vesc_msgs_s.ep.rosidl_typesupport_fastrtps_c.c.o[0m
[56.573s] [ 96%] [32m[1mLinking CXX shared library rosidl_generator_py/vesc_msgs/vesc_msgs_s__rosidl_typesupport_fastrtps_c.cpython-38-aarch64-linux-gnu.so[0m
[56.779s] [ 96%] Built target vesc_msgs__rosidl_typesupport_fastrtps_c__pyext
[56.810s] [35m[1mScanning dependencies of target vesc_msgs__rosidl_typesupport_introspection_c__pyext[0m
[56.862s] [ 98%] [32mBuilding C object CMakeFiles/vesc_msgs__rosidl_typesupport_introspection_c__pyext.dir/rosidl_generator_py/vesc_msgs/_vesc_msgs_s.ep.rosidl_typesupport_introspection_c.c.o[0m
[57.460s] [100%] [32m[1mLinking C shared library rosidl_generator_py/vesc_msgs/vesc_msgs_s__rosidl_typesupport_introspection_c.cpython-38-aarch64-linux-gnu.so[0m
[57.566s] [100%] Built target vesc_msgs__rosidl_typesupport_introspection_c__pyext
[57.956s] Invoked command in '/home/jetson/senton_ws/build/vesc_msgs' returned '0': CMAKE_PREFIX_PATH=${CMAKE_PREFIX_PATH}:/home/jetson/senton_ws/install/f1tenth_stack:/home/jetson/senton_ws/install/joy_teleop:/home/jetson/senton_ws/install/mouse_teleop:/home/jetson/senton_ws/install/key_teleop:/opt/ros/foxy /usr/bin/cmake --build /home/jetson/senton_ws/build/vesc_msgs -- -j6 -l6
[59.712s] Invoking command in '/home/jetson/senton_ws/build/vesc_msgs': CMAKE_PREFIX_PATH=${CMAKE_PREFIX_PATH}:/home/jetson/senton_ws/install/f1tenth_stack:/home/jetson/senton_ws/install/joy_teleop:/home/jetson/senton_ws/install/mouse_teleop:/home/jetson/senton_ws/install/key_teleop:/opt/ros/foxy /usr/bin/cmake --install /home/jetson/senton_ws/build/vesc_msgs
[59.723s] -- Install configuration: ""
[59.726s] -- Execute custom install script
[59.727s] -- Symlinking: /home/jetson/senton_ws/install/vesc_msgs/share/ament_index/resource_index/rosidl_interfaces/vesc_msgs
[59.814s] -- Symlinking: /home/jetson/senton_ws/install/vesc_msgs/include/vesc_msgs/msg/detail/vesc_imu__functions.h
[59.814s] -- Symlinking: /home/jetson/senton_ws/install/vesc_msgs/include/vesc_msgs/msg/detail/vesc_imu__struct.h
[59.816s] -- Symlinking: /home/jetson/senton_ws/install/vesc_msgs/include/vesc_msgs/msg/detail/vesc_imu__type_support.h
[59.842s] -- Symlinking: /home/jetson/senton_ws/install/vesc_msgs/include/vesc_msgs/msg/detail/vesc_imu_stamped__functions.h
[59.998s] -- Symlinking: /home/jetson/senton_ws/install/vesc_msgs/include/vesc_msgs/msg/detail/vesc_imu_stamped__struct.h
[59.998s] -- Symlinking: /home/jetson/senton_ws/install/vesc_msgs/include/vesc_msgs/msg/detail/vesc_imu_stamped__type_support.h
[60.014s] -- Symlinking: /home/jetson/senton_ws/install/vesc_msgs/include/vesc_msgs/msg/detail/vesc_state__functions.h
[60.028s] -- Symlinking: /home/jetson/senton_ws/install/vesc_msgs/include/vesc_msgs/msg/detail/vesc_state__struct.h
[60.029s] -- Symlinking: /home/jetson/senton_ws/install/vesc_msgs/include/vesc_msgs/msg/detail/vesc_state__type_support.h
[60.029s] -- Symlinking: /home/jetson/senton_ws/install/vesc_msgs/include/vesc_msgs/msg/detail/vesc_state_stamped__functions.h
[60.029s] -- Symlinking: /home/jetson/senton_ws/install/vesc_msgs/include/vesc_msgs/msg/detail/vesc_state_stamped__struct.h
[60.029s] -- Symlinking: /home/jetson/senton_ws/install/vesc_msgs/include/vesc_msgs/msg/detail/vesc_state_stamped__type_support.h
[60.041s] -- Symlinking: /home/jetson/senton_ws/install/vesc_msgs/include/vesc_msgs/msg/rosidl_generator_c__visibility_control.h
[60.105s] -- Symlinking: /home/jetson/senton_ws/install/vesc_msgs/include/vesc_msgs/msg/vesc_imu.h
[60.114s] -- Symlinking: /home/jetson/senton_ws/install/vesc_msgs/include/vesc_msgs/msg/vesc_imu_stamped.h
[60.114s] -- Symlinking: /home/jetson/senton_ws/install/vesc_msgs/include/vesc_msgs/msg/vesc_state.h
[60.137s] -- Symlinking: /home/jetson/senton_ws/install/vesc_msgs/include/vesc_msgs/msg/vesc_state_stamped.h
[60.252s] -- Symlinking: /home/jetson/senton_ws/install/vesc_msgs/share/vesc_msgs/environment/library_path.sh
[60.327s] -- Symlinking: /home/jetson/senton_ws/install/vesc_msgs/share/vesc_msgs/environment/library_path.dsv
[60.370s] -- Symlinking: /home/jetson/senton_ws/install/vesc_msgs/include/vesc_msgs/msg/detail/vesc_imu__rosidl_typesupport_fastrtps_c.h
[60.389s] -- Symlinking: /home/jetson/senton_ws/install/vesc_msgs/include/vesc_msgs/msg/detail/vesc_imu_stamped__rosidl_typesupport_fastrtps_c.h
[60.406s] -- Symlinking: /home/jetson/senton_ws/install/vesc_msgs/include/vesc_msgs/msg/detail/vesc_state__rosidl_typesupport_fastrtps_c.h
[60.431s] -- Symlinking: /home/jetson/senton_ws/install/vesc_msgs/include/vesc_msgs/msg/detail/vesc_state_stamped__rosidl_typesupport_fastrtps_c.h
[60.451s] -- Symlinking: /home/jetson/senton_ws/install/vesc_msgs/include/vesc_msgs/msg/rosidl_typesupport_fastrtps_c__visibility_control.h
[60.492s] -- Symlinking: /home/jetson/senton_ws/install/vesc_msgs/lib/libvesc_msgs__rosidl_typesupport_fastrtps_c.so
[60.544s] -- Symlinking: /home/jetson/senton_ws/install/vesc_msgs/include/vesc_msgs/msg/detail/vesc_imu__rosidl_typesupport_fastrtps_cpp.hpp
[60.550s] -- Symlinking: /home/jetson/senton_ws/install/vesc_msgs/include/vesc_msgs/msg/detail/vesc_imu_stamped__rosidl_typesupport_fastrtps_cpp.hpp
[60.571s] -- Symlinking: /home/jetson/senton_ws/install/vesc_msgs/include/vesc_msgs/msg/detail/vesc_state__rosidl_typesupport_fastrtps_cpp.hpp
[60.595s] -- Symlinking: /home/jetson/senton_ws/install/vesc_msgs/include/vesc_msgs/msg/detail/vesc_state_stamped__rosidl_typesupport_fastrtps_cpp.hpp
[60.619s] -- Symlinking: /home/jetson/senton_ws/install/vesc_msgs/include/vesc_msgs/msg/rosidl_typesupport_fastrtps_cpp__visibility_control.h
[60.645s] -- Symlinking: /home/jetson/senton_ws/install/vesc_msgs/lib/libvesc_msgs__rosidl_typesupport_fastrtps_cpp.so
[60.677s] -- Symlinking: /home/jetson/senton_ws/install/vesc_msgs/include/vesc_msgs/msg/detail/vesc_imu__rosidl_typesupport_introspection_c.h
[60.701s] -- Symlinking: /home/jetson/senton_ws/install/vesc_msgs/include/vesc_msgs/msg/detail/vesc_imu_stamped__rosidl_typesupport_introspection_c.h
[60.726s] -- Symlinking: /home/jetson/senton_ws/install/vesc_msgs/include/vesc_msgs/msg/detail/vesc_state__rosidl_typesupport_introspection_c.h
[60.751s] -- Symlinking: /home/jetson/senton_ws/install/vesc_msgs/include/vesc_msgs/msg/detail/vesc_state_stamped__rosidl_typesupport_introspection_c.h
[60.774s] -- Symlinking: /home/jetson/senton_ws/install/vesc_msgs/include/vesc_msgs/msg/rosidl_typesupport_introspection_c__visibility_control.h
[60.951s] -- Symlinking: /home/jetson/senton_ws/install/vesc_msgs/include/vesc_msgs/msg/detail/vesc_imu__builder.hpp
[61.028s] -- Symlinking: /home/jetson/senton_ws/install/vesc_msgs/include/vesc_msgs/msg/detail/vesc_imu__struct.hpp
[61.051s] -- Symlinking: /home/jetson/senton_ws/install/vesc_msgs/include/vesc_msgs/msg/detail/vesc_imu__traits.hpp
[61.079s] -- Symlinking: /home/jetson/senton_ws/install/vesc_msgs/include/vesc_msgs/msg/detail/vesc_imu__type_support.hpp
[61.105s] -- Symlinking: /home/jetson/senton_ws/install/vesc_msgs/include/vesc_msgs/msg/detail/vesc_imu_stamped__builder.hpp
[61.132s] -- Symlinking: /home/jetson/senton_ws/install/vesc_msgs/include/vesc_msgs/msg/detail/vesc_imu_stamped__struct.hpp
[61.157s] -- Symlinking: /home/jetson/senton_ws/install/vesc_msgs/include/vesc_msgs/msg/detail/vesc_imu_stamped__traits.hpp
[61.186s] -- Symlinking: /home/jetson/senton_ws/install/vesc_msgs/include/vesc_msgs/msg/detail/vesc_imu_stamped__type_support.hpp
[61.215s] -- Symlinking: /home/jetson/senton_ws/install/vesc_msgs/include/vesc_msgs/msg/detail/vesc_state__builder.hpp
[61.243s] -- Symlinking: /home/jetson/senton_ws/install/vesc_msgs/include/vesc_msgs/msg/detail/vesc_state__struct.hpp
[61.268s] -- Symlinking: /home/jetson/senton_ws/install/vesc_msgs/include/vesc_msgs/msg/detail/vesc_state__traits.hpp
[61.291s] -- Symlinking: /home/jetson/senton_ws/install/vesc_msgs/include/vesc_msgs/msg/detail/vesc_state__type_support.hpp
[61.330s] -- Symlinking: /home/jetson/senton_ws/install/vesc_msgs/include/vesc_msgs/msg/detail/vesc_state_stamped__builder.hpp
[61.414s] -- Symlinking: /home/jetson/senton_ws/install/vesc_msgs/include/vesc_msgs/msg/detail/vesc_state_stamped__struct.hpp
[61.448s] -- Symlinking: /home/jetson/senton_ws/install/vesc_msgs/include/vesc_msgs/msg/detail/vesc_state_stamped__traits.hpp
[61.471s] -- Symlinking: /home/jetson/senton_ws/install/vesc_msgs/include/vesc_msgs/msg/detail/vesc_state_stamped__type_support.hpp
[61.492s] -- Symlinking: /home/jetson/senton_ws/install/vesc_msgs/include/vesc_msgs/msg/rosidl_generator_cpp__visibility_control.hpp
[61.513s] -- Symlinking: /home/jetson/senton_ws/install/vesc_msgs/include/vesc_msgs/msg/vesc_imu.hpp
[61.708s] -- Symlinking: /home/jetson/senton_ws/install/vesc_msgs/include/vesc_msgs/msg/vesc_imu_stamped.hpp
[61.739s] -- Symlinking: /home/jetson/senton_ws/install/vesc_msgs/include/vesc_msgs/msg/vesc_state.hpp
[61.762s] -- Symlinking: /home/jetson/senton_ws/install/vesc_msgs/include/vesc_msgs/msg/vesc_state_stamped.hpp
[61.804s] -- Symlinking: /home/jetson/senton_ws/install/vesc_msgs/include/vesc_msgs/msg/detail/vesc_imu__rosidl_typesupport_introspection_cpp.hpp
[61.827s] -- Symlinking: /home/jetson/senton_ws/install/vesc_msgs/include/vesc_msgs/msg/detail/vesc_imu_stamped__rosidl_typesupport_introspection_cpp.hpp
[61.854s] -- Symlinking: /home/jetson/senton_ws/install/vesc_msgs/include/vesc_msgs/msg/detail/vesc_state__rosidl_typesupport_introspection_cpp.hpp
[61.884s] -- Symlinking: /home/jetson/senton_ws/install/vesc_msgs/include/vesc_msgs/msg/detail/vesc_state_stamped__rosidl_typesupport_introspection_cpp.hpp
[61.906s] -- Symlinking: /home/jetson/senton_ws/install/vesc_msgs/share/vesc_msgs/environment/pythonpath.sh
[61.932s] -- Symlinking: /home/jetson/senton_ws/install/vesc_msgs/share/vesc_msgs/environment/pythonpath.dsv
[61.960s] -- Symlinking: /home/jetson/senton_ws/install/vesc_msgs/lib/python3.8/site-packages/vesc_msgs/__init__.py
[61.989s] -- Symlinking: /home/jetson/senton_ws/install/vesc_msgs/lib/python3.8/site-packages/vesc_msgs/msg/__init__.py
[62.013s] -- Symlinking: /home/jetson/senton_ws/install/vesc_msgs/lib/python3.8/site-packages/vesc_msgs/msg/_vesc_imu.py
[62.036s] -- Symlinking: /home/jetson/senton_ws/install/vesc_msgs/lib/python3.8/site-packages/vesc_msgs/msg/_vesc_imu_stamped.py
[62.062s] -- Symlinking: /home/jetson/senton_ws/install/vesc_msgs/lib/python3.8/site-packages/vesc_msgs/msg/_vesc_state.py
[62.089s] -- Symlinking: /home/jetson/senton_ws/install/vesc_msgs/lib/python3.8/site-packages/vesc_msgs/msg/_vesc_state_stamped.py
[62.118s] -- Symlinking: /home/jetson/senton_ws/install/vesc_msgs/lib/python3.8/site-packages/vesc_msgs/vesc_msgs_s__rosidl_typesupport_fastrtps_c.cpython-38-aarch64-linux-gnu.so
[62.143s] -- Symlinking: /home/jetson/senton_ws/install/vesc_msgs/lib/python3.8/site-packages/vesc_msgs/vesc_msgs_s__rosidl_typesupport_introspection_c.cpython-38-aarch64-linux-gnu.so
[62.170s] -- Symlinking: /home/jetson/senton_ws/install/vesc_msgs/lib/python3.8/site-packages/vesc_msgs/vesc_msgs_s__rosidl_typesupport_c.cpython-38-aarch64-linux-gnu.so
[62.196s] -- Symlinking: /home/jetson/senton_ws/install/vesc_msgs/lib/libvesc_msgs__python.so
[62.234s] -- Symlinking: /home/jetson/senton_ws/install/vesc_msgs/share/vesc_msgs/msg/VescState.idl
[62.280s] -- Symlinking: /home/jetson/senton_ws/install/vesc_msgs/share/vesc_msgs/msg/VescStateStamped.idl
[62.316s] -- Symlinking: /home/jetson/senton_ws/install/vesc_msgs/share/vesc_msgs/msg/VescImu.idl
[62.351s] -- Symlinking: /home/jetson/senton_ws/install/vesc_msgs/share/vesc_msgs/msg/VescImuStamped.idl
[62.558s] -- Symlinking: /home/jetson/senton_ws/install/vesc_msgs/share/vesc_msgs/msg/VescState.msg
[62.581s] -- Symlinking: /home/jetson/senton_ws/install/vesc_msgs/share/vesc_msgs/msg/VescStateStamped.msg
[62.602s] -- Symlinking: /home/jetson/senton_ws/install/vesc_msgs/share/vesc_msgs/msg/VescImu.msg
[62.625s] -- Symlinking: /home/jetson/senton_ws/install/vesc_msgs/share/vesc_msgs/msg/VescImuStamped.msg
[62.695s] -- Symlinking: /home/jetson/senton_ws/install/vesc_msgs/share/ament_index/resource_index/package_run_dependencies/vesc_msgs
[62.731s] -- Symlinking: /home/jetson/senton_ws/install/vesc_msgs/share/ament_index/resource_index/parent_prefix_path/vesc_msgs
[62.762s] -- Symlinking: /home/jetson/senton_ws/install/vesc_msgs/share/vesc_msgs/environment/ament_prefix_path.sh
[62.795s] -- Symlinking: /home/jetson/senton_ws/install/vesc_msgs/share/vesc_msgs/environment/ament_prefix_path.dsv
[62.825s] -- Symlinking: /home/jetson/senton_ws/install/vesc_msgs/share/vesc_msgs/environment/path.sh
[62.852s] -- Symlinking: /home/jetson/senton_ws/install/vesc_msgs/share/vesc_msgs/environment/path.dsv
[62.880s] -- Symlinking: /home/jetson/senton_ws/install/vesc_msgs/share/vesc_msgs/local_setup.bash
[62.904s] -- Symlinking: /home/jetson/senton_ws/install/vesc_msgs/share/vesc_msgs/local_setup.sh
[62.925s] -- Symlinking: /home/jetson/senton_ws/install/vesc_msgs/share/vesc_msgs/local_setup.zsh
[62.950s] -- Symlinking: /home/jetson/senton_ws/install/vesc_msgs/share/vesc_msgs/local_setup.dsv
[62.979s] -- Symlinking: /home/jetson/senton_ws/install/vesc_msgs/share/vesc_msgs/package.dsv
[63.003s] -- Symlinking: /home/jetson/senton_ws/install/vesc_msgs/share/ament_index/resource_index/packages/vesc_msgs
[63.040s] -- Symlinking: /home/jetson/senton_ws/install/vesc_msgs/share/vesc_msgs/cmake/rosidl_cmake-extras.cmake
[63.066s] -- Symlinking: /home/jetson/senton_ws/install/vesc_msgs/share/vesc_msgs/cmake/ament_cmake_export_dependencies-extras.cmake
[63.091s] -- Symlinking: /home/jetson/senton_ws/install/vesc_msgs/share/vesc_msgs/cmake/ament_cmake_export_libraries-extras.cmake
[63.116s] -- Symlinking: /home/jetson/senton_ws/install/vesc_msgs/share/vesc_msgs/cmake/ament_cmake_export_targets-extras.cmake
[63.140s] -- Symlinking: /home/jetson/senton_ws/install/vesc_msgs/share/vesc_msgs/cmake/ament_cmake_export_include_directories-extras.cmake
[63.162s] -- Symlinking: /home/jetson/senton_ws/install/vesc_msgs/share/vesc_msgs/cmake/rosidl_cmake_export_typesupport_libraries-extras.cmake
[63.185s] -- Symlinking: /home/jetson/senton_ws/install/vesc_msgs/share/vesc_msgs/cmake/rosidl_cmake_export_typesupport_targets-extras.cmake
[63.216s] -- Symlinking: /home/jetson/senton_ws/install/vesc_msgs/share/vesc_msgs/cmake/vesc_msgsConfig.cmake
[63.241s] -- Symlinking: /home/jetson/senton_ws/install/vesc_msgs/share/vesc_msgs/cmake/vesc_msgsConfig-version.cmake
[63.266s] -- Symlinking: /home/jetson/senton_ws/install/vesc_msgs/share/vesc_msgs/package.xml
[63.291s] -- Installing: /home/jetson/senton_ws/install/vesc_msgs/lib/libvesc_msgs__rosidl_generator_c.so
[63.296s] -- Set runtime path of "/home/jetson/senton_ws/install/vesc_msgs/lib/libvesc_msgs__rosidl_generator_c.so" to ""
[63.296s] -- Installing: /home/jetson/senton_ws/install/vesc_msgs/lib/libvesc_msgs__rosidl_typesupport_introspection_c.so
[63.297s] -- Set runtime path of "/home/jetson/senton_ws/install/vesc_msgs/lib/libvesc_msgs__rosidl_typesupport_introspection_c.so" to ""
[63.298s] -- Installing: /home/jetson/senton_ws/install/vesc_msgs/lib/libvesc_msgs__rosidl_typesupport_c.so
[63.299s] -- Set runtime path of "/home/jetson/senton_ws/install/vesc_msgs/lib/libvesc_msgs__rosidl_typesupport_c.so" to ""
[63.299s] -- Installing: /home/jetson/senton_ws/install/vesc_msgs/lib/libvesc_msgs__rosidl_typesupport_introspection_cpp.so
[63.301s] -- Set runtime path of "/home/jetson/senton_ws/install/vesc_msgs/lib/libvesc_msgs__rosidl_typesupport_introspection_cpp.so" to ""
[63.301s] -- Installing: /home/jetson/senton_ws/install/vesc_msgs/lib/libvesc_msgs__rosidl_typesupport_cpp.so
[63.302s] -- Set runtime path of "/home/jetson/senton_ws/install/vesc_msgs/lib/libvesc_msgs__rosidl_typesupport_cpp.so" to ""
[63.924s] Compiling '/home/jetson/senton_ws/install/vesc_msgs/lib/python3.8/site-packages/vesc_msgs/__init__.py'...
[63.945s] -- Installing: /home/jetson/senton_ws/install/vesc_msgs/share/vesc_msgs/cmake/vesc_msgs__rosidl_generator_cExport.cmake
[63.948s] -- Installing: /home/jetson/senton_ws/install/vesc_msgs/share/vesc_msgs/cmake/vesc_msgs__rosidl_generator_cExport-noconfig.cmake
[63.955s] -- Installing: /home/jetson/senton_ws/install/vesc_msgs/share/vesc_msgs/cmake/vesc_msgs__rosidl_typesupport_introspection_cExport.cmake
[63.958s] -- Installing: /home/jetson/senton_ws/install/vesc_msgs/share/vesc_msgs/cmake/vesc_msgs__rosidl_typesupport_introspection_cExport-noconfig.cmake
[63.962s] -- Installing: /home/jetson/senton_ws/install/vesc_msgs/share/vesc_msgs/cmake/vesc_msgs__rosidl_typesupport_cExport.cmake
[63.965s] -- Installing: /home/jetson/senton_ws/install/vesc_msgs/share/vesc_msgs/cmake/vesc_msgs__rosidl_typesupport_cExport-noconfig.cmake
[63.968s] -- Installing: /home/jetson/senton_ws/install/vesc_msgs/share/vesc_msgs/cmake/vesc_msgs__rosidl_generator_cppExport.cmake
[63.969s] -- Installing: /home/jetson/senton_ws/install/vesc_msgs/share/vesc_msgs/cmake/vesc_msgs__rosidl_typesupport_introspection_cppExport.cmake
[63.971s] -- Installing: /home/jetson/senton_ws/install/vesc_msgs/share/vesc_msgs/cmake/vesc_msgs__rosidl_typesupport_introspection_cppExport-noconfig.cmake
[63.977s] -- Installing: /home/jetson/senton_ws/install/vesc_msgs/share/vesc_msgs/cmake/vesc_msgs__rosidl_typesupport_cppExport.cmake
[63.981s] -- Installing: /home/jetson/senton_ws/install/vesc_msgs/share/vesc_msgs/cmake/vesc_msgs__rosidl_typesupport_cppExport-noconfig.cmake
[64.723s] Invoked command in '/home/jetson/senton_ws/build/vesc_msgs' returned '0': CMAKE_PREFIX_PATH=${CMAKE_PREFIX_PATH}:/home/jetson/senton_ws/install/f1tenth_stack:/home/jetson/senton_ws/install/joy_teleop:/home/jetson/senton_ws/install/mouse_teleop:/home/jetson/senton_ws/install/key_teleop:/opt/ros/foxy /usr/bin/cmake --install /home/jetson/senton_ws/build/vesc_msgs
